1




















                      INPUT DATA FOR   3 BODIES (A CONSISTANT SET OF UNITS MUST BE USED) 

                         (QUANTITY)      (ENGLISH)           (SI)         (SYMBOL)
                          LENGTH           FOOT            METER             L
                          FORCE            POUND           NEWTON            F
                          TIME             SECOND          SECOND            T
                          MASS             SLUG            KILOGRAM          M
                          ANGLE            RADIAN          RADIAN            R


1
     BODY NUMBER  1  (RIGID BODY)     MAIN BODY OF AE WITH DESPUN WHEEL (UNITS,INCH-POUNDS-SEC)          

          TOTAL MASS OF BODY  1 =0.34600D+01 (M) 


                           0.88260D+03 0.00000D+00-0.10000D+02   BODY  1 COORDINATES 
          INERTIA TENSOR = 0.00000D+00 0.88260D+03 0.00000D+00      UNITS 
                          -0.10000D+02 0.00000D+00 0.90795D+03     (M*L**2) 


          CENTER OF MASS OF BODY 1 CAN TRANSLATE AND ROTATE ININTERTIAL SPACE 
             (TRANSLATIONAL CONDITIONS GIVEN AFTER BODY  3DATA)


          TRANSFORMATION MATRIX   0.10000D+01 0.00000D+00 0.00000D+00     DEFINES NOMINAL RELATIVE 
             BODY  1 TO         = 0.00000D+00 0.10000D+01 0.00000D+00            ORIENTATION
              INERTIAL            0.00000D+00 0.00000D+00 0.10000D+01       OF BODY FIXED AXES


          COMPONENTS OF VECTOR FROM         0.00000D+00    (BODY  1 FIXED 
           HINGE POINT  0 TO CENTER         0.00000D+00      COORDINATES)
           OF MASS OF BODY  1               0.00000D+00          (L)


          COMPONENTS OF VECTOR FROM         0.00000D+00    (INERTIAL
           INERTIAL ORIGIN TO CENTER        0.00000D+00         COORDINATES)
           OF MASS OF BODY 1                0.00000D+00          (L)


          THREE DEGREES OF FREEDOM AT HINGE POINT  0

          COMPONENTS OF FREE    0.10000D+01      COMPONENTS OF FREE    0.00000D+00
           VECTOR  1 FIXED    = 0.00000D+00       VECTOR  3 FIXED    = 0.00000D+00
            INERTIALLY          0.00000D+00       IN BODY  1           0.10000D+01


           COMPONENTS OF FREE VECTOR  2 DEFINED INTERNALLY BY VECTOR CROSS PRODUCT 

                 INITIAL CONDITIONS ABOUT FREE AXES (RAD,RAD/SEC)

               THA( 1) = 0.00000D+00    THAD( 1) = 0.00000D+00
               THA( 2) = 0.00000D+00    THAD( 2) = 0.00000D+00
               THA( 3) = 0.00000D+00    THAD( 3) = 0.42000D+00
1
     BODY NUMBER  2  (RIGID BODY)     GIMBAL ARM WHICH SUPPORTS EUV                                      

          TOTAL MASS OF BODY  2 =0.60600D-01 (M) 


                           0.15000D+01 0.00000D+00 0.00000D+00   BODY  2 COORDINATES 
          INERTIA TENSOR = 0.00000D+00 0.27300D+01 0.00000D+00      UNITS 
                           0.00000D+00 0.00000D+00 0.18600D+01     (M*L**2) 


          BODY  2 CONNECTED TO BODY  1 AT HINGE POINT  1

          TRANSFORMATION MATRIX   0.10000D+01 0.00000D+00 0.00000D+00     DEFINES NOMINAL RELATIVE 
             BODY  2 TO         = 0.00000D+00 0.10000D+01 0.00000D+00            ORIENTATION
             BODY  1              0.00000D+00 0.00000D+00 0.10000D+01       OF BODY FIXED AXES


          COMPONENTS OF VECTOR FROM         0.00000D+00    (BODY  2 FIXED 
           HINGE POINT  1 TO CENTER         0.00000D+00      COORDINATES)
           OF MASS OF BODY  2               0.00000D+00          (L)


          COMPONENTS OF VECTOR FROM         0.20000D+00    (BODY  1 FIXED 
           HINGE POINT  0 TO HINGE          0.00000D+00      COORDINATES) 
           POINT  1                         0.20000D+02          (L)


          ONE DEGREE OF FREEDOM AT HINGE POINT  1

          COMPONENTS OF FREE    0.00000D+00
           VECTOR  4 FIXED    = 0.00000D+00
           IN BODY  1           0.10000D+01


          COMPONENTS OF LOCKED  0.00000D+00
           VECTOR  1 FIXED    = 0.10000D+01
           IN BODY  2           0.00000D+00


          COMPONENTS OF LOCKED VECTOR  2 DEFINED INTERNALLYBY VECTOR CROSS PRODUCT 


                 INITIAL CONDITIONS ABOUT FREE AXES (RAD,RAD/SEC)

               THA( 4) = 0.72722D-02    THAD( 4) = 0.00000D+00
1
     BODY NUMBER  3  (RIGID BODY)     EUV EXPERIMENT PACKAGE                                             

          TOTAL MASS OF BODY  3 =0.51300D-01 (M) 


                           0.84000D+00 0.00000D+00 0.00000D+00   BODY  3 COORDINATES 
          INERTIA TENSOR = 0.00000D+00 0.87800D+00-0.18200D+00      UNITS 
                           0.00000D+00-0.18200D+00 0.80000D+00     (M*L**2) 


          BODY  3 CONNECTED TO BODY  2 AT HINGE POINT  2

          TRANSFORMATION MATRIX   0.10000D+01 0.00000D+00 0.00000D+00     DEFINES NOMINAL RELATIVE 
             BODY  3 TO         = 0.00000D+00 0.10000D+01 0.00000D+00            ORIENTATION
             BODY  2              0.00000D+00 0.00000D+00 0.10000D+01       OF BODY FIXED AXES


          COMPONENTS OF VECTOR FROM         0.20000D-01    (BODY  3 FIXED 
           HINGE POINT  2 TO CENTER         0.00000D+00      COORDINATES)
           OF MASS OF BODY  3               0.00000D+00          (L)


          COMPONENTS OF VECTOR FROM         0.00000D+00    (BODY  2 FIXED 
           HINGE POINT  1 TO HINGE          0.00000D+00      COORDINATES) 
           POINT  2                         0.00000D+00          (L)


          ONE DEGREE OF FREEDOM AT HINGE POINT  2

          COMPONENTS OF FREE    0.10000D+01
           VECTOR  5 FIXED    = 0.00000D+00
           IN BODY  2           0.00000D+00


          COMPONENTS OF LOCKED  0.00000D+00
           VECTOR  3 FIXED    = 0.10000D+01
           IN BODY  3           0.00000D+00


          COMPONENTS OF LOCKED VECTOR  4 DEFINED INTERNALLYBY VECTOR CROSS PRODUCT 


                 INITIAL CONDITIONS ABOUT FREE AXES (RAD,RAD/SEC)

               THA( 5) = 0.78539D+00    THAD( 5) = 0.00000D+00
1
           TRANSLATIONAL CONDITIONS ON CENTER OF MASS OF BODY 1 RELATIVE TO INERTIAL ORIGIN 
                    (MOTION CONSTRAINED ALONG   0 AXES)


               FREE VECTORS ALIGNED WITH INERTIALLY FIXED AXES RESPECTIVELY 



                 INITIAL CONDITIONS ALONG FREE AXES (L,L/T)

               THA( 6) = 0.00000D+00    THAD( 6) = 0.00000D+00
               THA( 7) = 0.00000D+00    THAD( 7) = 0.00000D+00
               THA( 8) = 0.00000D+00    THAD( 8) = 0.00000D+00




          INITIAL CONDITIONS OF ALL DIRECTION COSINE TRANSFORMATION MATRICES COMPUTED
            INTERNALLY FROM THE TRANSFORMATION MATRICES WHICH DEFINE NOMINAL RELATIVE
            ORIENTATION (ZERO INTERNAL STRESS STATE) AND INITIALCONDITIONS FOR
            ROTATION ABOUT THE SPECIFIED FREE VECTORS




           ENTIRE SYSTEM HAS  8 UNCONSTRAINED DEGREES OF FREEDOM 


           ENTIRE SYSTEM HAS  4 LOCKED OR CONSTRAINED DEGREES OF FREEDOM 


1
                      1  MOMENTUM WHEELS IN SYSTEM


          MOMENTUM WHEEL  1 EMBEDDED IN BODY  1                                                                     


               COMPONENTS OF UNIT VECTOR    0.00000D+00 (BODY  1 FIXED
                 ALONG SPIN AXIS OF       = 0.00000D+00   COORDINATES )
                   WHEEL  1                 0.10000D+01


          ROTATIONAL INERTIA ABOUT SPIN AXIS      0.31800D+02  M*L**2 


                          INITIAL CONDITIONS FOR WHEEL  1

                              THAW( 1) =  0.00000D+00 RAD
                             THADW( 1) =  0.26085D+02 RAD/SEC 

          ANGULAR MOMENTUM ABOUT SPIN AXIS = 0.82950D+03 M*L**2/SEC 













          INTEGRATION STEP SIZE FOR FIXED STEP RUNGE KUTTA INTEGRATION (FOURTH ORDER) = 0.50000D-02




          PROGRAM TIME TERMINATOR= 0.20000D+01
1
          COMPUTING FRAME TAKEN TO BE THAT FIXED IN BODY 1



                              TO SPEED UP COMPUTATION VARIOUS TRUNCATED SETS OF BODY LABELS HAVE BEEN DEFINED
                                  THE SPECIFICATION OF THESE SETS PERMITS ENGINEERING JUDGEMENT TO
                                      BE INTRODUCED INTO THE FORMALISM AND MODELLING 



                              BODY LABELS OF BODIES IN NEST  0       3    2    1
                              MOMENTUM WHEEL LABELS IN NEST  0       1
                    PRIME CONTRIBUTORS TO COMPUTATION OF 
                              PSUEDO INERTIA TENSORS                 3    2    1
                              INERTIA CROSS COUPLING                 3    2    1
                              CENTRIPITAL CROSS COUPLING             3    2    1
                              CORIOLIS CROSS COUPLING
                    FOR THE EQUATION OF MOTION OF NEST  0




                              BODY LABELS OF BODIES IN NEST  1       3    2
                              MOMENTUM WHEEL LABELS IN NEST  1
                    PRIME CONTRIBUTORS TO COMPUTATION OF 
                              PSUEDO INERTIA TENSORS                 3    2
                              INERTIA CROSS COUPLING                 3    2
                              CENTRIPITAL CROSS COUPLING             3    2
                              CORIOLIS CROSS COUPLING
                    FOR THE EQUATION OF MOTION OF NEST  1




                              BODY LABELS OF BODIES IN NEST  2       3
                              MOMENTUM WHEEL LABELS IN NEST  2
                    PRIME CONTRIBUTORS TO COMPUTATION OF 
                              PSUEDO INERTIA TENSORS                 3
                              INERTIA CROSS COUPLING                 3
                              CENTRIPITAL CROSS COUPLING             3
                              CORIOLIS CROSS COUPLING
                    FOR THE EQUATION OF MOTION OF NEST  2




1
          RELATIVE ANGULAR DISPLACEMENT BETWEEN BODIES  3 AND  2 IS COMPUTED VIA INTEGRATION OF DIRECTION COSINE EQUATIONS
          RELATIVE ANGULAR DISPLACEMENT BETWEEN BODIES  2 AND  1 IS COMPUTED VIA INTEGRATION OF DIRECTION COSINE EQUATIONS
          RELATIVE ANGULAR DISPLACEMENT BETWEEN BODIES  1 AND  0 IS COMPUTED VIA INTEGRATION OF DIRECTION COSINE EQUATIONS





          THE ELEMENTS OF COLUMN  3 DOWN TO THE DIAGONAL INTHE SYSTEM INERTIA MATRIX OF DYADS ARE ASSUMED TIME VARYING
          THE ELEMENTS OF COLUMN  2 DOWN TO THE DIAGONAL INTHE SYSTEM INERTIA MATRIX OF DYADS ARE ASSUMED TIME VARYING
          THE ELEMENTS OF COLUMN  1 DOWN TO THE DIAGONAL INTHE SYSTEM INERTIA MATRIX OF DYADS ARE ASSUMED TIME VARYING





          VECTORS AND DYADS FIXED IN BODY  3 ARE ASSUMED TIME VARYING IN THE FRAME OF COMPUTATION 
          VECTORS AND DYADS FIXED IN BODY  2 ARE ASSUMED TIME VARYING IN THE FRAME OF COMPUTATION 





          DISPLACEMENT ABOUT OR ALONG FREE VECTOR  1 COMPUTED
          DISPLACEMENT ABOUT OR ALONG FREE VECTOR  2 COMPUTED
          DISPLACEMENT ABOUT OR ALONG FREE VECTOR  3 COMPUTED
          DISPLACEMENT ABOUT OR ALONG FREE VECTOR  4 COMPUTED
          DISPLACEMENT ABOUT OR ALONG FREE VECTOR  5 COMPUTED
          DISPLACEMENT ABOUT OR ALONG FREE VECTOR  6 COMPUTED
          DISPLACEMENT ABOUT OR ALONG FREE VECTOR  7 COMPUTED
          DISPLACEMENT ABOUT OR ALONG FREE VECTOR  8 COMPUTED





          MOMENTUM WHEEL  1 IS ASSUMED TO BE VARIABLE SPEED








  INPUT PARAMETERS FOR AE-C CONTROL SYSTEM STUDY
 GNAZ1 = 0.62000D+05       TAZ1 = 0.10500D+00       TAZ2 = 0.20000D-01      GNAZ4 = 0.14120D+01      GNAZ5 = 0.89100D+00
 GNEL1 = 0.29300D+05       TEL1 = 0.22200D-01      GENL4 = 0.28200D+00      GENL5 = 0.11310D+00
 PKSCT =-0.19650D-01        PT2 = 0.25000D+04        PTS = 0.25000D+01        PTT =-0.24975D+04       PTTS =-0.74925D+05
   PKF = 0.27600D+00        PTF = 0.25000D+00        PKB = 0.46100D+00        PKA = 0.11900D+03       PKTV = 0.24600D+00
 DELAY = 0.15000D+01       CFSW = 0.15700D+00       PRNT = 0.50000D+01      BRATE = 0.42000D+00

  WHEEL BIAS =    0.26085D+02 RAD/SEC 

  DELTA BIAS =    0.78539D+00 RAD 

  COMPONENTS OF UNIT VECTOR TO SUN,(INERTIAL FRAME) =    0.00000D+00    0.70711D+00    0.70711D+00
1 TIME =     0.00000D+00

  CENTER OF MASS =   0.65528074D-02   0.20888635D-05   0.62655729D+00

   TOTAL SYSTEM MASS =   0.35719000D+01

                            0.92829784D+03  -0.10262310D-01  -0.10453738D+02
  SYSTEM INERTIA TENSOR =  -0.10262310D-01   0.92971344D+03   0.38851448D-01
                           -0.10453738D+02   0.38851448D-01   0.91047175D+03
  
  ANGULAR MOMENTUM =       0.12119092D+04

   HBODY    =   -0.43967293D+01   0.16315645D-01   0.12119012D+04
   HINERT   =   -0.43967293D+01   0.16315645D-01   0.12119012D+04

  LINEAR MOMENTUM =       0.98305091D-02

   LBODY    =   -0.31337088D-05   0.98305086D-02   0.00000000D+00

  KINETIC ENERGY =       0.10899096D+05

   BODY  1    ROMC =   0.00000000D+00   0.00000000D+00   0.42000000D+00   FOMC =   0.00000000D+00   0.00000000D+00   0.42000000D+00
              ACC =   -0.28249313D-02   0.22940399D-02  -0.21912233D+00
              ETC =    0.68525708D-02   0.18466263D+01  -0.66174449D-23   PHI =    0.00000000D+00   0.00000000D+00   0.00000000D+00
              CAC =    0.00000000D+00   0.00000000D+00   0.00000000D+00   CBC =    0.00000000D+00   0.00000000D+00   0.00000000D+00
              POS =    0.00000000D+00   0.00000000D+00   0.00000000D+00   VEL =    0.00000000D+00   0.00000000D+00   0.00000000D+00
              XMC =    0.10000000D+01   0.00000000D+00   0.00000000D+00   XIC =    0.88260000D+03   0.00000000D+00  -0.10000000D+02
              XMC =    0.00000000D+00   0.10000000D+01   0.00000000D+00   XIC =    0.00000000D+00   0.88260000D+03   0.00000000D+00
              XMC =    0.00000000D+00   0.00000000D+00   0.10000000D+01   XIC =   -0.10000000D+02   0.00000000D+00   0.90795000D+03
               HB =   -0.42000000D+01   0.00000000D+00   0.12108420D+04    TK =    0.10898874D+05
               LM =    0.00000000D+00   0.00000000D+00   0.00000000D+00

   BODY  2    ROMC =   0.00000000D+00   0.00000000D+00   0.00000000D+00   FOMC =   0.00000000D+00   0.00000000D+00   0.42000000D+00
              ACC =    0.00000000D+00   0.00000000D+00  -0.72500697D+01
              ETC =    0.68788939D-02   0.50025574D-04  -0.18800000D+02   PHI =    0.00000000D+00   0.00000000D+00  -0.18800000D+02
              CAC =    0.00000000D+00   0.00000000D+00   0.00000000D+00   CBC =    0.20000000D+00   0.00000000D+00   0.20000000D+02
              POS =    0.20000000D+00   0.00000000D+00   0.20000000D+02   VEL =    0.00000000D+00   0.84000000D-01   0.00000000D+00
              XMC =    0.99997356D+00  -0.72721359D-02   0.00000000D+00   XIC =    0.15000650D+01  -0.89444906D-02   0.00000000D+00
              XMC =    0.72721359D-02   0.99997356D+00   0.00000000D+00   XIC =   -0.89444906D-02   0.27299350D+01   0.00000000D+00
              XMC =    0.00000000D+00   0.00000000D+00   0.10000000D+01   XIC =    0.00000000D+00   0.00000000D+00   0.18600000D+01
               HB =   -0.10180800D+00   0.00000000D+00   0.78221808D+00    TK =    0.16426580D+00
               LM =    0.00000000D+00   0.50904000D-02   0.00000000D+00

   BODY  3    ROMC =   0.00000000D+00   0.00000000D+00   0.00000000D+00   FOMC =   0.00000000D+00   0.00000000D+00   0.42000000D+00
              ACC =    0.22910019D+00   0.16660918D-02   0.00000000D+00
              ETC =    0.19008536D+00   0.13823631D-02  -0.26323154D-06   PHI =    0.18320646D+00   0.13323375D-02   0.00000000D+00
              CAC =    0.19999471D-01   0.14544272D-03   0.00000000D+00   CBC =    0.00000000D+00   0.00000000D+00   0.00000000D+00
              POS =    0.21999947D+00   0.14544272D-03   0.20000000D+02   VEL =   -0.61085942D-04   0.92399778D-01   0.00000000D+00
              XMC =    0.99997356D+00  -0.51422186D-02   0.51421346D-02   XIC =    0.84000957D+00  -0.13162264D-02  -0.28359169D-03
              XMC =    0.72721359D-02   0.70709386D+00  -0.70708231D+00   XIC =   -0.13162264D-02   0.10209911D+01   0.38995997D-01
              XMC =    0.00000000D+00   0.70710101D+00   0.70711255D+00   XIC =   -0.28359169D-03   0.38995997D-01   0.65699936D+00
               HB =   -0.94921281D-01   0.16315645D-01   0.27698255D+00    TK =    0.58166336D-01
               LM =   -0.31337088D-05   0.47401086D-02   0.00000000D+00

   ORIGIN    FOMC =    0.00000000D+00   0.00000000D+00   0.00000000D+00   ACC =   -0.29703435D-03   0.17487237D-02   0.15038303D-04
              ETC =    0.41288136D-02   0.13161577D-05   0.00000000D+00   PHI =    0.00000000D+00   0.00000000D+00   0.00000000D+00
              CBC =    0.65528074D-02   0.20888635D-05   0.62655729D+00
              XMC =    0.10000000D+01   0.00000000D+00   0.00000000D+00
              XMC =    0.00000000D+00   0.10000000D+01   0.00000000D+00
              XMC =    0.00000000D+00   0.00000000D+00   0.10000000D+01
  
   HMOM( 1) =    0.82950300D+03          CLM( 1) =    0.21075699D+03
  
   THA( 1) = 0.000000D+00   THAD( 1) = 0.000000D+00   THADD( 1) =-0.282493D-02   QFC( 1) = 0.100000D+01 0.000000D+00 0.000000D+00
   THA( 2) = 0.000000D+00   THAD( 2) = 0.000000D+00   THADD( 2) = 0.229404D-02   QFC( 2) = 0.000000D+00 0.100000D+01 0.000000D+00
   THA( 3) = 0.000000D+00   THAD( 3) = 0.420000D+00   THADD( 3) =-0.219122D+00   QFC( 3) = 0.000000D+00 0.000000D+00 0.100000D+01
   THA( 4) = 0.727220D-02   THAD( 4) = 0.000000D+00   THADD( 4) =-0.725007D+01   QFC( 4) = 0.000000D+00 0.000000D+00 0.100000D+01
   THA( 5) = 0.785390D+00   THAD( 5) = 0.000000D+00   THADD( 5) = 0.229106D+00   QFC( 5) = 0.999974D+00 0.727214D-02 0.000000D+00
   THA( 6) = 0.000000D+00   THAD( 6) = 0.000000D+00   THADD( 6) =-0.297034D-03   QFC( 6) = 0.100000D+01 0.000000D+00 0.000000D+00
   THA( 7) = 0.000000D+00   THAD( 7) = 0.000000D+00   THADD( 7) = 0.174872D-02   QFC( 7) = 0.000000D+00 0.100000D+01 0.000000D+00
   THA( 8) = 0.000000D+00   THAD( 8) = 0.000000D+00   THADD( 8) = 0.150383D-04   QFC( 8) = 0.000000D+00 0.000000D+00 0.100000D+01
1
            T          HMG         TKIN      FOMC(1) FOMC(2)      FOMC(3)      SUN3(1)      SUN3(2)      SUN3(3) ANUTAT 
       THA(1)      THAD(1)       THA(2)      THAD(2)  THA(3)      THAD(3)          EAZ         EAZD          EEL   EELD 
 AZIMUTH-  U2           U4           U5           U6      U7          U10       THA(4)      THAD(4) 
 ELEVATION-U2           U3           U5        TQ(4)      U7          U10       THA(5)      THAD(5) 
 PITCH-    U2        TQ(1)           U5           U7      U8          U10     THADW(1)         ISWH  
      SUND(1)      SUND(2)      SUND(3)      SUN3(1) SUN3(2)      SUN3(3)     SUND3(1)     SUND3(2)     SUND3(3)  
      SUN2(1)      SUN2(2)      SUN2(3)     SUNDD(1)SUNDD(2)     SUNDD(3)         EAZC        EAZCD 
   
  0.000000D+00 0.121191D+04 0.108991D+05 0.000000D+00 0.000000D+00 0.420000D+00 0.514218D-02 0.999987D+00 0.213845D-04 0.362797D-02
  0.000000D+00 0.000000D+00 0.000000D+00 0.000000D+00 0.000000D+00 0.420000D+00-0.514220D-02-0.296981D+00 0.213845D-04 0.152714D-02
 -0.514220D-02-0.727220D-02 0.201009D+02-0.102024D+03 0.000000D+00-0.188000D+02 0.727220D-02 0.000000D+00
  0.213845D-04 0.161991D+01 0.000000D+00 0.000000D+00 0.000000D+00 0.183211D+00 0.785390D+00 0.000000D+00
  0.000000D+00 0.000000D+00 0.000000D+00 0.868761D+03 0.120252D+02 0.210757D+03 0.260850D+02            0
  0.000000D+00 0.296982D+00 0.296987D+00 0.514218D-02 0.999987D+00 0.213845D-04 0.296977D+00-0.152716D-02 0.152714D-02
  0.514218D-02 0.707088D+00 0.707107D+00 0.000000D+00 0.000000D+00 0.420000D+00-0.727220D-02 0.420000D+00
   
  0.250000D-01 0.121191D+04 0.110325D+05-0.654016D-04 0.559565D-04 0.414814D+00 0.109154D-01 0.999940D+00 0.214650D-04 0.362867D-02
 -0.843784D-06-0.659818D-04 0.699257D-06 0.552710D-04 0.104340D-01 0.414814D+00-0.109156D-01-0.164897D+00 0.214650D-04-0.952873D-03
 -0.109156D-01-0.154374D-01 0.527521D+01-0.159191D+03-0.256340D+00-0.188000D+02 0.500410D-02-0.181544D+00
  0.214650D-04 0.911756D-02-0.247644D+00-0.374825D-01 0.794994D-03 0.941282D-03 0.785437D+00 0.281913D-02
 -0.660247D-04-0.130494D-06 0.687329D+00 0.786969D+03 0.121003D+02 0.190618D+03 0.262478D+02            0
  0.275401D-02 0.164993D+00 0.164901D+00 0.109154D-01 0.999940D+00 0.214650D-04 0.164887D+00-0.179990D-02-0.952873D-03
  0.109154D-01 0.707022D+00 0.707107D+00-0.651207D-04 0.562830D-04 0.233270D+00-0.154374D-01 0.233215D+00
   
  0.500000D-01 0.121191D+04 0.111539D+05-0.122121D-03 0.109414D-03 0.410176D+00 0.133868D-01 0.999910D+00-0.447079D-05 0.363069D-02
 -0.323530D-05-0.124364D-03 0.273295D-05 0.106857D-03 0.207453D-01 0.410176D+00-0.133872D-01-0.328288D-01-0.447079D-05-0.879979D-03
 -0.133872D-01-0.189330D-01-0.713897D+01-0.189214D+03-0.513454D+00-0.188000D+02-0.180956D-02-0.363636D+00
 -0.447079D-05-0.703385D+00-0.133879D+00-0.747758D-01 0.407219D-03-0.795989D-01 0.785495D+00 0.144404D-02
 -0.254739D-03-0.101371D-05 0.131331D+01 0.712476D+03 0.121681D+02 0.172276D+03 0.263950D+02            0
  0.132172D-02 0.329894D-01 0.328286D-01 0.133868D-01 0.999910D+00-0.447079D-05 0.328258D-01-0.439476D-03-0.879979D-03
  0.133868D-01 0.706978D+00 0.707109D+00-0.122319D-03 0.109193D-03 0.465404D-01-0.189330D-01 0.464335D-01
   
  0.750000D-01 0.121191D+04 0.112642D+05-0.173482D-03 0.160673D-03 0.406039D+00 0.125568D-01 0.999921D+00-0.176911D-04 0.363397D-02
 -0.702594D-05-0.178371D-03 0.601537D-05 0.155228D-03 0.309470D-01 0.406039D+00-0.125571D-01 0.992318D-01-0.176911D-04-0.172076D-03
 -0.125571D-01-0.177591D-01-0.171418D+02-0.184839D+03-0.771273D+00-0.188000D+02-0.131819D-01-0.546227D+00
 -0.176911D-04-0.630278D+00 0.677506D-01-0.642363D-01-0.252639D-03-0.712559D-01 0.785502D+00-0.895883D-03
 -0.553046D-03-0.332296D-05 0.188340D+01 0.644636D+03 0.122294D+02 0.155572D+03 0.265279D+02            0
 -0.107147D-02-0.990266D-01-0.992300D-01 0.125568D-01 0.999921D+00-0.176911D-04-0.992240D-01 0.124603D-02-0.172076D-03
  0.125568D-01 0.706990D+00 0.707112D+00-0.175585D-03 0.158372D-03-0.140189D+00-0.177591D-01-0.140344D+00
   
  0.100000D+00 0.121191D+04 0.113643D+05-0.221694D-03 0.209973D-03 0.402356D+00 0.842544D-02 0.999965D+00-0.140872D-04 0.363841D-02
 -0.121352D-04-0.230124D-03 0.104702D-04 0.200698D-03 0.410510D-01 0.402356D+00-0.842554D-02 0.231299D+00-0.140872D-04 0.433634D-03
 -0.842554D-02-0.119158D-01-0.247333D+02-0.138828D+03-0.102973D+01-0.188000D+02-0.291247D-01-0.729274D+00
 -0.140872D-04-0.130693D+00 0.179946D+00-0.192978D-01-0.607029D-03-0.147127D-01 0.785460D+00-0.215259D-02
 -0.949023D-03-0.765213D-05 0.240255D+01 0.582856D+03 0.122846D+02 0.140361D+03 0.266478D+02            0
 -0.238030D-02-0.231036D+00-0.231296D+00 0.842544D-02 0.999965D+00-0.140872D-04-0.231291D+00 0.194880D-02 0.433634D-03
  0.842544D-02 0.707048D+00 0.707115D+00-0.227715D-03 0.203428D-03-0.326918D+00-0.119158D-01-0.327119D+00
   
  0.125000D+00 0.121191D+04 0.114551D+05-0.268250D-03 0.257587D-03 0.399087D+00 0.992170D-03 0.100000D+01 0.320087D-05 0.364398D-02
 -0.185252D-04-0.281049D-03 0.160285D-04 0.243558D-03 0.510682D-01 0.399087D+00-0.992170D-03 0.363370D+00 0.320087D-05 0.938934D-03
 -0.992170D-03-0.140317D-02-0.299136D+02-0.439564D+02-0.128878D+01-0.188000D+02-0.496490D-01-0.912735D+00
  0.320087D-05 0.704524D+00 0.859201D-01 0.187840D-01-0.287196D-03 0.797142D-01 0.785414D+00-0.101843D-02
 -0.143181D-02-0.145230D-04 0.287529D+01 0.526600D+03 0.123345D+02 0.126509D+03 0.267559D+02            0
 -0.129913D-02-0.363037D+00-0.363371D+00 0.992170D-03 0.100000D+01 0.320087D-05-0.363369D+00 0.360521D-03 0.938934D-03
  0.992170D-03 0.707093D+00 0.707120D+00-0.280703D-03 0.243956D-03-0.513648D+00-0.140317D-02-0.513891D+00
   
  0.150000D+00 0.121191D+04 0.115373D+05-0.316985D-03 0.293152D-03 0.395496D+00-0.829423D-02 0.999966D+00 0.246202D-04 0.365050D-02
 -0.262099D-04-0.334267D-03 0.225384D-04 0.273282D-03 0.610026D-01 0.395496D+00 0.829433D-02 0.323064D+00 0.246202D-04 0.270155D-03
  0.829433D-02 0.117304D-01-0.198954D+02 0.586636D+02-0.120321D+01 0.188000D+02-0.727105D-01-0.852135D+00
  0.246202D-04 0.897096D+00-0.240900D+00-0.285488D-02 0.773818D-03 0.101374D+00 0.785434D+00 0.274404D-02
 -0.199740D-02-0.243997D-04 0.330574D+01 0.475375D+03 0.123797D+02 0.113897D+03 0.268539D+02            0
  0.240659D-02-0.322714D+00-0.323072D+00-0.829423D-02 0.999966D+00 0.246202D-04-0.323053D+00-0.267957D-02 0.270155D-03
 -0.829423D-02 0.707040D+00 0.707125D+00-0.337444D-03 0.269349D-03-0.456639D+00 0.117304D-01-0.456913D+00
   
  0.175000D+00 0.121191D+04 0.116116D+05-0.362439D-03 0.320961D-03 0.391875D+00-0.147199D-01 0.999892D+00 0.136107D-04 0.365765D-02
 -0.352038D-04-0.384249D-03 0.296415D-04 0.294500D-03 0.708441D-01 0.391875D+00 0.147205D-01 0.191031D+00 0.136107D-04-0.919417D-03
  0.143100D-01 0.208194D-01-0.459717D+01 0.913583D+02-0.934441D+00 0.188000D+02-0.916338D-01-0.661786D+00
  0.136107D-04-0.199251D+00-0.367632D+00-0.763218D-01 0.116096D-02-0.226666D-01 0.785528D+00 0.411687D-02
 -0.265594D-02-0.377753D-04 0.369767D+01 0.428733D+03 0.124205D+02 0.102413D+03 0.269425D+02            0
  0.372659D-02-0.190678D+00-0.191033D+00-0.147199D-01 0.999892D+00 0.136107D-04-0.191010D+00-0.281195D-02-0.919417D-03
 -0.147199D-01 0.706929D+00 0.707132D+00-0.390288D-03 0.286449D-03-0.269910D+00 0.208194D-01-0.270205D+00
   
  0.200000D+00 0.121191D+04 0.116787D+05-0.402381D-03 0.346614D-03 0.388568D+00-0.178451D-01 0.999841D+00-0.991659D-05 0.366532D-02
 -0.453780D-04-0.428981D-03 0.372415D-04 0.313092D-03 0.805990D-01 0.388568D+00 0.178461D-01 0.590206D-01-0.991659D-05-0.811112D-03
  0.143100D-01 0.252406D-01 0.829092D+01 0.122741D+03-0.666111D+00 0.188000D+02-0.105802D+00-0.471750D+00
 -0.991659D-05-0.818152D+00-0.217463D+00-0.126943D+00 0.646961D-03-0.926062D-01 0.785613D+00 0.229419D-02
 -0.340103D-02-0.551474D-04 0.405452D+01 0.386267D+03 0.124572D+02 0.919572D+02 0.270222D+02            0
  0.185745D-02-0.586179D-01-0.590200D-01-0.178451D-01 0.999841D+00-0.991659D-05-0.590112D-01-0.105324D-02-0.811112D-03
 -0.178451D-01 0.706849D+00 0.707139D+00-0.436735D-03 0.302182D-03-0.831826D-01 0.252406D-01-0.834957D-01
   
  0.225000D+00 0.121191D+04 0.117392D+05-0.438901D-03 0.370475D-03 0.385545D+00-0.176707D-01 0.999844D+00-0.232367D-04 0.367347D-02
 -0.566263D-04-0.470513D-03 0.452770D-04 0.329399D-03 0.902748D-01 0.385545D+00 0.176716D-01-0.729769D-01-0.232367D-04-0.237164D-03
  0.143100D-01 0.249941D-01 0.187688D+02 0.154119D+03-0.398184D+00 0.188000D+02-0.115224D+00-0.282000D+00
 -0.232367D-04-0.835100D+00 0.292260D-01-0.118709D+00-0.164261D-03-0.944313D-01 0.785634D+00-0.582486D-03
 -0.422519D-02-0.769646D-04 0.437938D+01 0.347605D+03 0.124902D+02 0.824383D+02 0.270937D+02            0
 -0.106107D-02 0.734588D-01 0.729752D-01-0.176707D-01 0.999844D+00-0.232367D-04 0.729655D-01 0.128955D-02-0.237164D-03
 -0.176707D-01 0.706846D+00 0.707147D+00-0.478584D-03 0.317559D-03 0.103545D+00 0.249941D-01 0.103215D+00
   
  0.250000D+00 0.121191D+04 0.117936D+05-0.473738D-03 0.392927D-03 0.382781D+00-0.141967D-01 0.999899D+00-0.219678D-04 0.368206D-02
 -0.688914D-04-0.510557D-03 0.536950D-04 0.343731D-03 0.998784D-01 0.382781D+00 0.141971D-01-0.204983D+00-0.219678D-04 0.326240D-03
  0.141971D-01 0.200799D-01 0.268365D+02 0.146388D+03-0.130623D+00 0.188000D+02-0.119905D+00-0.925090D-01
 -0.219678D-04-0.431450D+00 0.218352D+00-0.619662D-01-0.769028D-03-0.487100D-01 0.785590D+00-0.272705D-02
 -0.512163D-02-0.103630D-03 0.467511D+01 0.312410D+03 0.125197D+02 0.737730D+02 0.271578D+02            0
 -0.324439D-02 0.205528D+00 0.204978D+00-0.141967D-01 0.999899D+00-0.219678D-04 0.204962D+00 0.291008D-02 0.326240D-03
 -0.141967D-01 0.706916D+00 0.707155D+00-0.517337D-03 0.333438D-03 0.290272D+00 0.200799D-01 0.289928D+00
   
  0.275000D+00 0.121191D+04 0.118425D+05-0.508220D-03 0.414266D-03 0.380253D+00-0.742225D-02 0.999972D+00-0.738033D-05 0.369103D-02
 -0.821526D-04-0.550418D-03 0.624489D-04 0.356293D-03 0.109416D+00 0.380253D+00 0.742232D-02-0.337005D+00-0.738033D-05 0.834531D-03
  0.742232D-02 0.104977D-01 0.324941D+02 0.721040D+02 0.136607D+00 0.188000D+02-0.119851D+00 0.967472D-01
 -0.738033D-05 0.326586D+00 0.229898D+00 0.570703D-02-0.785681D-03 0.370257D-01 0.785515D+00-0.278610D-02
 -0.608417D-02-0.135504D-03 0.494429D+01 0.280374D+03 0.125462D+02 0.658856D+02 0.272152D+02            0
 -0.334021D-02 0.337578D+00 0.337003D+00-0.742225D-02 0.999972D+00-0.738033D-05 0.336996D+00 0.250135D-02 0.834531D-03
 -0.742225D-02 0.707010D+00 0.707165D+00-0.554106D-03 0.350530D-03 0.477001D+00 0.104977D-01 0.476644D+00
   
  0.300000D+00 0.121191D+04 0.118860D+05-0.541380D-03 0.440691D-03 0.378331D+00 0.216933D-02 0.999998D+00 0.187866D-04 0.370040D-02
 -0.964135D-04-0.589830D-03 0.715267D-04 0.373364D-03 0.118895D+00 0.378331D+00-0.216933D-02-0.372843D+00 0.187866D-04 0.101432D-02
 -0.216933D-02-0.306820D-02 0.283682D+02-0.336485D+02 0.210918D+00-0.188000D+02-0.115755D+00 0.149375D+00
  0.187866D-04 0.121022D+01-0.408320D-01 0.296317D-01 0.108415D-03 0.136864D+00 0.785478D+00 0.384451D-03
 -0.710521D-02-0.172909D-03 0.518928D+01 0.251216D+03 0.125696D+02 0.587070D+02 0.272660D+02            0
 -0.204204D-03 0.373440D+00 0.372850D+00 0.216933D-02 0.999998D+00 0.187866D-04 0.372842D+00-0.808838D-03 0.101432D-02
  0.216933D-02 0.707035D+00 0.707175D+00-0.588655D-03 0.375214D-03 0.527707D+00-0.306820D-02 0.527333D+00
   
  0.325000D+00 0.121191D+04 0.119241D+05-0.569466D-03 0.476490D-03 0.377287D+00 0.983945D-02 0.999952D+00 0.240483D-04 0.371044D-02
 -0.111616D-03-0.625767D-03 0.811928D-04 0.399687D-03 0.128340D+00 0.377287D+00-0.983960D-02-0.240780D+00 0.240483D-04-0.553050D-03
 -0.983960D-02-0.139171D-01 0.121585D+02-0.107176D+03-0.512691D-01-0.188000D+02-0.114341D+00-0.363096D-01
  0.240483D-04 0.344877D+00-0.319073D+00-0.231281D-01 0.100077D-02 0.388924D-01 0.785534D+00 0.354883D-02
 -0.816037D-02-0.216071D-03 0.541220D+01 0.224683D+03 0.125902D+02 0.521749D+02 0.273106D+02            0
  0.292872D-02 0.241429D+00 0.240786D+00 0.983945D-02 0.999952D+00 0.240483D-04 0.240768D+00-0.236913D-02-0.553050D-03
  0.983945D-02 0.706959D+00 0.707186D+00-0.620111D-03 0.408407D-03 0.340977D+00-0.139171D-01 0.340578D+00
   
  0.350000D+00 0.121191D+04 0.119580D+05-0.593308D-03 0.511063D-03 0.376420D+00 0.142080D-01 0.999899D+00 0.248252D-05 0.372120D-02
 -0.127669D-03-0.657869D-03 0.915005D-04 0.424745D-03 0.137761D+00 0.376420D+00-0.142085D-01-0.108735D+00 0.248252D-05-0.942857D-03
 -0.142085D-01-0.200971D-01-0.164033D+01-0.157727D+03-0.313707D+00-0.188000D+02-0.117572D+00-0.222172D+00
  0.248252D-05-0.540553D+00-0.292120D+00-0.904386D-01 0.887366D-03-0.612369D-01 0.785624D+00 0.314669D-02
 -0.923938D-02-0.265098D-03 0.561501D+01 0.200543D+03 0.126084D+02 0.462320D+02 0.273501D+02            0
  0.249753D-02 0.109404D+00 0.108736D+00 0.142080D-01 0.999899D+00 0.248252D-05 0.108724D+00-0.154491D-02-0.942857D-03
  0.142080D-01 0.706874D+00 0.707197D+00-0.649161D-03 0.437939D-03 0.154248D+00-0.200971D-01 0.153824D+00
   
  0.375000D+00 0.121191D+04 0.119881D+05-0.614407D-03 0.544756D-03 0.375716D+00 0.152760D-01 0.999883D+00-0.159527D-04 0.373267D-02
 -0.144490D-03-0.687644D-03 0.102422D-03 0.448777D-03 0.147162D+00 0.375716D+00-0.152766D-01 0.232884D-01-0.159527D-04-0.470737D-03
 -0.143100D-01-0.216083D-01-0.130282D+02-0.170171D+03-0.576372D+00-0.188000D+02-0.125451D+00-0.408195D+00
 -0.159527D-04-0.773610D+00-0.939952D-01-0.113567D+00 0.226324D-03-0.875209D-01 0.785675D+00 0.802566D-03
 -0.103380D-01-0.320064D-03 0.579949D+01 0.178583D+03 0.126245D+02 0.408259D+02 0.273850D+02            0
  0.124826D-03-0.226451D-01-0.232880D-01 0.152760D-01 0.999883D+00-0.159527D-04-0.232856D-01 0.355744D-03-0.470737D-03
  0.152760D-01 0.706840D+00 0.707209D+00-0.677740D-03 0.463599D-03-0.324795D-01-0.216083D-01-0.329284D-01
   
  0.400000D+00 0.121191D+04 0.120147D+05-0.634644D-03 0.577868D-03 0.375158D+00 0.130437D-01 0.999915D+00-0.202445D-04 0.374482D-02
 -0.162047D-03-0.716977D-03 0.113931D-03 0.471854D-03 0.156548D+00 0.375158D+00-0.130441D-01 0.155308D+00-0.202445D-04 0.118598D-03
 -0.130441D-01-0.184507D-01-0.220051D+02-0.158665D+03-0.839244D+00-0.188000D+02-0.137983D+00-0.594365D+00
 -0.202445D-04-0.516022D+00 0.996199D-01-0.855188D-01-0.402857D-03-0.583165D-01 0.785666D+00-0.142857D-02
 -0.114524D-01-0.381019D-03 0.596728D+01 0.158609D+03 0.126386D+02 0.359088D+02 0.274157D+02            0
 -0.213667D-02-0.154701D+00-0.155305D+00 0.130437D-01 0.999915D+00-0.202445D-04-0.155294D+00 0.202580D-02 0.118598D-03
  0.130437D-01 0.706872D+00 0.707221D+00-0.708095D-03 0.485083D-03-0.219207D+00-0.184507D-01-0.219679D+00
   
  0.425000D+00 0.121191D+04 0.120382D+05-0.655377D-03 0.610639D-03 0.374735D+00 0.751103D-02 0.999972D+00-0.105575D-04 0.375766D-02
 -0.180347D-03-0.747230D-03 0.126007D-03 0.494010D-03 0.165921D+00 0.374735D+00-0.751110D-02 0.287335D+00-0.105575D-04 0.645469D-03
 -0.751110D-02-0.106243D-01-0.285713D+02-0.968223D+02-0.110231D+01-0.188000D+02-0.155171D+00-0.780670D+00
 -0.105575D-04 0.110516D+00 0.158126D+00-0.342461D-01-0.580198D-03 0.125650D-01 0.785617D+00-0.205744D-02
 -0.125790D-01-0.447990D-03 0.611985D+01 0.140445D+03 0.126510D+02 0.314373D+02 0.274426D+02            0
 -0.279932D-02-0.286748D+00-0.287332D+00 0.751103D-02 0.999972D+00-0.105575D-04-0.287327D+00 0.215819D-02 0.645469D-03
  0.751103D-02 0.706939D+00 0.707234D+00-0.741876D-03 0.502014D-03-0.405935D+00-0.106243D-01-0.406430D+00
   
  0.450000D+00 0.121191D+04 0.120587D+05-0.678546D-03 0.641388D-03 0.374307D+00-0.125031D-02 0.999999D+00 0.117560D-04 0.377115D-02
 -0.199427D-03-0.779999D-03 0.138620D-03 0.513229D-03 0.175285D+00 0.374308D+00 0.125031D-02 0.388552D+00 0.117560D-04 0.108526D-02
  0.125031D-02 0.176856D-02-0.303044D+02 0.104681D+02-0.130384D+01 0.104888D+02-0.176915D+00-0.923401D+00
  0.117560D-04 0.105037D+01-0.325967D-01-0.805952D-02 0.509488D-04 0.118791D+00 0.785587D+00 0.180670D-03
 -0.137149D-01-0.520985D-03 0.625857D+01 0.123929D+03 0.126619D+02 0.273718D+02 0.274661D+02            0
 -0.600165D-03-0.387979D+00-0.388556D+00-0.125031D-02 0.999999D+00 0.117560D-04-0.388552D+00-0.485823D-03 0.108526D-02
 -0.125031D-02 0.706965D+00 0.707248D+00-0.780835D-03 0.511957D-03-0.549093D+00 0.176856D-02-0.549607D+00
   
  0.475000D+00 0.121191D+04 0.120767D+05-0.708111D-03 0.656822D-03 0.373052D+00-0.937021D-02 0.999956D+00 0.235261D-04 0.378504D-02
 -0.219390D-03-0.816656D-03 0.151486D-03 0.515664D-03 0.184627D+00 0.373053D+00 0.937035D-02 0.258821D+00 0.235261D-04-0.301671D-03
  0.937035D-02 0.132548D-01-0.139522D+02 0.878390D+02-0.104301D+01 0.188000D+02-0.197730D+00-0.738672D+00
  0.235261D-04 0.493091D+00-0.327699D+00-0.510173D-01 0.999653D-03 0.556555D-01 0.785638D+00 0.354487D-02
 -0.148730D-01-0.600030D-03 0.638467D+01 0.108914D+03 0.126717D+02 0.236755D+02 0.274874D+02            0
  0.272153D-02-0.258237D+00-0.258827D+00-0.937021D-02 0.999956D+00 0.235261D-04-0.258810D+00-0.242520D-02-0.301671D-03
 -0.937021D-02 0.706890D+00 0.707262D+00-0.823342D-03 0.504919D-03-0.365620D+00 0.132548D-01-0.366136D+00
   
  0.500000D+00 0.121191D+04 0.120923D+05-0.734316D-03 0.670525D-03 0.371889D+00-0.141902D-01 0.999899D+00 0.505392D-05 0.379911D-02
 -0.240228D-03-0.849777D-03 0.164390D-03 0.516433D-03 0.193939D+00 0.371889D+00 0.141906D-01 0.126806D+00 0.505392D-05-0.934363D-03
  0.141906D-01 0.200741D-01 0.175207D+00 0.142815D+03-0.777702D+00 0.188000D+02-0.213848D+00-0.550781D+00
  0.505392D-05-0.459686D+00-0.339482D+00-0.118916D+00 0.101100D-02-0.521049D-01 0.785734D+00 0.358512D-02
 -0.160614D-01-0.685237D-03 0.649929D+01 0.952634D+02 0.126802D+02 0.203155D+02 0.275058D+02            0
  0.272523D-02-0.126185D+00-0.126807D+00-0.141902D-01 0.999899D+00 0.505392D-05-0.126793D+00-0.179939D-02-0.934363D-03
 -0.141902D-01 0.706794D+00 0.707277D+00-0.859890D-03 0.499413D-03-0.178892D+00 0.200741D-01-0.179409D+00
   
  0.525000D+00 0.121191D+04 0.121057D+05-0.758003D-03 0.682862D-03 0.370817D+00-0.157102D-01 0.999877D+00-0.146053D-04 0.381334D-02
 -0.261857D-03-0.880224D-03 0.177296D-03 0.515825D-03 0.203222D+00 0.370817D+00 0.157108D-01-0.518675D-02-0.146053D-04-0.551940D-03
  0.143100D-01 0.222252D-01 0.118921D+02 0.152123D+03-0.512530D+00 0.188000D+02-0.225270D+00-0.362982D+00
 -0.146053D-04-0.786951D+00-0.151970D+00-0.147965D+00 0.380925D-03-0.890472D-01 0.785798D+00 0.135080D-02
 -0.172778D-01-0.776720D-03 0.660346D+01 0.828570D+02 0.126875D+02 0.172617D+02 0.275216D+02            0
  0.459417D-03 0.589296D-02 0.518666D-02-0.157102D-01 0.999877D+00-0.146053D-04 0.518611D-02 0.814768D-04-0.551940D-03
 -0.157102D-01 0.706747D+00 0.707292D+00-0.891382D-03 0.496294D-03 0.783468D-02 0.222252D-01 0.731843D-02
   
  0.550000D+00 0.121191D+04 0.121172D+05-0.780990D-03 0.694341D-03 0.369827D+00-0.139309D-01 0.999903D+00-0.209869D-04 0.382771D-02
 -0.284233D-03-0.909852D-03 0.190172D-03 0.514027D-03 0.212480D+00 0.369828D+00 0.139314D-01-0.137172D+00-0.209869D-04 0.388848D-04
  0.139314D-01 0.197082D-01 0.211985D+02 0.153780D+03-0.247476D+00 0.188000D+02-0.231998D+00-0.175266D+00
 -0.209869D-04-0.589625D+00 0.545266D-01-0.124001D+00-0.293723D-03-0.666533D-01 0.785800D+00-0.104157D-02
 -0.185199D-01-0.874581D-03 0.669809D+01 0.715839D+02 0.126937D+02 0.144870D+02 0.275351D+02            0
 -0.196128D-02 0.137981D+00 0.137169D+00-0.139309D-01 0.999903D+00-0.209869D-04 0.137159D+00 0.191093D-02 0.388848D-04
 -0.139309D-01 0.706769D+00 0.707308D+00-0.919711D-03 0.496172D-03 0.194561D+00 0.197082D-01 0.194047D+00
   
  0.575000D+00 0.121191D+04 0.121269D+05-0.804601D-03 0.705369D-03 0.368914D+00-0.885206D-02 0.999961D+00-0.131589D-04 0.384219D-02
 -0.307354D-03-0.940018D-03 0.202989D-03 0.511169D-03 0.221714D+00 0.368914D+00 0.885217D-02-0.269164D+00-0.131589D-04 0.576439D-03
  0.885217D-02 0.125229D-01 0.280945D+02 0.993552D+02 0.174723D-01 0.188000D+02-0.234034D+00 0.123742D-01
 -0.131589D-04-0.106065D-01 0.142823D+00-0.710607D-01-0.569896D-03-0.113514D-02 0.785758D+00-0.202091D-02
 -0.197858D-01-0.978907D-03 0.678405D+01 0.613430D+02 0.126989D+02 0.119665D+02 0.275464D+02            0
 -0.296715D-02 0.270061D+00 0.269161D+00-0.885206D-02 0.999961D+00-0.131589D-04 0.269154D+00 0.238267D-02 0.576439D-03
 -0.885206D-02 0.706834D+00 0.707324D+00-0.946244D-03 0.499550D-03 0.381288D+00 0.125229D-01 0.380776D+00
   
  0.600000D+00 0.121191D+04 0.121350D+05-0.829426D-03 0.717325D-03 0.368137D+00-0.504665D-03 0.100000D+01 0.754854D-05 0.385678D-02
 -0.331247D-03-0.971590D-03 0.215724D-03 0.508445D-03 0.230926D+00 0.368137D+00 0.504665D-03-0.384328D+00 0.754854D-05 0.107222D-02
  0.504665D-03 0.713941D-03 0.312509D+02-0.254902D+01 0.248615D+00-0.249269D+01-0.231425D+00 0.176073D+00
  0.754854D-05 0.918611D+00-0.320877D-02-0.351880D-01-0.831413D-04 0.103904D+00 0.785722D+00-0.294827D-03
 -0.210735D-01-0.108977D-02 0.686209D+01 0.520426D+02 0.127032D+02 0.967751D+01 0.275557D+02            0
 -0.126667D-02 0.385298D+00 0.384331D+00-0.504665D-03 0.100000D+01 0.754854D-05 0.384328D+00 0.193949D-03 0.107222D-02
 -0.504665D-03 0.706872D+00 0.707341D+00-0.971843D-03 0.507961D-03 0.544210D+00 0.713941D-03 0.543701D+00
   
  0.625000D+00 0.121191D+04 0.121406D+05-0.848500D-03 0.744321D-03 0.368382D+00 0.771390D-02 0.999970D+00 0.232252D-04 0.387171D-02
 -0.355910D-03-0.100118D-02 0.228587D-03 0.521164D-03 0.240132D+00 0.368382D+00-0.771398D-02-0.263478D+00 0.232252D-04-0.109216D-03
 -0.771398D-02-0.109132D-01 0.155381D+02-0.788884D+02 0.693233D-02-0.188000D+02-0.228990D+00 0.490958D-02
  0.232252D-04 0.609456D+00-0.303693D+00-0.649348D-01 0.886711D-03 0.688292D-01 0.785761D+00 0.314437D-02
 -0.223676D-01-0.120721D-02 0.693291D+01 0.436007D+02 0.127062D+02 0.760005D+01 0.275622D+02            0
  0.214906D-02 0.264429D+00 0.263485D+00 0.771390D-02 0.999970D+00 0.232252D-04 0.263471D+00-0.203245D-02-0.109216D-03
  0.771390D-02 0.706813D+00 0.707358D+00-0.995308D-03 0.532287D-03 0.373291D+00-0.109132D-01 0.372770D+00
   
  0.650000D+00 0.121191D+04 0.121449D+05-0.864757D-03 0.771044D-03 0.368728D+00 0.126504D-01 0.999920D+00 0.768534D-05 0.388716D-02
 -0.381284D-03-0.102828D-02 0.241776D-03 0.533802D-03 0.249346D+00 0.368729D+00-0.126508D-01-0.131469D+00 0.768534D-05-0.890455D-03
 -0.126508D-01-0.178982D-01 0.132440D+01-0.131643D+03-0.257216D+00-0.188000D+02-0.231206D+00-0.182165D+00
  0.768534D-05-0.354025D+00-0.349528D+00-0.128445D+00 0.101059D-02-0.401545D-01 0.785852D+00 0.358364D-02
 -0.236539D-01-0.133116D-02 0.699714D+01 0.359423D+02 0.127084D+02 0.571555D+01 0.275671D+02            0
  0.256521D-02 0.132371D+00 0.131470D+00 0.126504D-01 0.999920D+00 0.768534D-05 0.131458D+00-0.166313D-02-0.890455D-03
  0.126504D-01 0.706724D+00 0.707376D+00-0.101843D-02 0.552367D-03 0.186564D+00-0.178982D-01 0.186029D+00
   
  0.675000D+00 0.121191D+04 0.121479D+05-0.878969D-03 0.797024D-03 0.369126D+00 0.142871D-01 0.999898D+00-0.119399D-04 0.390314D-02
 -0.407309D-03-0.105355D-02 0.255272D-03 0.545778D-03 0.258569D+00 0.369127D+00-0.142876D-01 0.516260D-03-0.119399D-04-0.575842D-03
 -0.142876D-01-0.202147D-01-0.104785D+02-0.155430D+03-0.521436D+00-0.188000D+02-0.238099D+00-0.369289D+00
 -0.119399D-04-0.724402D+00-0.185906D+00-0.160587D+00 0.457443D-03-0.819816D-01 0.785920D+00 0.162214D-02
 -0.249308D-01-0.146149D-02 0.705537D+01 0.289977D+02 0.127100D+02 0.400678D+01 0.275705D+02            0
  0.579985D-03 0.285799D-03-0.516264D-03 0.142871D-01 0.999898D+00-0.119399D-04-0.516207D-03 0.736901D-05-0.575842D-03
  0.142871D-01 0.706674D+00 0.707395D+00-0.104215D-02 0.567229D-03-0.162668D-03-0.202147D-01-0.709160D-03
   
  0.700000D+00 0.121191D+04 0.121500D+05-0.892942D-03 0.822740D-03 0.369571D+00 0.126247D-01 0.999920D+00-0.190166D-04 0.391962D-02
 -0.433962D-03-0.107882D-02 0.269060D-03 0.557129D-03 0.267803D+00 0.369571D+00-0.126250D-01 0.132490D+00-0.190166D-04 0.116978D-04
 -0.126250D-01-0.178627D-01-0.198707D+02-0.143002D+03-0.785721D+00-0.188000D+02-0.249671D+00-0.556459D+00
 -0.190166D-04-0.549577D+00 0.574659D-02-0.143156D+00-0.171284D-03-0.621378D-01 0.785931D+00-0.607392D-03
 -0.261972D-01-0.159810D-02 0.710813D+01 0.227032D+02 0.127110D+02 0.245810D+01 0.275726D+02            0
 -0.167593D-02-0.131813D+00-0.132488D+00 0.126247D-01 0.999920D+00-0.190166D-04-0.132480D+00 0.167265D-02 0.116978D-04
  0.126247D-01 0.706687D+00 0.707414D+00-0.106854D-02 0.576597D-03-0.186889D+00-0.178627D-01-0.187447D+00
   
  0.725000D+00 0.121191D+04 0.121510D+05-0.908035D-03 0.848554D-03 0.370057D+00 0.766302D-02 0.999971D+00-0.117713D-04 0.393662D-02
 -0.461262D-03-0.110550D-02 0.283123D-03 0.567833D-03 0.277048D+00 0.370057D+00-0.766310D-02 0.264466D+00-0.117713D-04 0.555554D-03
 -0.766310D-02-0.108424D-01-0.268523D+02-0.871239D+02-0.105006D+01-0.188000D+02-0.265922D+00-0.743672D+00
 -0.117713D-04 0.164676D-01 0.836613D-01-0.980169D-01-0.417035D-03 0.190966D-02 0.785901D+00-0.147885D-02
 -0.274519D-01-0.174086D-02 0.715591D+01 0.170009D+02 0.127114D+02 0.105522D+01 0.275734D+02            0
 -0.257797D-02-0.263908D+00-0.264463D+00 0.766302D-02 0.999971D+00-0.117713D-04-0.264459D+00 0.202662D-02 0.555554D-03
  0.766302D-02 0.706739D+00 0.707433D+00-0.109912D-02 0.580097D-03-0.373615D+00-0.108424D-01-0.374184D+00
   
  0.750000D+00 0.121191D+04 0.121513D+05-0.926528D-03 0.872376D-03 0.370431D+00-0.491518D-03 0.100000D+01 0.840580D-05 0.395411D-02
 -0.489259D-03-0.113518D-02 0.297438D-03 0.575204D-03 0.286306D+00 0.370431D+00 0.491518D-03 0.359337D+00 0.840580D-05 0.100752D-02
  0.491518D-03 0.695452D-03-0.285197D+02 0.114035D+02-0.124014D+01 0.112655D+02-0.286703D+00-0.878284D+00
  0.840580D-05 0.901644D+00-0.685472D-01-0.701151D-01 0.858063D-04 0.101966D+00 0.785879D+00 0.304278D-03
 -0.286944D-01-0.188966D-02 0.719915D+01 0.118378D+02 0.127113D+02-0.214894D+00 0.275734D+02            0
 -0.831132D-03-0.358873D+00-0.359340D+00-0.491518D-03 0.100000D+01 0.840580D-05-0.359337D+00-0.176629D-03 0.100752D-02
 -0.491518D-03 0.706761D+00 0.707453D+00-0.113541D-02 0.574752D-03-0.507853D+00 0.695452D-03-0.508429D+00
   
  0.775000D+00 0.121191D+04 0.121508D+05-0.953536D-03 0.881199D-03 0.369925D+00-0.787809D-02 0.999969D+00 0.198856D-04 0.397183D-02
 -0.518063D-03-0.116886D-02 0.311699D-03 0.565248D-03 0.295560D+00 0.369926D+00 0.787817D-02 0.229507D+00 0.198856D-04-0.246274D-03
  0.787817D-02 0.111473D-01-0.126904D+02 0.782676D+02-0.980101D+00 0.188000D+02-0.306395D+00-0.694123D+00
  0.198856D-04 0.422457D+00-0.325078D+00-0.102401D+00 0.909484D-03 0.476770D-01 0.785927D+00 0.322512D-02
 -0.299399D-01-0.204438D-02 0.723827D+01 0.716375D+01 0.127113D+02-0.136469D+01 0.275733D+02            0
  0.205020D-02-0.228973D+00-0.229512D+00-0.787809D-02 0.999969D+00 0.198856D-04-0.229500D+00-0.180807D-02-0.246274D-03
 -0.787809D-02 0.706696D+00 0.707473D+00-0.117492D-02 0.552550D-03-0.324197D+00 0.111473D-01-0.324763D+00
   
  0.800000D+00 0.121191D+04 0.121496D+05-0.978191D-03 0.888311D-03 0.369443D+00-0.119657D-01 0.999928D+00 0.374267D-05 0.398956D-02
 -0.547676D-03-0.119969D-02 0.325690D-03 0.553807D-03 0.304802D+00 0.369443D+00 0.119660D-01 0.975241D-01 0.374267D-05-0.818507D-03
  0.119660D-01 0.169322D-01 0.903381D+00 0.121154D+03-0.715762D+00 0.188000D+02-0.321408D+00-0.506914D+00
  0.374267D-05-0.422746D+00-0.329222D+00-0.156872D+00 0.898654D-03-0.479142D-01 0.786014D+00 0.318672D-02
 -0.311979D-01-0.220505D-02 0.727365D+01 0.293385D+01 0.127108D+02-0.240513D+01 0.275723D+02            0
  0.197800D-02-0.968892D-01-0.975245D-01-0.119657D-01 0.999928D+00 0.374267D-05-0.975171D-01-0.116694D-02-0.818507D-03
 -0.119657D-01 0.706618D+00 0.707494D+00-0.120872D-02 0.533809D-03-0.137471D+00 0.169322D-01-0.138026D+00
   
  0.825000D+00 0.121191D+04 0.121479D+05-0.100121D-02 0.894144D-03 0.368988D+00-0.127542D-01 0.999919D+00-0.129384D-04 0.400729D-02
 -0.578030D-03-0.122845D-02 0.339379D-03 0.541145D-03 0.314032D+00 0.368988D+00 0.127546D-01-0.344376D-01-0.129384D-04-0.433717D-03
  0.127546D-01 0.180486D-01 0.120866D+02 0.133210D+03-0.451464D+00 0.188000D+02-0.331741D+00-0.319734D+00
 -0.129384D-04-0.661212D+00-0.164410D+00-0.177358D+00 0.344709D-03-0.748220D-01 0.786071D+00 0.122237D-02
 -0.324675D-01-0.237167D-02 0.730563D+01-0.891601D+00 0.127100D+02-0.334599D+01 0.275705D+02            0
 -0.154664D-04 0.352184D-01 0.344371D-01-0.127542D-01 0.999919D+00-0.129384D-04 0.344348D-01 0.439219D-03-0.433717D-03
 -0.127542D-01 0.706583D+00 0.707515D+00-0.123784D-02 0.519306D-03 0.492543D-01 0.180486D-01 0.487121D-01
   
  0.850000D+00 0.121191D+04 0.121456D+05-0.102426D-02 0.899345D-03 0.368559D+00-0.102440D-01 0.999948D+00-0.164473D-04 0.402500D-02
 -0.609096D-03-0.125689D-02 0.352738D-03 0.527407D-03 0.323252D+00 0.368559D+00 0.102442D-01-0.166391D+00-0.164473D-04 0.150970D-03
  0.102442D-01 0.144966D-01 0.208592D+02 0.107192D+03-0.187203D+00 0.188000D+02-0.337395D+00-0.132580D+00
 -0.164473D-04-0.383705D+00-0.735738D-02-0.154860D+00-0.169490D-03-0.433778D-01 0.786076D+00-0.601030D-03
 -0.337482D-01-0.254427D-02 0.733451D+01-0.434877D+01 0.127088D+02-0.419616D+01 0.275679D+02            0
 -0.186526D-02 0.167336D+00 0.166389D+00-0.102440D-01 0.999948D+00-0.164473D-04 0.166383D+00 0.170452D-02 0.150970D-03
 -0.102440D-01 0.706602D+00 0.707537D+00-0.126423D-02 0.509578D-03 0.235979D+00 0.144966D-01 0.235451D+00
   
  0.875000D+00 0.121191D+04 0.121428D+05-0.104856D-02 0.904412D-03 0.368153D+00-0.443496D-02 0.999990D+00-0.585079D-05 0.404267D-02
 -0.640883D-03-0.128631D-02 0.365741D-03 0.512671D-03 0.332461D+00 0.368154D+00 0.443497D-02-0.298345D+00-0.585079D-05 0.686390D-03
  0.443497D-02 0.627604D-02 0.272212D+02 0.358678D+02 0.770265D-01 0.188000D+02-0.338370D+00 0.545514D-01
 -0.585079D-05 0.275041D+00 0.522393D-02-0.117014D+00-0.204489D-03 0.311303D-01 0.786055D+00-0.725140D-03
 -0.350394D-01-0.272285D-02 0.736057D+01-0.747061D+01 0.127073D+02-0.496377D+01 0.275647D+02            0
 -0.201446D-02 0.299450D+00 0.298343D+00-0.443496D-02 0.999990D+00-0.585079D-05 0.298342D+00 0.132315D-02 0.686390D-03
 -0.443496D-02 0.706640D+00 0.707560D+00-0.128932D-02 0.505060D-03 0.422704D+00 0.627604D-02 0.422191D+00
   
  0.900000D+00 0.121191D+04 0.121389D+05-0.106881D-02 0.920589D-03 0.368438D+00 0.331704D-02 0.999994D+00 0.139829D-04 0.406040D-02
 -0.673411D-03-0.131548D-02 0.378464D-03 0.509263D-03 0.341665D+00 0.368439D+00-0.331705D-02-0.265429D+00 0.139829D-04 0.510241D-03
 -0.331705D-02-0.469419D-02 0.189121D+02-0.420643D+02 0.108825D-01-0.188000D+02-0.336592D+00 0.770716D-02
  0.139829D-04 0.741590D+00-0.203880D+00-0.111205D+00 0.475647D-03 0.838201D-01 0.786063D+00 0.168669D-02
 -0.363349D-01-0.290741D-02 0.738405D+01-0.102864D+02 0.127053D+02-0.565596D+01 0.275603D+02            0
  0.373807D-03 0.266516D+00 0.265433D+00 0.331704D-02 0.999994D+00 0.139829D-04 0.265428D+00-0.880448D-03 0.510241D-03
  0.331704D-02 0.706623D+00 0.707583D+00-0.131288D-02 0.515931D-03 0.376145D+00-0.469419D-02 0.375635D+00
   
  0.925000D+00 0.121191D+04 0.121343D+05-0.108491D-02 0.942730D-03 0.369145D+00 0.830311D-02 0.999966D+00 0.111898D-04 0.407852D-02
 -0.706645D-03-0.134285D-02 0.391237D-03 0.512372D-03 0.350885D+00 0.369145D+00-0.830321D-02-0.133467D+00 0.111898D-04-0.580870D-03
 -0.830321D-02-0.117509D-01 0.466205D+01-0.857883D+02-0.253772D+00-0.188000D+02-0.338742D+00-0.179725D+00
  0.111898D-04-0.499727D-01-0.325862D+00-0.150314D+00 0.855445D-03-0.574866D-02 0.786128D+00 0.303349D-02
 -0.376151D-01-0.309785D-02 0.740516D+01-0.128213D+02 0.127028D+02-0.627891D+01 0.275548D+02            0
  0.169696D-02 0.134411D+00 0.133468D+00 0.830311D-02 0.999966D+00 0.111898D-04 0.133462D+00-0.110818D-02-0.580870D-03
  0.830311D-02 0.706558D+00 0.707606D+00-0.133653D-02 0.528640D-03 0.189420D+00-0.117509D-01 0.188906D+00
   
  0.950000D+00 0.121191D+04 0.121293D+05-0.109927D-02 0.963975D-03 0.369868D+00 0.999041D-02 0.999950D+00-0.503322D-05 0.409705D-02
 -0.740538D-03-0.136845D-02 0.404077D-03 0.514767D-03 0.360123D+00 0.369869D+00-0.999057D-02-0.152591D-02-0.503322D-05-0.561871D-03
 -0.999057D-02-0.141395D-01-0.717743D+01-0.100658D+03-0.518448D+00-0.188000D+02-0.345578D+00-0.367173D+00
 -0.503322D-05-0.512948D+00-0.237530D+00-0.181546D+00 0.548645D-03-0.580765D-01 0.786194D+00 0.194555D-02
 -0.388775D-01-0.329404D-02 0.742411D+01-0.151000D+02 0.127001D+02-0.683883D+01 0.275490D+02            0
  0.584728D-03 0.228499D-02 0.152590D-02 0.999041D-02 0.999950D+00-0.503322D-05 0.152583D-02-0.152473D-04-0.561871D-03
  0.999041D-02 0.706512D+00 0.707630D+00-0.136082D-02 0.534615D-03 0.269513D-02-0.141395D-01 0.217905D-02
   
  0.975000D+00 0.121191D+04 0.121241D+05-0.111340D-02 0.984923D-03 0.370607D+00 0.837953D-02 0.999965D+00-0.127066D-04 0.411599D-02
 -0.775066D-03-0.139390D-02 0.416969D-03 0.516513D-03 0.369378D+00 0.370607D+00-0.837962D-02 0.130400D+00-0.127066D-04-0.250620D-04
 -0.837962D-02-0.118599D-01-0.166064D+02-0.794319D+02-0.783146D+00-0.188000D+02-0.357101D+00-0.554636D+00
 -0.127066D-04-0.388605D+00-0.998215D-01-0.177358D+00 0.914601D-04-0.439616D-01 0.786221D+00 0.324327D-03
 -0.401215D-01-0.349580D-02 0.744110D+01-0.171458D+02 0.126972D+02-0.734136D+01 0.275426D+02            0
 -0.106313D-02-0.129858D+00-0.130399D+00 0.837953D-02 0.999965D+00-0.127066D-04-0.130396D+00 0.109269D-02-0.250620D-04
  0.837953D-02 0.706509D+00 0.707655D+00-0.138745D-02 0.533587D-03-0.184029D+00-0.118599D-01-0.184547D+00
   
  0.100000D+01 0.121191D+04 0.121186D+05-0.112879D-02 0.100603D-02 0.371353D+00 0.347060D-02 0.999994D+00-0.617011D-05 0.413533D-02
 -0.810245D-03-0.142073D-02 0.429897D-03 0.517486D-03 0.378653D+00 0.371354D+00-0.347061D-02 0.260803D+00-0.617011D-05 0.542342D-03
 -0.347061D-02-0.491217D-02-0.235028D+02-0.151547D+02-0.104482D+01-0.125719D+02-0.373310D+00-0.739959D+00
 -0.617011D-05 0.171987D+00-0.692980D-01-0.153490D+00-0.802497D-05 0.194527D-01 0.786221D+00-0.284573D-04
 -0.413470D-01-0.370298D-02 0.745630D+01-0.189794D+02 0.126941D+02-0.779167D+01 0.275360D+02            0
 -0.144640D-02-0.260487D+00-0.260801D+00 0.347060D-02 0.999994D+00-0.617011D-05-0.260801D+00 0.905146D-03 0.542342D-03
  0.347060D-02 0.706525D+00 0.707679D+00-0.141794D-02 0.525069D-03-0.368606D+00-0.491217D-02-0.369125D+00
   
  0.102500D+01 0.121191D+04 0.121131D+05-0.115413D-02 0.101369D-02 0.371272D+00-0.255172D-02 0.999997D+00 0.877321D-05 0.415491D-02
 -0.846145D-03-0.145183D-02 0.442675D-03 0.501781D-03 0.387938D+00 0.371273D+00 0.255172D-02 0.184955D+00 0.877321D-05 0.291912D-03
  0.255172D-02 0.361174D-02-0.130049D+02 0.363241D+02-0.893179D+00 0.188000D+02-0.391106D+00-0.632563D+00
  0.877321D-05 0.446932D+00-0.214372D+00-0.150120D+00 0.460353D-03 0.504959D-01 0.786239D+00 0.163246D-02
 -0.425623D-01-0.391544D-02 0.746988D+01-0.206211D+02 0.126912D+02-0.819483D+01 0.275297D+02            0
  0.179044D-03-0.184564D+00-0.184957D+00-0.255172D-02 0.999997D+00 0.877321D-05-0.184955D+00-0.471956D-03 0.291912D-03
 -0.255172D-02 0.706504D+00 0.707705D+00-0.145341D-02 0.497179D-03-0.261291D+00 0.361174D-02-0.261794D+00
   
  0.105000D+01 0.121191D+04 0.121074D+05-0.118101D-02 0.101653D-02 0.370975D+00-0.552624D-02 0.999985D+00 0.507953D-05 0.417443D-02
 -0.882827D-03-0.148230D-02 0.454956D-03 0.480510D-03 0.397216D+00 0.370975D+00 0.552626D-02 0.530114D-01 0.507953D-05-0.434365D-03
  0.552626D-02 0.782227D-02-0.223576D+00 0.541046D+02-0.629104D+00 0.188000D+02-0.404582D+00-0.445541D+00
  0.507953D-05-0.133707D+00-0.268798D+00-0.173918D+00 0.623215D-03-0.151928D-01 0.786291D+00 0.220998D-02
 -0.437842D-01-0.413314D-02 0.748201D+01-0.220903D+02 0.126883D+02-0.855554D+01 0.275235D+02            0
  0.724182D-03-0.524417D-01-0.530116D-01-0.552624D-02 0.999985D+00 0.507953D-05-0.530106D-01-0.292951D-03-0.434365D-03
 -0.552624D-02 0.706461D+00 0.707731D+00-0.148580D-02 0.469578D-03-0.745664D-01 0.782227D-02-0.750484D-01
   
  0.107500D+01 0.121191D+04 0.121016D+05-0.120676D-02 0.101814D-02 0.370686D+00-0.520240D-02 0.999986D+00-0.482083D-05 0.419384D-02
 -0.920245D-03-0.151099D-02 0.466691D-03 0.458043D-03 0.406487D+00 0.370687D+00 0.520242D-02-0.789163D-01-0.482083D-05-0.244730D-03
  0.520242D-02 0.736415D-02 0.101470D+02 0.386125D+02-0.365043D+00 0.188000D+02-0.413383D+00-0.258529D+00
 -0.482083D-05-0.300438D+00-0.197933D+00-0.187638D+00 0.379070D-03-0.340224D-01 0.786337D+00 0.134422D-02
 -0.450135D-01-0.435606D-02 0.749282D+01-0.234027D+02 0.126853D+02-0.887764D+01 0.275169D+02            0
 -0.169892D-03 0.796978D-01 0.789159D-01-0.520240D-02 0.999986D+00-0.482083D-05 0.789152D-01 0.410553D-03-0.244730D-03
 -0.520240D-02 0.706437D+00 0.707757D+00-0.151411D-02 0.447611D-03 0.112157D+00 0.736415D-02 0.111698D+00
   
  0.110000D+01 0.121191D+04 0.120954D+05-0.123071D-02 0.102266D-02 0.370615D+00-0.183895D-02 0.999998D+00-0.400477D-05 0.421314D-02
 -0.958371D-03-0.153890D-02 0.477870D-03 0.438490D-03 0.415751D+00 0.370615D+00 0.183896D-02-0.159790D+00-0.400477D-05 0.315703D-03
  0.183896D-02 0.260317D-02 0.141918D+02-0.506233D+01-0.203305D+00-0.432939D+01-0.417876D+00-0.143984D+00
 -0.400477D-05 0.880125D-01-0.164221D+00-0.183771D+00 0.261860D-03 0.992459D-02 0.786362D+00 0.928581D-03
 -0.462488D-01-0.458420D-02 0.750242D+01-0.245722D+02 0.126820D+02-0.916456D+01 0.275099D+02            0
 -0.611250D-03 0.160714D+00 0.159790D+00-0.183895D-02 0.999998D+00-0.400477D-05 0.159790D+00 0.293848D-03 0.315703D-03
 -0.183895D-02 0.706426D+00 0.707784D+00-0.153983D-02 0.435220D-03 0.226631D+00 0.260317D-02 0.226191D+00
   
  0.112500D+01 0.121191D+04 0.120886D+05-0.124823D-02 0.103901D-02 0.371269D+00 0.114778D-02 0.999999D+00 0.267067D-05 0.423258D-02
 -0.997179D-03-0.156560D-02 0.488736D-03 0.431868D-03 0.425024D+00 0.371269D+00-0.114778D-02-0.641339D-01 0.267067D-05 0.747405D-04
 -0.114778D-02-0.162482D-02 0.431799D+01-0.198961D+02-0.395421D+00-0.173751D+02-0.422909D+00-0.280043D+00
  0.267067D-05 0.126866D+00-0.221842D+00-0.186021D+00 0.441163D-03 0.142987D-01 0.786393D+00 0.156441D-02
 -0.474760D-01-0.481752D-02 0.751091D+01-0.256102D+02 0.126784D+02-0.941898D+01 0.275019D+02            0
 -0.275315D-06 0.648778D-01 0.641340D-01 0.114778D-02 0.999999D+00 0.267067D-05 0.641338D-01-0.736115D-04 0.747405D-04
  0.114778D-02 0.706400D+00 0.707811D+00-0.156468D-02 0.435177D-03 0.912257D-01-0.162482D-02 0.907922D-01
   
  0.115000D+01 0.121191D+04 0.120817D+05-0.126568D-02 0.105480D-02 0.371921D+00 0.143115D-02 0.999999D+00 0.971536D-06 0.425233D-02
 -0.103665D-02-0.159202D-02 0.499452D-03 0.424290D-03 0.434314D+00 0.371922D+00-0.143115D-02 0.294400D-01 0.971536D-06-0.109454D-03
 -0.143115D-02-0.202606D-02-0.341330D+01-0.902115D+01-0.583395D+00-0.751804D+01-0.431788D+00-0.413169D+00
  0.971536D-06-0.427293D-01-0.233607D+00-0.196234D+00 0.467851D-03-0.488560D-02 0.786435D+00 0.165905D-02
 -0.486855D-01-0.505588D-02 0.751837D+01-0.265272D+02 0.126746D+02-0.964365D+01 0.274938D+02            0
  0.681011D-04-0.288947D-01-0.294400D-01 0.143115D-02 0.999999D+00 0.971536D-06-0.294399D-01 0.421332D-04-0.109454D-03
  0.143115D-02 0.706372D+00 0.707839D+00-0.159095D-02 0.428311D-03-0.412484D-01-0.202606D-02-0.416744D-01
   
  0.117500D+01 0.121191D+04 0.120749D+05-0.128671D-02 0.106475D-02 0.372248D+00 0.390572D-03 0.100000D+01-0.209471D-06 0.427227D-02
 -0.107679D-02-0.161917D-02 0.509887D-03 0.409424D-03 0.443617D+00 0.372249D+00-0.390572D-03 0.415302D-01-0.209471D-06 0.534850D-05
 -0.390572D-03-0.552948D-03-0.362508D+01 0.257423D+01-0.608052D+00 0.283541D+01-0.442553D+00-0.430632D+00
 -0.209471D-06-0.265850D-02-0.231764D+00-0.204029D+00 0.450453D-03-0.351622D-03 0.786475D+00 0.159735D-02
 -0.498828D-01-0.529916D-02 0.752492D+01-0.273350D+02 0.126709D+02-0.984147D+01 0.274858D+02            0
 -0.213767D-04-0.410377D-01-0.415302D-01 0.390572D-03 0.100000D+01-0.209471D-06-0.415302D-01 0.162205D-04 0.534850D-05
  0.390572D-03 0.706345D+00 0.707868D+00-0.161873D-02 0.411146D-03-0.583839D-01-0.552948D-03-0.587950D-01
   
  0.120000D+01 0.121191D+04 0.120679D+05-0.130982D-02 0.107143D-02 0.372407D+00-0.290267D-03 0.100000D+01 0.840596D-07 0.429228D-02
 -0.111761D-02-0.164661D-02 0.519887D-03 0.390219D-03 0.452926D+00 0.372408D+00 0.290267D-03 0.111258D-01 0.840596D-07 0.421305D-05
  0.290267D-03 0.410958D-03-0.682543D+00 0.447341D+01-0.547528D+00 0.447366D+01-0.452815D+00-0.387768D+00
  0.840596D-07 0.520337D-02-0.239416D+00-0.211009D+00 0.464011D-03 0.536021D-03 0.786516D+00 0.164543D-02
 -0.510745D-01-0.554725D-02 0.753063D+01-0.280445D+02 0.126673D+02-0.100151D+02 0.274778D+02            0
 -0.113680D-05-0.105980D-01-0.111258D-01-0.290267D-03 0.100000D+01 0.840596D-07-0.111258D-01-0.322946D-05 0.421305D-05
 -0.290267D-03 0.706316D+00 0.707897D+00-0.164657D-02 0.390400D-03-0.153607D-01 0.410958D-03-0.157526D-01
   
  0.122500D+01 0.121191D+04 0.120609D+05-0.133262D-02 0.107822D-02 0.372609D+00-0.257323D-03 0.100000D+01 0.398891D-07 0.431231D-02
 -0.115911D-02-0.167360D-02 0.529397D-03 0.370783D-03 0.462238D+00 0.372610D+00 0.257323D-03-0.990697D-02 0.398891D-07-0.341070D-05
  0.257323D-03 0.364333D-03 0.984820D+00 0.932596D+00-0.505793D+00 0.128160D+01-0.462072D+00-0.358210D+00
  0.398891D-07-0.104977D-02-0.245496D+00-0.218020D+00 0.472141D-03-0.172129D-03 0.786557D+00 0.167426D-02
 -0.522619D-01-0.580009D-02 0.753559D+01-0.286646D+02 0.126635D+02-0.101667D+02 0.274697D+02            0
  0.720301D-06 0.104553D-01 0.990697D-02-0.257323D-03 0.100000D+01 0.398891D-07 0.990697D-02 0.254930D-05-0.341070D-05
 -0.257323D-03 0.706287D+00 0.707926D+00-0.167354D-02 0.371061D-03 0.143988D-01 0.364333D-03 0.140262D-01
   
  0.125000D+01 0.121191D+04 0.120537D+05-0.135455D-02 0.108600D-02 0.372903D+00 0.169261D-04 0.100000D+01 0.224512D-07 0.433239D-02
 -0.120129D-02-0.170006D-02 0.538433D-03 0.352145D-03 0.471557D+00 0.372904D+00-0.169261D-04-0.926886D-02 0.224512D-07 0.374541D-06
 -0.169261D-04-0.239659D-04 0.733066D+00-0.169959D+01-0.507509D+00-0.106214D+01-0.470993D+00-0.359426D+00
  0.224512D-07 0.901445D-03-0.251332D+00-0.224751D+00 0.479302D-03 0.477444D-04 0.786599D+00 0.169965D-02
 -0.534432D-01-0.605761D-02 0.753986D+01-0.292034D+02 0.126597D+02-0.102983D+02 0.274613D+02            0
 -0.208816D-06 0.979112D-02 0.926886D-02 0.169261D-04 0.100000D+01 0.224512D-07 0.926886D-02-0.156885D-06 0.374541D-06
  0.169261D-04 0.706257D+00 0.707956D+00-0.169986D-02 0.353103D-03 0.134779D-01-0.239659D-04 0.131240D-01
   
  0.127500D+01 0.121191D+04 0.120464D+05-0.137625D-02 0.109389D-02 0.373233D+00 0.141778D-03 0.100000D+01 0.269605D-07 0.435255D-02
 -0.124411D-02-0.172616D-02 0.547002D-03 0.333228D-03 0.480884D+00 0.373234D+00-0.141778D-03-0.757163D-03 0.269605D-07-0.780123D-06
 -0.141778D-03-0.200754D-03-0.427468D-01-0.171461D+01-0.525018D+00-0.105992D+01-0.480134D+00-0.371826D+00
  0.269605D-07 0.282505D-03-0.257384D+00-0.231324D+00 0.486976D-03-0.231257D-04 0.786642D+00 0.172687D-02
 -0.546164D-01-0.631972D-02 0.754350D+01-0.296681D+02 0.126558D+02-0.104117D+02 0.274529D+02            0
  0.954896D-06 0.123272D-02 0.757163D-03 0.141778D-03 0.100000D+01 0.269605D-07 0.757163D-03-0.107349D-06-0.780123D-06
  0.141778D-03 0.706227D+00 0.707986D+00-0.172591D-02 0.334521D-03 0.140748D-02-0.200754D-03 0.107247D-02
   
  0.130000D+01 0.121191D+04 0.120391D+05-0.139829D-02 0.110107D-02 0.373549D+00 0.942005D-04 0.100000D+01 0.175199D-07 0.437277D-02
 -0.128759D-02-0.175201D-02 0.555084D-03 0.313055D-03 0.490218D+00 0.373550D+00-0.942005D-04 0.346171D-02 0.175199D-07-0.432637D-06
 -0.942005D-04-0.133391D-03-0.347294D+00-0.692998D+00-0.533927D+00-0.141732D+00-0.489529D+00-0.378135D+00
  0.175199D-07 0.231920D-03-0.263307D+00-0.237763D+00 0.494048D-03-0.296467D-04 0.786686D+00 0.175194D-02
 -0.557816D-01-0.658634D-02 0.754658D+01-0.300654D+02 0.126518D+02-0.105084D+02 0.274443D+02            0
  0.147621D-06-0.302562D-02-0.346171D-02 0.942005D-04 0.100000D+01 0.175199D-07-0.346171D-02 0.326094D-06-0.432637D-06
  0.942005D-04 0.706196D+00 0.708017D+00-0.175180D-02 0.314264D-03-0.458683D-02-0.133391D-03-0.490167D-02
   
  0.132500D+01 0.121191D+04 0.120317D+05-0.142069D-02 0.110744D-02 0.373845D+00 0.147887D-04 0.100000D+01 0.206654D-07 0.439304D-02
 -0.133171D-02-0.177758D-02 0.562643D-03 0.291533D-03 0.499561D+00 0.373846D+00-0.147887D-04 0.232180D-02 0.206654D-07-0.174236D-06
 -0.147887D-04-0.209422D-04-0.197564D+00-0.145695D+00-0.532097D+00 0.344284D+00-0.498976D+00-0.376839D+00
  0.206654D-07 0.492162D-03-0.269330D+00-0.244098D+00 0.501270D-03-0.103016D-05 0.786730D+00 0.177755D-02
 -0.569391D-01-0.685738D-02 0.754913D+01-0.304017D+02 0.126479D+02-0.105902D+02 0.274357D+02            0
  0.145936D-06-0.191368D-02-0.232180D-02 0.147887D-04 0.100000D+01 0.206654D-07-0.232180D-02 0.343363D-07-0.174236D-06
  0.147887D-04 0.706165D+00 0.708048D+00-0.177741D-02 0.292573D-03-0.299455D-02-0.209422D-04-0.328786D-02
   
  0.135000D+01 0.121191D+04 0.120242D+05-0.144326D-02 0.111328D-02 0.374138D+00-0.129007D-04 0.100000D+01 0.225795D-07 0.441334D-02
 -0.137647D-02-0.180278D-02 0.569652D-03 0.269005D-03 0.508911D+00 0.374139D+00 0.129007D-04 0.237685D-04 0.225795D-07-0.355031D-06
  0.129007D-04 0.182695D-04 0.752001D-02-0.256882D+00-0.527948D+00 0.241520D+00-0.508358D+00-0.373901D+00
  0.225795D-07 0.430647D-03-0.275394D+00-0.250370D+00 0.508441D-03-0.879854D-05 0.786774D+00 0.180298D-02
 -0.580893D-01-0.713276D-02 0.755122D+01-0.306827D+02 0.126439D+02-0.106583D+02 0.274271D+02            0
  0.350405D-06 0.358533D-03-0.237685D-04-0.129007D-04 0.100000D+01 0.225795D-07-0.237685D-04-0.306621D-09-0.355031D-06
 -0.129007D-04 0.706133D+00 0.708079D+00-0.180263D-02 0.270002D-03 0.237086D-03 0.182695D-04-0.336931D-04
   
  0.137500D+01 0.121191D+04 0.120168D+05-0.146586D-02 0.111877D-02 0.374440D+00 0.245222D-06 0.100000D+01 0.220943D-07 0.443367D-02
 -0.142185D-02-0.182757D-02 0.576087D-03 0.245698D-03 0.518268D+00 0.374441D+00-0.245222D-06-0.781654D-03 0.220943D-07-0.358892D-06
 -0.245222D-06-0.347290D-06 0.626984D-01-0.532160D+00-0.526796D+00-0.477877D-02-0.517690D+00-0.373085D+00
  0.220943D-07 0.413917D-03-0.281457D+00-0.256596D+00 0.515436D-03-0.114818D-04 0.786820D+00 0.182779D-02
 -0.592321D-01-0.741240D-02 0.755288D+01-0.309135D+02 0.126399D+02-0.107141D+02 0.274184D+02            0
  0.359170D-06 0.113334D-02 0.781654D-03 0.245222D-06 0.100000D+01 0.220943D-07 0.781654D-03-0.191671D-09-0.358892D-06
  0.245222D-06 0.706101D+00 0.708111D+00-0.182743D-02 0.246755D-03 0.135446D-02-0.347290D-06 0.110700D-02
   
  0.140000D+01 0.121191D+04 0.120092D+05-0.148849D-02 0.112389D-02 0.374747D+00 0.155022D-04 0.100000D+01 0.220584D-07 0.445402D-02
 -0.146784D-02-0.185193D-02 0.581930D-03 0.221603D-03 0.527633D+00 0.374749D+00-0.155022D-04-0.332840D-03 0.220584D-07-0.344587D-06
 -0.155022D-04-0.219556D-04 0.154406D-01-0.636326D+00-0.528162D+00-0.963734D-01-0.527027D+00-0.374053D+00
  0.220584D-07 0.422171D-03-0.287536D+00-0.262788D+00 0.522306D-03-0.113252D-04 0.786866D+00 0.185215D-02
 -0.603672D-01-0.769622D-02 0.755415D+01-0.310986D+02 0.126358D+02-0.107587D+02 0.274096D+02            0
  0.354652D-06 0.649262D-03 0.332840D-03 0.155022D-04 0.100000D+01 0.220584D-07 0.332840D-03-0.515973D-08-0.344587D-06
  0.155022D-04 0.706068D+00 0.708144D+00-0.185179D-02 0.222725D-03 0.694778D-03-0.219556D-04 0.471439D-03
   
  0.142500D+01 0.121191D+04 0.120017D+05-0.151122D-02 0.112857D-02 0.375057D+00 0.164014D-04 0.100000D+01 0.221893D-07 0.447437D-02
 -0.151444D-02-0.187584D-02 0.587160D-03 0.196633D-03 0.537005D+00 0.375058D+00-0.164014D-04 0.202858D-03 0.221893D-07-0.341770D-06
 -0.164014D-04-0.232303D-04-0.283126D-01-0.584947D+00-0.529706D+00-0.492197D-01-0.536393D+00-0.375146D+00
  0.221893D-07 0.427838D-03-0.293628D+00-0.268957D+00 0.529051D-03-0.114472D-04 0.786912D+00 0.187607D-02
 -0.614947D-01-0.798413D-02 0.755507D+01-0.312425D+02 0.126318D+02-0.107931D+02 0.274008D+02            0
  0.343027D-06 0.766574D-04-0.202858D-03 0.164014D-04 0.100000D+01 0.221893D-07-0.202858D-03 0.332715D-08-0.341770D-06
  0.164014D-04 0.706035D+00 0.708177D+00-0.187572D-02 0.197782D-03-0.889376D-04-0.232303D-04-0.287276D-03
   
  0.145000D+01 0.121191D+04 0.119941D+05-0.153405D-02 0.113277D-02 0.375365D+00 0.925614D-05 0.100000D+01 0.224541D-07 0.449474D-02
 -0.156163D-02-0.189929D-02 0.591754D-03 0.170755D-03 0.546386D+00 0.375366D+00-0.925614D-05 0.296870D-03 0.224541D-07-0.337950D-06
 -0.925614D-05-0.131107D-04-0.306526D-01-0.517777D+00-0.530366D+00 0.112166D-01-0.545779D+00-0.375613D+00
  0.224541D-07 0.438082D-03-0.299732D+00-0.275109D+00 0.535666D-03-0.110368D-04 0.786960D+00 0.189952D-02
 -0.626143D-01-0.827606D-02 0.755567D+01-0.313489D+02 0.126277D+02-0.108182D+02 0.273920D+02            0
  0.337447D-06-0.543046D-04-0.296870D-03 0.925614D-05 0.100000D+01 0.224541D-07-0.296870D-03 0.274788D-08-0.337950D-06
  0.925614D-05 0.706002D+00 0.708210D+00-0.189919D-02 0.171907D-03-0.248050D-03-0.131107D-04-0.420469D-03
   
  0.147500D+01 0.121191D+04 0.119865D+05-0.155696D-02 0.113650D-02 0.375673D+00 0.379602D-05 0.100000D+01 0.227450D-07 0.451510D-02
 -0.160940D-02-0.192224D-02 0.595690D-03 0.143991D-03 0.555774D+00 0.375674D+00-0.379602D-05 0.124906D-03 0.227450D-07-0.340305D-06
 -0.379602D-05-0.537704D-05-0.128255D-01-0.503093D+00-0.530495D+00 0.244149D-01-0.555171D+00-0.375704D+00
  0.227450D-07 0.445074D-03-0.305844D+00-0.281252D+00 0.542144D-03-0.109786D-04 0.787007D+00 0.192250D-02
 -0.637263D-01-0.857192D-02 0.755599D+01-0.314214D+02 0.126237D+02-0.108351D+02 0.273832D+02            0
  0.340610D-06 0.802963D-04-0.124906D-03 0.379602D-05 0.100000D+01 0.227450D-07-0.124906D-03 0.474151D-09-0.340305D-06
  0.379602D-05 0.705968D+00 0.708244D+00-0.192216D-02 0.145150D-03-0.313100D-04-0.537704D-05-0.176918D-03
   
  0.150000D+01 0.121191D+04 0.119790D+05-0.157994D-02 0.113977D-02 0.375982D+00 0.265337D-05 0.100000D+01 0.229778D-07 0.453544D-02
 -0.165774D-02-0.194467D-02 0.598947D-03 0.116380D-03 0.565169D+00 0.375983D+00-0.265337D-05-0.129423D-04 0.229778D-07-0.342416D-06
 -0.265337D-05-0.375866D-05-0.899093D-03-0.522441D+00-0.530694D+00 0.735301D-02-0.564565D+00-0.375845D+00
  0.229778D-07 0.450523D-03-0.311960D+00-0.287389D+00 0.548475D-03-0.110784D-04 0.787056D+00 0.194495D-02
 -0.648306D-01-0.887164D-02 0.755604D+01-0.314632D+02 0.126196D+02-0.108444D+02 0.273744D+02            0
  0.342893D-06 0.179510D-03 0.129423D-04 0.265337D-05 0.100000D+01 0.229778D-07 0.129423D-04-0.343327D-10-0.342416D-06
  0.265337D-05 0.705934D+00 0.708278D+00-0.194460D-02 0.117556D-03 0.136280D-03-0.375866D-05 0.183409D-04
   
  0.152500D+01 0.121191D+04 0.119714D+05-0.160298D-02 0.114259D-02 0.376291D+00 0.335926D-05 0.100000D+01 0.231913D-07 0.455577D-02
 -0.170663D-02-0.196655D-02 0.601503D-03 0.879408D-04 0.574573D+00 0.376292D+00-0.335926D-05-0.264135D-04 0.231913D-07-0.343093D-06
 -0.335926D-05-0.475884D-05-0.331431D-03-0.539248D+00-0.531143D+00-0.722104D-02-0.573964D+00-0.376164D+00
  0.231913D-07 0.456335D-03-0.318076D+00-0.293521D+00 0.554650D-03-0.111194D-04 0.787105D+00 0.196684D-02
 -0.659272D-01-0.917514D-02 0.755585D+01-0.314773D+02 0.126155D+02-0.108468D+02 0.273656D+02            0
  0.343607D-06 0.152778D-03 0.264135D-04 0.335926D-05 0.100000D+01 0.231913D-07 0.264135D-04-0.887219D-10-0.343093D-06
  0.335926D-05 0.705899D+00 0.708312D+00-0.196650D-02 0.891371D-04 0.126860D-03-0.475884D-05 0.374276D-04
   
  0.155000D+01 0.121191D+04 0.119638D+05-0.162606D-02 0.114497D-02 0.376600D+00 0.352473D-05 0.100000D+01 0.234049D-07 0.457607D-02
 -0.175606D-02-0.198786D-02 0.603337D-03 0.586819D-04 0.583984D+00 0.376601D+00-0.352473D-05 0.144538D-04 0.234049D-07-0.343702D-06
 -0.352473D-05-0.499349D-05-0.374100D-02-0.541304D+00-0.531703D+00-0.855445D-02-0.583374D+00-0.376560D+00
  0.234049D-07 0.462199D-03-0.324189D+00-0.299649D+00 0.560663D-03-0.111362D-04 0.787154D+00 0.198817D-02
 -0.670160D-01-0.948234D-02 0.755545D+01-0.314663D+02 0.126114D+02-0.108431D+02 0.273567D+02            0
  0.343950D-06 0.703492D-04-0.144538D-04 0.352473D-05 0.100000D+01 0.234049D-07-0.144538D-04 0.509539D-10-0.343702D-06
  0.352473D-05 0.705864D+00 0.708347D+00-0.198782D-02 0.598953D-04 0.396292D-04-0.499349D-05-0.204669D-04
   
  0.157500D+01 0.121191D+04 0.119562D+05-0.164919D-02 0.114688D-02 0.376909D+00 0.281227D-05 0.100000D+01 0.236178D-07 0.459633D-02
 -0.180602D-02-0.200856D-02 0.604430D-03 0.286109D-04 0.593403D+00 0.376910D+00-0.281227D-05 0.366937D-04 0.236178D-07-0.344423D-06
 -0.281227D-05-0.398435D-05-0.500978D-02-0.536466D+00-0.532227D+00-0.377756D-02-0.592792D+00-0.376931D+00
  0.236178D-07 0.467969D-03-0.330295D+00-0.305774D+00 0.566507D-03-0.111446D-04 0.787204D+00 0.200889D-02
 -0.680971D-01-0.979316D-02 0.755486D+01-0.314327D+02 0.126074D+02-0.108339D+02 0.273479D+02            0
  0.344438D-06 0.544624D-05-0.366937D-04 0.281227D-05 0.100000D+01 0.236178D-07-0.366937D-04 0.103201D-09-0.344423D-06
  0.281227D-05 0.705829D+00 0.708383D+00-0.200854D-02 0.298373D-04-0.220415D-04-0.398435D-05-0.519787D-04
   
  0.160000D+01 0.121191D+04 0.119487D+05-0.167234D-02 0.114833D-02 0.377218D+00 0.195154D-05 0.100000D+01 0.238262D-07 0.461655D-02
 -0.185648D-02-0.202864D-02 0.604761D-03-0.225818D-05 0.602829D+00 0.377219D+00-0.195154D-05 0.286968D-04 0.238262D-07-0.345265D-06
 -0.195154D-05-0.276504D-05-0.373688D-02-0.533710D+00-0.532690D+00-0.908519D-03-0.602220D+00-0.377259D+00
  0.238262D-07 0.473525D-03-0.336392D+00-0.311893D+00 0.572175D-03-0.111572D-04 0.787254D+00 0.202899D-02
 -0.691705D-01-0.101075D-01 0.755409D+01-0.313786D+02 0.126033D+02-0.108195D+02 0.273391D+02            0
  0.345206D-06-0.302503D-04-0.286968D-04 0.195154D-05 0.100000D+01 0.238262D-07-0.286968D-04 0.560112D-10-0.345265D-06
  0.195154D-05 0.705793D+00 0.708418D+00-0.202864D-02-0.102117D-05-0.416838D-04-0.276504D-05-0.406533D-04
   
  0.162500D+01 0.121191D+04 0.119411D+05-0.169552D-02 0.114932D-02 0.377526D+00 0.144119D-05 0.100000D+01 0.240271D-07 0.463672D-02
 -0.190744D-02-0.204807D-02 0.604310D-03-0.339075D-04 0.612264D+00 0.377527D+00-0.144119D-05 0.126953D-04 0.240271D-07-0.346145D-06
 -0.144119D-05-0.204205D-05-0.207595D-02-0.534736D+00-0.533138D+00-0.142378D-02-0.611655D+00-0.377576D+00
  0.240271D-07 0.478841D-03-0.342476D+00-0.318006D+00 0.577659D-03-0.111764D-04 0.787305D+00 0.204844D-02
 -0.702362D-01-0.104254D-01 0.755316D+01-0.313061D+02 0.125993D+02-0.108007D+02 0.273303D+02            0
  0.346060D-06-0.590217D-04-0.126953D-04 0.144119D-05 0.100000D+01 0.240271D-07-0.126953D-04 0.183047D-10-0.346145D-06
  0.144119D-05 0.705757D+00 0.708454D+00-0.204809D-02-0.326609D-04-0.507740D-04-0.204205D-05-0.179841D-04
   
  0.165000D+01 0.121191D+04 0.119336D+05-0.171872D-02 0.114986D-02 0.377833D+00 0.124302D-05 0.100000D+01 0.242206D-07 0.465683D-02
 -0.195888D-02-0.206683D-02 0.603059D-03-0.663191D-04 0.621706D+00 0.377834D+00-0.124302D-05 0.491007D-05 0.242206D-07-0.347001D-06
 -0.124302D-05-0.176134D-05-0.130448D-02-0.536936D+00-0.533603D+00-0.296990D-02-0.621099D+00-0.377906D+00
  0.242206D-07 0.483954D-03-0.348542D+00-0.324110D+00 0.582954D-03-0.111969D-04 0.787357D+00 0.206721D-02
 -0.712942D-01-0.107466D-01 0.755209D+01-0.312170D+02 0.125952D+02-0.107778D+02 0.273215D+02            0
  0.346881D-06-0.971246D-04-0.491007D-05 0.124302D-05 0.100000D+01 0.242206D-07-0.491007D-05 0.611170D-11-0.347001D-06
  0.124302D-05 0.705720D+00 0.708490D+00-0.206687D-02-0.650641D-04-0.722770D-04-0.176134D-05-0.695387D-05
   
  0.167500D+01 0.121191D+04 0.119261D+05-0.174192D-02 0.114993D-02 0.378140D+00 0.112735D-05 0.100000D+01 0.244074D-07 0.467687D-02
 -0.201078D-02-0.208488D-02 0.600988D-03-0.994752D-04 0.631156D+00 0.378141D+00-0.112735D-05 0.512707D-05 0.244074D-07-0.347853D-06
 -0.112735D-05-0.159753D-05-0.123740D-02-0.538258D+00-0.534083D+00-0.371986D-02-0.630551D+00-0.378246D+00
  0.244074D-07 0.488874D-03-0.354588D+00-0.330204D+00 0.588051D-03-0.112170D-04 0.787409D+00 0.208529D-02
 -0.723445D-01-0.110712D-01 0.755089D+01-0.311129D+02 0.125912D+02-0.107512D+02 0.273127D+02            0
  0.347690D-06-0.144323D-03-0.512707D-05 0.112735D-05 0.100000D+01 0.244074D-07-0.512707D-05 0.578848D-11-0.347853D-06
  0.112735D-05 0.705684D+00 0.708527D+00-0.208494D-02-0.982138D-04-0.105875D-03-0.159753D-05-0.726205D-05
   
  0.170000D+01 0.121191D+04 0.119186D+05-0.176511D-02 0.114955D-02 0.378446D+00 0.975964D-06 0.100000D+01 0.245876D-07 0.469685D-02
 -0.206312D-02-0.210221D-02 0.598079D-03-0.133358D-03 0.640613D+00 0.378447D+00-0.975964D-06 0.677202D-05 0.245876D-07-0.348720D-06
 -0.975964D-06-0.138308D-05-0.125912D-02-0.538638D+00-0.534567D+00-0.362762D-02-0.640011D+00-0.378588D+00
  0.245876D-07 0.493587D-03-0.360609D+00-0.336284D+00 0.592945D-03-0.112374D-04 0.787461D+00 0.210264D-02
 -0.733871D-01-0.113990D-01 0.754958D+01-0.309955D+02 0.125871D+02-0.107213D+02 0.273040D+02            0
  0.348530D-06-0.193994D-03-0.677203D-05 0.975964D-06 0.100000D+01 0.245876D-07-0.677202D-05 0.661782D-11-0.348720D-06
  0.975964D-06 0.705647D+00 0.708564D+00-0.210229D-02-0.132093D-03-0.142236D-03-0.138308D-05-0.959398D-05
   
  0.172500D+01 0.121191D+04 0.119111D+05-0.178829D-02 0.114871D-02 0.378751D+00 0.807255D-06 0.100000D+01 0.247605D-07 0.471674D-02
 -0.211588D-02-0.211880D-02 0.594315D-03-0.167949D-03 0.650078D+00 0.378753D+00-0.807255D-06 0.635102D-05 0.247605D-07-0.349603D-06
 -0.807255D-06-0.114405D-05-0.110186D-02-0.538848D+00-0.535046D+00-0.338768D-02-0.649480D+00-0.378928D+00
  0.247605D-07 0.498080D-03-0.366603D+00-0.342348D+00 0.597628D-03-0.112589D-04 0.787514D+00 0.211925D-02
 -0.744221D-01-0.117300D-01 0.754816D+01-0.308660D+02 0.125831D+02-0.106885D+02 0.272952D+02            0
  0.349407D-06-0.242603D-03-0.635103D-05 0.807255D-06 0.100000D+01 0.247605D-07-0.635102D-05 0.513555D-11-0.349603D-06
  0.807255D-06 0.705609D+00 0.708601D+00-0.211890D-02-0.166682D-03-0.176390D-03-0.114405D-05-0.899833D-05
   
  0.175000D+01 0.121191D+04 0.119037D+05-0.181145D-02 0.114741D-02 0.379055D+00 0.670391D-06 0.100000D+01 0.249259D-07 0.473655D-02
 -0.216905D-02-0.213461D-02 0.589676D-03-0.203228D-03 0.659550D+00 0.379057D+00-0.670391D-06 0.451915D-05 0.249259D-07-0.350498D-06
 -0.670391D-06-0.950138D-06-0.854307D-03-0.539326D+00-0.535522D+00-0.338958D-02-0.658957D+00-0.379265D+00
  0.249259D-07 0.502343D-03-0.372566D+00-0.348393D+00 0.602094D-03-0.112818D-04 0.787567D+00 0.213508D-02
 -0.754495D-01-0.120641D-01 0.754665D+01-0.307258D+02 0.125791D+02-0.106530D+02 0.272865D+02            0
  0.350303D-06-0.290778D-03-0.451915D-05 0.670391D-06 0.100000D+01 0.249259D-07-0.451915D-05 0.303833D-11-0.350498D-06
  0.670391D-06 0.705571D+00 0.708639D+00-0.213473D-02-0.201962D-03-0.209245D-03-0.950138D-06-0.640291D-05
   
  0.177500D+01 0.121191D+04 0.118963D+05-0.183457D-02 0.114565D-02 0.379359D+00 0.578772D-06 0.100000D+01 0.250834D-07 0.475626D-02
 -0.222261D-02-0.214964D-02 0.584148D-03-0.239175D-03 0.669031D+00 0.379360D+00-0.578772D-06 0.294409D-05 0.250834D-07-0.351399D-06
 -0.578772D-06-0.820332D-06-0.660511D-03-0.540004D+00-0.535998D+00-0.356983D-02-0.668443D+00-0.379602D+00
  0.250834D-07 0.506373D-03-0.378493D+00-0.354416D+00 0.606337D-03-0.113059D-04 0.787621D+00 0.215013D-02
 -0.764693D-01-0.124013D-01 0.754505D+01-0.305759D+02 0.125751D+02-0.106151D+02 0.272779D+02            0
  0.351202D-06-0.340165D-03-0.294410D-05 0.578772D-06 0.100000D+01 0.250834D-07-0.294409D-05 0.171277D-11-0.351399D-06
  0.578772D-06 0.705534D+00 0.708677D+00-0.214978D-02-0.237912D-03-0.243144D-03-0.820332D-06-0.417108D-05
   
  0.180000D+01 0.121191D+04 0.118889D+05-0.185765D-02 0.114343D-02 0.379661D+00 0.515840D-06 0.100000D+01 0.252329D-07 0.477588D-02
 -0.227653D-02-0.216385D-02 0.577712D-03-0.275767D-03 0.678518D+00 0.379662D+00-0.515840D-06 0.221587D-05 0.252329D-07-0.352305D-06
 -0.515840D-06-0.731174D-06-0.555867D-03-0.540676D+00-0.536475D+00-0.374315D-02-0.677937D+00-0.379940D+00
  0.252329D-07 0.510164D-03-0.384381D+00-0.360413D+00 0.610350D-03-0.113310D-04 0.787674D+00 0.216436D-02
 -0.774815D-01-0.127414D-01 0.754338D+01-0.304174D+02 0.125711D+02-0.105752D+02 0.272692D+02            0
  0.352104D-06-0.391327D-03-0.221588D-05 0.515840D-06 0.100000D+01 0.252329D-07-0.221587D-05 0.115192D-11-0.352305D-06
  0.515840D-06 0.705495D+00 0.708715D+00-0.216401D-02-0.274509D-03-0.278903D-03-0.731174D-06-0.313928D-05
   
  0.182500D+01 0.121191D+04 0.118815D+05-0.188067D-02 0.114076D-02 0.379961D+00 0.464022D-06 0.100000D+01 0.253743D-07 0.479538D-02
 -0.233079D-02-0.217722D-02 0.570354D-03-0.312982D-03 0.688014D+00 0.379963D+00-0.464022D-06 0.196242D-05 0.253743D-07-0.353220D-06
 -0.464022D-06-0.657761D-06-0.497570D-03-0.541258D+00-0.536952D+00-0.383686D-02-0.687440D+00-0.380277D+00
  0.253743D-07 0.513711D-03-0.390228D+00-0.366382D+00 0.614127D-03-0.113570D-04 0.787729D+00 0.217776D-02
 -0.784862D-01-0.130844D-01 0.754164D+01-0.302513D+02 0.125672D+02-0.105333D+02 0.272606D+02            0
  0.353014D-06-0.443860D-03-0.196243D-05 0.464022D-06 0.100000D+01 0.253743D-07-0.196242D-05 0.919567D-12-0.353220D-06
  0.464022D-06 0.705457D+00 0.708753D+00-0.217740D-02-0.311733D-03-0.315971D-03-0.657761D-06-0.278033D-05
   
  0.185000D+01 0.121191D+04 0.118742D+05-0.190363D-02 0.113764D-02 0.380261D+00 0.417668D-06 0.100000D+01 0.255072D-07 0.481478D-02
 -0.238538D-02-0.218974D-02 0.562058D-03-0.350799D-03 0.697517D+00 0.380262D+00-0.417668D-06 0.172888D-05 0.255072D-07-0.354143D-06
 -0.417668D-06-0.592086D-06-0.444869D-03-0.541789D+00-0.537428D+00-0.388567D-02-0.696951D+00-0.380615D+00
  0.255072D-07 0.517006D-03-0.396028D+00-0.372318D+00 0.617663D-03-0.113842D-04 0.787783D+00 0.219029D-02
 -0.794834D-01-0.134302D-01 0.753984D+01-0.300784D+02 0.125632D+02-0.104898D+02 0.272521D+02            0
  0.353935D-06-0.497274D-03-0.172889D-05 0.417668D-06 0.100000D+01 0.255072D-07-0.172888D-05 0.731131D-12-0.354143D-06
  0.417668D-06 0.705418D+00 0.708791D+00-0.218994D-02-0.349561D-03-0.353683D-03-0.592086D-06-0.244955D-05
   
  0.187500D+01 0.121191D+04 0.118669D+05-0.192652D-02 0.113407D-02 0.380560D+00 0.378445D-06 0.100000D+01 0.256316D-07 0.483405D-02
 -0.244027D-02-0.220139D-02 0.552809D-03-0.389192D-03 0.707027D+00 0.380561D+00-0.378445D-06 0.139882D-05 0.256316D-07-0.355074D-06
 -0.378445D-06-0.536513D-06-0.389610D-03-0.542322D+00-0.537903D+00-0.393719D-02-0.706471D+00-0.380951D+00
  0.256316D-07 0.520043D-03-0.401778D+00-0.378218D+00 0.620952D-03-0.114127D-04 0.787838D+00 0.220196D-02
 -0.804731D-01-0.137788D-01 0.753799D+01-0.298994D+02 0.125593D+02-0.104448D+02 0.272436D+02            0
  0.354865D-06-0.551419D-03-0.139883D-05 0.378445D-06 0.100000D+01 0.256316D-07-0.139882D-05 0.538478D-12-0.355074D-06
  0.378445D-06 0.705379D+00 0.708830D+00-0.220160D-02-0.387968D-03-0.391849D-03-0.536513D-06-0.198189D-05
   
  0.190000D+01 0.121191D+04 0.118597D+05-0.194932D-02 0.113004D-02 0.380857D+00 0.347686D-06 0.100000D+01 0.257470D-07 0.485320D-02
 -0.249544D-02-0.221213D-02 0.542594D-03-0.428138D-03 0.716545D+00 0.380858D+00-0.347686D-06 0.107246D-05 0.257470D-07-0.356011D-06
 -0.347686D-06-0.492934D-06-0.340837D-03-0.542871D+00-0.538378D+00-0.400358D-02-0.715999D+00-0.381287D+00
  0.257470D-07 0.522816D-03-0.407476D+00-0.384079D+00 0.623987D-03-0.114424D-04 0.787893D+00 0.221272D-02
 -0.814554D-01-0.141301D-01 0.753609D+01-0.297152D+02 0.125554D+02-0.103986D+02 0.272351D+02            0
  0.355800D-06-0.606362D-03-0.107248D-05 0.347686D-06 0.100000D+01 0.257470D-07-0.107246D-05 0.382046D-12-0.356011D-06
  0.347686D-06 0.705340D+00 0.708869D+00-0.221237D-02-0.426931D-03-0.430587D-03-0.492934D-06-0.151939D-05
   
  0.192500D+01 0.121191D+04 0.118524D+05-0.197203D-02 0.112557D-02 0.381152D+00 0.324045D-06 0.100000D+01 0.258534D-07 0.487222D-02
 -0.255087D-02-0.222197D-02 0.531398D-03-0.467613D-03 0.726070D+00 0.381154D+00-0.324045D-06 0.835899D-06 0.258534D-07-0.356954D-06
 -0.324045D-06-0.459442D-06-0.304501D-03-0.543422D+00-0.538851D+00-0.407300D-02-0.725535D+00-0.381622D+00
  0.258534D-07 0.525320D-03-0.413116D+00-0.389898D+00 0.626765D-03-0.114734D-04 0.787949D+00 0.222257D-02
 -0.824302D-01-0.144841D-01 0.753415D+01-0.295263D+02 0.125515D+02-0.103511D+02 0.272266D+02            0
  0.356739D-06-0.662154D-03-0.835916D-06 0.324045D-06 0.100000D+01 0.258534D-07-0.835899D-06 0.280097D-12-0.356954D-06
  0.324045D-06 0.705301D+00 0.708908D+00-0.222222D-02-0.466425D-03-0.469996D-03-0.459442D-06-0.118414D-05
   
  0.195000D+01 0.121191D+04 0.118453D+05-0.199463D-02 0.112065D-02 0.381447D+00 0.305164D-06 0.100000D+01 0.259505D-07 0.489110D-02
 -0.260653D-02-0.223087D-02 0.519209D-03-0.507590D-03 0.735602D+00 0.381448D+00-0.305164D-06 0.685415D-06 0.259505D-07-0.357903D-06
 -0.305164D-06-0.432696D-06-0.278577D-03-0.543963D+00-0.539323D+00-0.413469D-02-0.735080D+00-0.381957D+00
  0.259505D-07 0.527550D-03-0.418697D+00-0.395670D+00 0.629280D-03-0.115057D-04 0.788005D+00 0.223149D-02
 -0.833977D-01-0.148406D-01 0.753217D+01-0.293334D+02 0.125476D+02-0.103027D+02 0.272182D+02            0
  0.357683D-06-0.718755D-03-0.685433D-06 0.305164D-06 0.100000D+01 0.259505D-07-0.685415D-06 0.218452D-12-0.357903D-06
  0.305164D-06 0.705261D+00 0.708947D+00-0.223113D-02-0.506424D-03-0.510043D-03-0.432696D-06-0.970888D-06
   
  0.197500D+01 0.121191D+04 0.118381D+05-0.201713D-02 0.111528D-02 0.381740D+00 0.289429D-06 0.100000D+01 0.260383D-07 0.490984D-02
 -0.266241D-02-0.223882D-02 0.506014D-03-0.548043D-03 0.745142D+00 0.381741D+00-0.289429D-06 0.577120D-06 0.260383D-07-0.358857D-06
 -0.289429D-06-0.410409D-06-0.258352D-03-0.544494D+00-0.539794D+00-0.418773D-02-0.744633D+00-0.382290D+00
  0.260383D-07 0.529499D-03-0.424213D+00-0.401392D+00 0.631526D-03-0.115393D-04 0.788060D+00 0.223946D-02
 -0.843578D-01-0.151996D-01 0.753016D+01-0.291369D+02 0.125437D+02-0.102534D+02 0.272098D+02            0
  0.358632D-06-0.776085D-03-0.577140D-06 0.289429D-06 0.100000D+01 0.260383D-07-0.577120D-06 0.176380D-12-0.358857D-06
  0.289429D-06 0.705222D+00 0.708987D+00-0.223910D-02-0.546903D-03-0.550641D-03-0.410409D-06-0.817429D-06
   
  0.200000D+01 0.121191D+04 0.118310D+05-0.203950D-02 0.110948D-02 0.382031D+00 0.276201D-06 0.100000D+01 0.261164D-07 0.492842D-02
 -0.271847D-02-0.224580D-02 0.491803D-03-0.588946D-03 0.754689D+00 0.382032D+00-0.276201D-06 0.482647D-06 0.261164D-07-0.359817D-06
 -0.276201D-06-0.391674D-06-0.241073D-03-0.545018D+00-0.540264D+00-0.423605D-02-0.754194D+00-0.382623D+00
  0.261164D-07 0.531164D-03-0.429662D+00-0.407062D+00 0.633500D-03-0.115742D-04 0.788116D+00 0.224645D-02
 -0.853107D-01-0.155610D-01 0.752812D+01-0.289374D+02 0.125399D+02-0.102034D+02 0.272015D+02            0
  0.359586D-06-0.834078D-03-0.482669D-06 0.276201D-06 0.100000D+01 0.261164D-07-0.482647D-06 0.142705D-12-0.359817D-06
  0.276201D-06 0.705182D+00 0.709026D+00-0.224610D-02-0.587834D-03-0.591723D-03-0.391674D-06-0.683544D-06
