1     EXAMPLE 3  -  MODEL-FOLLOWING, RUN WITH VAX/ORACLS AT GSFC                  ORACLS  PROGRAM

0        A  MATRIX       4 ROWS       4 COLUMNS
  -2.6000000D+00   2.5000000D-01  -3.8000000D+01   0.0000000D+00
  -7.5000000D-02  -2.7000000D-01   4.4000000D+00   0.0000000D+00
   7.8000000D-02  -9.9000000D-01  -2.3000000D-01   5.2000000D-02
   1.0000000D+00   7.8000000D-02   0.0000000D+00   0.0000000D+00
0        B  MATRIX       4 ROWS       2 COLUMNS
   1.7000000D+01   7.0000000D+00
   8.2000000D-01  -3.2000000D+00
   0.0000000D+00   4.6000000D-02
   0.0000000D+00   0.0000000D+00
0       AM  MATRIX       6 ROWS       6 COLUMNS
  -9.8100000D-01   1.7700000D-01  -1.0000000D+01   0.0000000D+00   6.3400000D+00   4.5800000D+00
   3.0000000D-02  -9.2000000D-02   5.2300000D+00   0.0000000D+00  -6.9000000D-01  -2.6500000D+00
   0.0000000D+00  -1.0000000D+00  -7.3200000D-01   5.2000000D-02   0.0000000D+00   0.0000000D+00
   1.0000000D+00   0.0000000D+00   0.0000000D+00   0.0000000D+00   0.0000000D+00   0.0000000D+00
   0.0000000D+00   0.0000000D+00   0.0000000D+00   0.0000000D+00   0.0000000D+00   0.0000000D+00
   0.0000000D+00   0.0000000D+00   0.0000000D+00   0.0000000D+00   0.0000000D+00   0.0000000D+00
0       HM  MATRIX       4 ROWS       6 COLUMNS
   1.0000000D+00   0.0000000D+00   0.0000000D+00   0.0000000D+00   0.0000000D+00   0.0000000D+00
   0.0000000D+00   1.0000000D+00   0.0000000D+00   0.0000000D+00   0.0000000D+00   0.0000000D+00
   0.0000000D+00   0.0000000D+00   1.0000000D+00   0.0000000D+00   0.0000000D+00   0.0000000D+00
   0.0000000D+00   0.0000000D+00   0.0000000D+00   1.0000000D+00   0.0000000D+00   0.0000000D+00
0        X  MATRIX      10 ROWS       1 COLUMNS
   0.0000000D+00
   0.0000000D+00
   0.0000000D+00
   0.0000000D+00
   0.0000000D+00
   0.0000000D+00
   0.0000000D+00
   0.0000000D+00
   2.0000000D+00
   0.0000000D+00

 PROGRAM TO SOLVE ASYMPTOTIC CONTINUOUS EXPLICIT MODEL-FOLLOWING PROBLEM

 PLANT DYNAMICS

0      A    MATRIX       4 ROWS       4 COLUMNS
  -2.6000000D+00   2.5000000D-01  -3.8000000D+01   0.0000000D+00
  -7.5000000D-02  -2.7000000D-01   4.4000000D+00   0.0000000D+00
   7.8000000D-02  -9.9000000D-01  -2.3000000D-01   5.2000000D-02
   1.0000000D+00   7.8000000D-02   0.0000000D+00   0.0000000D+00
0      B    MATRIX       4 ROWS       2 COLUMNS
   1.7000000D+01   7.0000000D+00
   8.2000000D-01  -3.2000000D+00
   0.0000000D+00   4.6000000D-02
   0.0000000D+00   0.0000000D+00
1     EXAMPLE 3  -  MODEL-FOLLOWING, RUN WITH VAX/ORACLS AT GSFC                  ORACLS  PROGRAM


 H IS AN IDENTITY MATRIX



 MODEL DYNAMICS

0      AM   MATRIX       6 ROWS       6 COLUMNS
  -9.8100000D-01   1.7700000D-01  -1.0000000D+01   0.0000000D+00   6.3400000D+00   4.5800000D+00
   3.0000000D-02  -9.2000000D-02   5.2300000D+00   0.0000000D+00  -6.9000000D-01  -2.6500000D+00
   0.0000000D+00  -1.0000000D+00  -7.3200000D-01   5.2000000D-02   0.0000000D+00   0.0000000D+00
   1.0000000D+00   0.0000000D+00   0.0000000D+00   0.0000000D+00   0.0000000D+00   0.0000000D+00
   0.0000000D+00   0.0000000D+00   0.0000000D+00   0.0000000D+00   0.0000000D+00   0.0000000D+00
   0.0000000D+00   0.0000000D+00   0.0000000D+00   0.0000000D+00   0.0000000D+00   0.0000000D+00
0      HM   MATRIX       4 ROWS       6 COLUMNS
   1.0000000D+00   0.0000000D+00   0.0000000D+00   0.0000000D+00   0.0000000D+00   0.0000000D+00
   0.0000000D+00   1.0000000D+00   0.0000000D+00   0.0000000D+00   0.0000000D+00   0.0000000D+00
   0.0000000D+00   0.0000000D+00   1.0000000D+00   0.0000000D+00   0.0000000D+00   0.0000000D+00
   0.0000000D+00   0.0000000D+00   0.0000000D+00   1.0000000D+00   0.0000000D+00   0.0000000D+00


 WEIGHTING MATRICES 

0      Q    MATRIX       4 ROWS       4 COLUMNS
   1.0000000D+01   0.0000000D+00   0.0000000D+00   0.0000000D+00
   0.0000000D+00   1.0000000D+01   0.0000000D+00   0.0000000D+00
   0.0000000D+00   0.0000000D+00   1.0000000D+01   0.0000000D+00
   0.0000000D+00   0.0000000D+00   0.0000000D+00   1.0000000D+01
0      R    MATRIX       2 ROWS       2 COLUMNS
   1.0000000D+00   0.0000000D+00
   0.0000000D+00   1.0000000D+00


 CONTROL LAW U = -F( COL.(X,XM) ),  F = (F11,F12)


 PART OF F MULTIPLYING  X 

0      F11  MATRIX       2 ROWS       4 COLUMNS
   2.8715216D+00   1.1867788D+00  -2.3493987D+00   3.0218811D+00
   1.0990931D+00  -3.0362141D+00   1.5921904D+00   9.3351305D-01
0      P11  MATRIX       4 ROWS       4 COLUMNS
   1.6784659D-01   2.2109123D-02  -1.1051966D-01   1.7350075D-01
   2.2109123D-02   9.8893140D-01  -5.7385910D-01   8.8254034D-02
  -1.1051966D-01  -5.7385910D-01   1.1510412D+01   3.0884697D-02
   1.7350075D-01   8.8254034D-02   3.0884697D-02   1.0164474D+01

 EIGENVALUES OF P11
0
   1.6346846D-01
   9.5710942D-01
1     EXAMPLE 3  -  MODEL-FOLLOWING, RUN WITH VAX/ORACLS AT GSFC                  ORACLS  PROGRAM

   1.0167942D+01
   1.1543144D+01

 PLANT CLOSED-LOOP RESPONSE MATRIX A - BF11
0
  -5.9109518D+01   1.3282587D+00  -9.2055556D+00  -5.7906570D+01
   1.0874501D+00  -1.0959044D+01   1.1421516D+01   5.0929927D-01
   2.7441719D-02  -8.5033415D-01  -3.0324076D-01   9.0583995D-03
   1.0000000D+00   7.8000000D-02   0.0000000D+00   0.0000000D+00

 EIGENVALUES OF CLOSED-LOOP RESPONSE MATRIX
0
  -1.0076624D+00   0.0000000D+00
  -1.2943964D+00   0.0000000D+00
  -9.9317854D+00   0.0000000D+00
  -5.8137959D+01   0.0000000D+00

 PART OF F MULTIPLYING XM 

0      F12  MATRIX       2 ROWS       6 COLUMNS
  -2.9990036D+00  -1.0535303D+00   9.7142903D-01  -3.0178671D+00  -5.5004933D-01  -4.3236218D-01
  -9.5061040D-01   2.9377885D+00  -1.5695172D+00  -9.2056907D-01   8.1556250D-01   4.4887921D-01
0      P12  MATRIX       4 ROWS       6 COLUMNS
  -1.7290904D-01  -1.6058975D-02   3.6971673D-02  -1.7312936D-01  -2.0297024D-02  -1.9460473D-02
  -7.2621845D-02  -9.5186308D-01   4.1818364D-01  -9.1058595D-02  -2.4999989D-01  -1.2382211D-01
   5.9484706D-01   9.2161895D-02  -1.0655026D+01  -1.1101935D-03   3.4270003D+00   4.1059083D+00
  -1.5393360D-01   1.4943541D-01   4.0497750D-01  -1.0136463D+01   6.3234900D-02  -3.7895492D-01
1     EXAMPLE 3  -  MODEL-FOLLOWING, RUN WITH VAX/ORACLS AT GSFC                  ORACLS  PROGRAM

        IN THE TRAJECTORY OUTPUT TO FOLLOW THE FIRST   4COLUMNS CORRESPOND TO X TRANSPOSE
   AND THE NEXT   6 COLUMNS TO XM TRANSPOSE


 COMPUTATION OF TRANSIENT RESPONSE FOR THE CONTINUOUS SYSTEM

0      A    MATRIX      10 ROWS      10 COLUMNS

 		COLS    1 TO    7
  -2.6000000D+00   2.5000000D-01  -3.8000000D+01   0.0000000D+00   0.0000000D+00   0.0000000D+00   0.0000000D+00
  -7.5000000D-02  -2.7000000D-01   4.4000000D+00   0.0000000D+00   0.0000000D+00   0.0000000D+00   0.0000000D+00
   7.8000000D-02  -9.9000000D-01  -2.3000000D-01   5.2000000D-02   0.0000000D+00   0.0000000D+00   0.0000000D+00
   1.0000000D+00   7.8000000D-02   0.0000000D+00   0.0000000D+00   0.0000000D+00   0.0000000D+00   0.0000000D+00
   0.0000000D+00   0.0000000D+00   0.0000000D+00   0.0000000D+00  -9.8100000D-01   1.7700000D-01  -1.0000000D+01
   0.0000000D+00   0.0000000D+00   0.0000000D+00   0.0000000D+00   3.0000000D-02  -9.2000000D-02   5.2300000D+00
   0.0000000D+00   0.0000000D+00   0.0000000D+00   0.0000000D+00   0.0000000D+00  -1.0000000D+00  -7.3200000D-01
   0.0000000D+00   0.0000000D+00   0.0000000D+00   0.0000000D+00   1.0000000D+00   0.0000000D+00   0.0000000D+00
   0.0000000D+00   0.0000000D+00   0.0000000D+00   0.0000000D+00   0.0000000D+00   0.0000000D+00   0.0000000D+00
   0.0000000D+00   0.0000000D+00   0.0000000D+00   0.0000000D+00   0.0000000D+00   0.0000000D+00   0.0000000D+00

 		COLS    8 TO   10
   0.0000000D+00   0.0000000D+00   0.0000000D+00
   0.0000000D+00   0.0000000D+00   0.0000000D+00
   0.0000000D+00   0.0000000D+00   0.0000000D+00
   0.0000000D+00   0.0000000D+00   0.0000000D+00
   0.0000000D+00   6.3400000D+00   4.5800000D+00
   0.0000000D+00  -6.9000000D-01  -2.6500000D+00
   5.2000000D-02   0.0000000D+00   0.0000000D+00
   0.0000000D+00   0.0000000D+00   0.0000000D+00
   0.0000000D+00   0.0000000D+00   0.0000000D+00
   0.0000000D+00   0.0000000D+00   0.0000000D+00
0      B    MATRIX      10 ROWS       2 COLUMNS
   1.7000000D+01   7.0000000D+00
   8.2000000D-01  -3.2000000D+00
   0.0000000D+00   4.6000000D-02
   0.0000000D+00   0.0000000D+00
   0.0000000D+00   0.0000000D+00
   0.0000000D+00   0.0000000D+00
   0.0000000D+00   0.0000000D+00
   0.0000000D+00   0.0000000D+00
   0.0000000D+00   0.0000000D+00
   0.0000000D+00   0.0000000D+00


 H IS A NULL MATRIX 


 G IS A NULL MATRIX
0      F    MATRIX       2 ROWS      10 COLUMNS

 		COLS    1 TO    7
   2.8715216D+00   1.1867788D+00  -2.3493987D+00   3.0218811D+00  -2.9990036D+00  -1.0535303D+00   9.7142903D-01
   1.0990931D+00  -3.0362141D+00   1.5921904D+00   9.3351305D-01  -9.5061040D-01   2.9377885D+00  -1.5695172D+00

 		COLS    8 TO   10
  -3.0178671D+00  -5.5004933D-01  -4.3236218D-01
  -9.2056907D-01   8.1556250D-01   4.4887921D-01
1     EXAMPLE 3  -  MODEL-FOLLOWING, RUN WITH VAX/ORACLS AT GSFC                  ORACLS  PROGRAM



 V IS A NULL MATRIX


 COMPUTATION OF THE MATRIX EXPONENTIAL EXP(A T) BY THE SERIES METHOD 

0      A    MATRIX      10 ROWS      10 COLUMNS

 		COLS    1 TO    7
  -5.9109518D+01   1.3282587D+00  -9.2055556D+00  -5.7906570D+01   5.7637333D+01  -2.6545044D+00  -5.5276735D+00
   1.0874501D+00  -1.0959044D+01   1.1421516D+01   5.0929927D-01  -5.8277036D-01   1.0264818D+01  -5.8190267D+00
   2.7441719D-02  -8.5033415D-01  -3.0324076D-01   9.0583995D-03   4.3728078D-02  -1.3513827D-01   7.2197789D-02
   1.0000000D+00   7.8000000D-02   0.0000000D+00   0.0000000D+00   0.0000000D+00   0.0000000D+00   0.0000000D+00
   0.0000000D+00   0.0000000D+00   0.0000000D+00   0.0000000D+00  -9.8100000D-01   1.7700000D-01  -1.0000000D+01
   0.0000000D+00   0.0000000D+00   0.0000000D+00   0.0000000D+00   3.0000000D-02  -9.2000000D-02   5.2300000D+00
   0.0000000D+00   0.0000000D+00   0.0000000D+00   0.0000000D+00   0.0000000D+00  -1.0000000D+00  -7.3200000D-01
   0.0000000D+00   0.0000000D+00   0.0000000D+00   0.0000000D+00   1.0000000D+00   0.0000000D+00   0.0000000D+00
   0.0000000D+00   0.0000000D+00   0.0000000D+00   0.0000000D+00   0.0000000D+00   0.0000000D+00   0.0000000D+00
   0.0000000D+00   0.0000000D+00   0.0000000D+00   0.0000000D+00   0.0000000D+00   0.0000000D+00   0.0000000D+00

 		COLS    8 TO   10
   5.7747725D+01   3.6419010D+00   4.2080025D+00
  -4.7116998D-01   3.0608404D+00   1.7909505D+00
   4.2346177D-02  -3.7515875D-02  -2.0648444D-02
   0.0000000D+00   0.0000000D+00   0.0000000D+00
   0.0000000D+00   6.3400000D+00   4.5800000D+00
   0.0000000D+00  -6.9000000D-01  -2.6500000D+00
   5.2000000D-02   0.0000000D+00   0.0000000D+00
   0.0000000D+00   0.0000000D+00   0.0000000D+00
   0.0000000D+00   0.0000000D+00   0.0000000D+00
   0.0000000D+00   0.0000000D+00   0.0000000D+00

 T =   0.20000000D+01

0     EXPA  MATRIX      10 ROWS      10 COLUMNS

 		COLS    1 TO    7
  -2.3891131D-03  -1.3251850D-03  -1.1385082D-04  -1.3738924D-01   1.1955605D-01   1.0625337D-01   2.1427525D+00
  -1.3074054D-04  -8.5670545D-03   9.7002193D-02  -8.5196158D-04   6.2644729D-02   1.4534787D-02  -1.0599349D+00
   1.4763163D-05  -7.2188507D-03   8.2534175D-02   6.5207081D-03   9.2176534D-03   2.2259046D-01  -1.5515221D-01
   2.3921962D-03   2.2911988D-03  -1.0898440D-02   1.3680976D-01   8.4821386D-01   2.0037391D+00  -1.2295579D-01
   0.0000000D+00   0.0000000D+00   0.0000000D+00   0.0000000D+00   1.2107298D-01   1.1670875D-01   2.1381511D+00
   0.0000000D+00   0.0000000D+00   0.0000000D+00   0.0000000D+00   4.8006911D-02  -3.5454142D-02  -1.0445038D+00
   0.0000000D+00   0.0000000D+00   0.0000000D+00   0.0000000D+00   1.2870845D-03   2.0066917D-01  -1.1693378D-02
   0.0000000D+00   0.0000000D+00   0.0000000D+00   0.0000000D+00   8.5227516D-01   2.0172177D+00  -1.5144008D-01
   0.0000000D+00   0.0000000D+00   0.0000000D+00   0.0000000D+00   0.0000000D+00   0.0000000D+00   0.0000000D+00
   0.0000000D+00   0.0000000D+00   0.0000000D+00   0.0000000D+00   0.0000000D+00   0.0000000D+00   0.0000000D+00

 		COLS    8 TO   10
   1.2605585D-01   3.9547601D+00  -1.4409641D+00
   5.3247219D-02   7.2397266D-01   3.8807667D-01
  -1.6411698D-02   8.2364845D-02   4.8831924D-01
   7.6035997D-01   5.8562550D+00   2.3683158D-01
  -7.8748841D-03   4.0115443D+00  -1.4422067D+00
   5.4105409D-02   3.0701214D-01   1.1717037D-01
1     EXAMPLE 3  -  MODEL-FOLLOWING, RUN WITH VAX/ORACLS AT GSFC                  ORACLS  PROGRAM

  -9.3881938D-03   1.7719426D-01   5.7703078D-01
   8.9663838D-01   5.8926293D+00   2.6304712D-01
   0.0000000D+00   1.0000000D+00   0.0000000D+00
   0.0000000D+00   0.0000000D+00   1.0000000D+00


 STRUCTURE OF PRINTING TO FOLLOW

   TIME OR STAGE 
  STATE - X TRANSPOSE - FROM DX = AX + BU
  OUTPUT - Y TRANSPOSE - FROM Y = HX + GU   IF DIFFERENT FROM X
  CONTROL - U TRANSPOSE - FROM U = -FX + V






   0.0000000D+00
0

 		COLS    1 TO    7
   0.0000000D+00   0.0000000D+00   0.0000000D+00   0.0000000D+00   0.0000000D+00   0.0000000D+00   0.0000000D+00

 		COLS    8 TO   10
   0.0000000D+00   2.0000000D+00   0.0000000D+00
0
   1.1000987D+00  -1.6311250D+00




   0.2000000D+01
0

 		COLS    1 TO    7
   7.9095202D+00   1.4479453D+00   1.6472969D-01   1.1712510D+01   8.0230886D+00   6.1402428D-01   3.5438851D-01

 		COLS    8 TO   10
   1.1785259D+01   2.0000000D+00   0.0000000D+00
0
   1.5927986D+00   1.0410762D-01




   0.4000000D+01
0

 		COLS    1 TO    7
   9.5489317D+00   2.2039396D+00   2.0659338D-01   3.0288443D+01   9.7310584D+00   1.2449044D+00   3.7314436D-01

 		COLS    8 TO   10
1     EXAMPLE 3  -  MODEL-FOLLOWING, RUN WITH VAX/ORACLS AT GSFC                  ORACLS  PROGRAM

   3.0375205D+01   2.0000000D+00   0.0000000D+00
0
   1.8227148D+00   1.0305996D-01




   0.6000000D+01
0

 		COLS    1 TO    7
   9.6466669D+00   3.2716314D+00   1.7391236D-01   4.9680598D+01   9.9051858D+00   2.2907575D+00   3.2719551D-01

 		COLS    8 TO   10
   4.9769107D+01   2.0000000D+00   0.0000000D+00
0
   1.7942873D+00   6.0926728D-02




   0.8000000D+01
0

 		COLS    1 TO    7
   9.4589501D+00   4.3502637D+00   2.1320376D-01   6.9331980D+01   9.7973579D+00   3.3593457D+00   3.5575370D-01

 		COLS    8 TO   10
   6.9423499D+01   2.0000000D+00   0.0000000D+00
0
   1.8504096D+00   3.1082297D-02




   0.1000000D+02
0

 		COLS    1 TO    7
   9.3974702D+00   5.3531655D+00   2.4666911D-01   8.9012688D+01   9.8153021D+00   4.3498632D+00   3.8519443D-01

 		COLS    8 TO   10
   8.9105733D+01   2.0000000D+00   0.0000000D+00
0
   1.9097142D+00  -9.6113318D-03




   0.1200000D+02
1     EXAMPLE 3  -  MODEL-FOLLOWING, RUN WITH VAX/ORACLS AT GSFC                  ORACLS  PROGRAM

0

 		COLS    1 TO    7
   9.3439028D+00   6.3634006D+00   2.6358106D-01   1.0866891D+02   9.8410301D+00   5.3497711D+00   3.9885896D-01

 		COLS    8 TO   10
   1.0876250D+02   2.0000000D+00   0.0000000D+00
0
   1.9444176D+00  -5.5910246D-02




   0.1400000D+02
0

 		COLS    1 TO    7
   9.2585870D+00   7.3879771D+00   2.8394186D-01   1.2832999D+02   9.8352651D+00   6.3648203D+00   4.1484140D-01

 		COLS    8 TO   10
   1.2842441D+02   2.0000000D+00   0.0000000D+00
0
   1.9814221D+00  -9.9857510D-02




   0.1600000D+02
0

 		COLS    1 TO    7
   9.1761172D+00   8.4088290D+00   3.0715116D-01   1.4799891D+02   9.8323699D+00   7.3756775D+00   4.3374640D-01

 		COLS    8 TO   10
   1.4809427D+02   2.0000000D+00   0.0000000D+00
0
   2.0230646D+00  -1.4313242D-01




   0.1800000D+02
0

 		COLS    1 TO    7
   9.0997322D+00   9.4274267D+00   3.2918291D-01   1.6766858D+02   9.8355192D+00   8.3841989D+00   4.5170504D-01

 		COLS    8 TO   10
   1.6776481D+02   2.0000000D+00   0.0000000D+00
0
1     EXAMPLE 3  -  MODEL-FOLLOWING, RUN WITH VAX/ORACLS AT GSFC                  ORACLS  PROGRAM

   2.0634769D+00  -1.8702727D-01




   0.2000000D+02
0

 		COLS    1 TO    7
   9.0217633D+00   1.0447312D+01   3.5081025D-01   1.8733947D+02   9.8370988D+00   9.3941185D+00   4.6920741D-01

 		COLS    8 TO   10
   1.8743654D+02   2.0000000D+00   0.0000000D+00
0
   2.1031212D+00  -2.3097232D-01




   0.2200000D+02
0

 		COLS    1 TO    7
   8.9427645D+00   1.1467616D+01   3.7275076D-01   2.0701295D+02   9.8376666D+00   1.0404454D+01   4.8698248D-01

 		COLS    8 TO   10
   2.0711089D+02   2.0000000D+00   0.0000000D+00
0
   2.1431502D+00  -2.7478692D-01




   0.2400000D+02
0

 		COLS    1 TO    7
   8.8642480D+00   1.2487737D+01   3.9472902D-01   2.2668872D+02   9.8387229D+00   1.1414584D+01   5.0481197D-01

 		COLS    8 TO   10
   2.2678753D+02   2.0000000D+00   0.0000000D+00
0
   2.1832840D+00  -3.1861843D-01




   0.2600000D+02
0

 		COLS    1 TO    7
1     EXAMPLE 3  -  MODEL-FOLLOWING, RUN WITH VAX/ORACLS AT GSFC                  ORACLS  PROGRAM

   8.7858578D+00   1.3507953D+01   4.1663924D-01   2.4636654D+02   9.8399127D+00   1.2424811D+01   5.2257858D-01

 		COLS    8 TO   10
   2.4646622D+02   2.0000000D+00   0.0000000D+00
0
   2.2233270D+00  -3.6248104D-01




   0.2800000D+02
0

 		COLS    1 TO    7
   8.7073351D+00   1.4528345D+01   4.3855571D-01   2.6604650D+02   9.8409794D+00   1.3435217D+01   5.4034652D-01

 		COLS    8 TO   10
   2.6614705D+02   2.0000000D+00   0.0000000D+00
0
   2.2633685D+00  -4.0634176D-01




   0.3000000D+02
0

 		COLS    1 TO    7
   8.6287954D+00   1.5548843D+01   4.6048866D-01   2.8572865D+02   9.8420381D+00   1.4445726D+01   5.5813003D-01

 		COLS    8 TO   10
   2.8583007D+02   2.0000000D+00   0.0000000D+00
0
   2.3034352D+00  -4.5020287D-01




   0.3200000D+02
0

 		COLS    1 TO    7
   8.5502742D+00   1.6569440D+01   4.8242098D-01   3.0541296D+02   9.8431239D+00   1.5456333D+01   5.7591346D-01

 		COLS    8 TO   10
   3.0551524D+02   2.0000000D+00   0.0000000D+00
0
   2.3435043D+00  -4.9407089D-01
1     EXAMPLE 3  -  MODEL-FOLLOWING, RUN WITH VAX/ORACLS AT GSFC                  ORACLS  PROGRAM





   0.3400000D+02
0

 		COLS    1 TO    7
   8.4717418D+00   1.7590152D+01   5.0435325D-01   3.2509942D+02   9.8442072D+00   1.6467054D+01   5.9369631D-01

 		COLS    8 TO   10
   3.2520257D+02   2.0000000D+00   0.0000000D+00
0
   2.3835737D+00  -5.3794432D-01




   0.3600000D+02
0

 		COLS    1 TO    7
   8.3931956D+00   1.8610979D+01   5.2628895D-01   3.4478805D+02   9.8452854D+00   1.7477889D+01   6.1148195D-01

 		COLS    8 TO   10
   3.4489206D+02   2.0000000D+00   0.0000000D+00
0
   2.4236486D+00  -5.8182202D-01




   0.3800000D+02
0

 		COLS    1 TO    7
   8.3146421D+00   1.9631916D+01   5.4822741D-01   3.6447883D+02   9.8463651D+00   1.8488833D+01   6.2926993D-01

 		COLS    8 TO   10
   3.6458371D+02   2.0000000D+00   0.0000000D+00
0
   2.4637285D+00  -6.2570451D-01




   0.4000000D+02
0

 		COLS    1 TO    7
   8.2360809D+00   2.0652965D+01   5.7016800D-01   3.8417178D+02   9.8474457D+00   1.9499888D+01   6.4705962D-01
1     EXAMPLE 3  -  MODEL-FOLLOWING, RUN WITH VAX/ORACLS AT GSFC                  ORACLS  PROGRAM


 		COLS    8 TO   10
   3.8427752D+02   2.0000000D+00   0.0000000D+00
0
   2.5038125D+00  -6.6959192D-01




   0.4200000D+02
0

 		COLS    1 TO    7
   8.1575107D+00   2.1674127D+01   5.9211098D-01   4.0386688D+02   9.8485261D+00   2.0511054D+01   6.6485123D-01

 		COLS    8 TO   10
   4.0397349D+02   2.0000000D+00   0.0000000D+00
0
   2.5439009D+00  -7.1348414D-01




   0.4400000D+02
0

 		COLS    1 TO    7
   8.0789317D+00   2.2695400D+01   6.1405642D-01   4.2356415D+02   9.8496065D+00   2.1522331D+01   6.8264484D-01

 		COLS    8 TO   10
   4.2367163D+02   2.0000000D+00   0.0000000D+00
0
   2.5839937D+00  -7.5738115D-01




   0.4600000D+02
0

 		COLS    1 TO    7
   8.0003441D+00   2.3716786D+01   6.3600426D-01   4.4326357D+02   9.8506871D+00   2.2533719D+01   7.0044040D-01

 		COLS    8 TO   10
   4.4337192D+02   2.0000000D+00   0.0000000D+00
0
   2.6240909D+00  -8.0128298D-01
1     EXAMPLE 3  -  MODEL-FOLLOWING, RUN WITH VAX/ORACLS AT GSFC                  ORACLS  PROGRAM





   0.4800000D+02
0

 		COLS    1 TO    7
   7.9217480D+00   2.4738284D+01   6.5795450D-01   4.6296516D+02   9.8517679D+00   2.3545218D+01   7.1823790D-01

 		COLS    8 TO   10
   4.6307438D+02   2.0000000D+00   0.0000000D+00
0
   2.6641925D+00  -8.4518963D-01




   0.5000000D+02
0

 		COLS    1 TO    7
   7.8431433D+00   2.5759893D+01   6.7990715D-01   4.8266891D+02   9.8528487D+00   2.4556828D+01   7.3603736D-01

 		COLS    8 TO   10
   4.8277899D+02   2.0000000D+00   0.0000000D+00
0
   2.7042985D+00  -8.8910110D-01
