1     EXAMPLE 2 - OPTIMAL SAMPLED-DATA REGULATOR, RUN WITH VAX/ORACLS AT GSFC     ORACLS  PROGRAM

0        A  MATRIX       4 ROWS       4 COLUMNS
  -2.6000000D+00   2.5000000D-01  -3.8000000D+01   0.0000000D+00
  -7.5000000D-02  -2.7000000D-01   4.4000000D+00   0.0000000D+00
   7.8000000D-02  -9.9000000D-01  -2.3000000D-01   5.2000000D-02
   1.0000000D+00   7.8000000D-02   0.0000000D+00   0.0000000D+00
0        B  MATRIX       4 ROWS       2 COLUMNS
   1.7000000D+01   7.0000000D+00
   8.2000000D-01  -3.2000000D+00
   0.0000000D+00   4.6000000D-02
   0.0000000D+00   0.0000000D+00
0        Q  MATRIX       4 ROWS       4 COLUMNS
   1.0000000D+00   0.0000000D+00   0.0000000D+00   0.0000000D+00
   0.0000000D+00   1.0000000D+00   0.0000000D+00   0.0000000D+00
   0.0000000D+00   0.0000000D+00   1.0000000D+00   0.0000000D+00
   0.0000000D+00   0.0000000D+00   0.0000000D+00   1.0000000D+00
0        R  MATRIX       2 ROWS       2 COLUMNS
   1.0000000D+00   0.0000000D+00
   0.0000000D+00   1.0000000D+00
0     ATIL  MATRIX       4 ROWS       4 COLUMNS
   8.7460216D-01   5.6206553D-02  -1.7644035D+00  -2.3524288D-03
  -3.0698872D-03   9.8114690D-01   2.1998505D-01   2.8616468D-04
   3.7743137D-03  -4.8707923D-02   9.7958437D-01   2.5772852D-03
   4.6820759D-02   4.9177112D-03  -4.4809768D-02   9.9996068D-01
0     BTIL  MATRIX       4 ROWS       2 COLUMNS
   7.9692392D-01   3.2234606D-01
   3.9250218D-02  -1.5895733D-01
   6.1800654D-04   6.8676137D-03
   2.0435169D-02   7.9852845D-03
0     QTIL  MATRIX       4 ROWS       4 COLUMNS
   4.3959404D-02   8.7398740D-04  -4.1390797D-02   1.1608794D-03
   8.7398740D-04   4.9227561D-02   2.8619327D-03   1.1266907D-04
  -4.1390797D-02   2.8619327D-03   1.0386723D-01  -6.3835981D-04
   1.1608794D-03   1.1266907D-04  -6.3835981D-04   4.9999178D-02
0     WTIL  MATRIX       4 ROWS       2 COLUMNS
   3.7319029D-02   1.5229661D-02
   3.1985357D-03  -7.3838878D-03
  -4.8263666D-02  -2.0667855D-02
   6.4086387D-04   2.4991144D-04
0     RTIL  MATRIX       2 ROWS       2 COLUMNS
   6.0964766D-02   4.3451993D-03
   4.3451993D-03   5.2234106D-02
0     AHAT  MATRIX       4 ROWS       4 COLUMNS
   5.9854577D-01   5.4764994D-02  -1.4049026D+00  -7.0633127D-03
   4.4954715D-03   9.6826103D-01   2.0868737D-01   3.9798041D-04
   2.7592406D-03  -4.8223984D-02   9.8096098D-01   2.5606174D-03
   3.9775917D-02   4.8601865D-03  -3.5637777D-02   9.9984043D-01
0     QHAT  MATRIX       4 ROWS       4 COLUMNS
1     EXAMPLE 2 - OPTIMAL SAMPLED-DATA REGULATOR, RUN WITH VAX/ORACLS AT GSFC     ORACLS  PROGRAM

   3.7487559D-02   8.4516580D-04  -3.2962128D-02   1.0504445D-03
   8.4516580D-04   4.8906642D-02   2.8635931D-03   1.1174823D-04
  -3.2962128D-02   2.8635931D-03   9.2886064D-02  -4.9458179D-04
   1.0504445D-03   1.1174823D-04  -4.9458179D-04   4.9997293D-02
0     FTIL  MATRIX       2 ROWS       4 COLUMNS
   2.9744352D-01   3.1456861D-02  -3.8400852D-01   5.1158474D-03
   1.2103929D-01  -7.3297516D-02  -1.6589418D-01   1.9666527D-03


 COMPUTATION OF F SUCH THAT A-BF IS ASYMPTOTICALLY STABLE IN THE DISCRETE SENSE

0      A    MATRIX       4 ROWS       4 COLUMNS
   6.6505086D-01   6.0849993D-02  -1.5610029D+00  -7.8481252D-03
   4.9949683D-03   1.0758456D+00   2.3187486D-01   4.4220046D-04
   3.0658229D-03  -5.3582205D-02   1.0899566D+00   2.8451304D-03
   4.4195464D-02   5.4002072D-03  -3.9597530D-02   1.1109338D+00
0      B    MATRIX       4 ROWS       2 COLUMNS
   8.8547102D-01   3.5816229D-01
   4.3611353D-02  -1.7661925D-01
   6.8667393D-04   7.6306819D-03
   2.2705743D-02   8.8725383D-03


 ALPHA =   0.33873839D+00

0      F    MATRIX       2 ROWS       4 COLUMNS
   8.1498121D-01   2.2921930D+00  -3.0628590D+01   1.4899924D+01
   1.0955671D-01  -5.7422787D+00   8.0373720D+01  -3.4265557D+00
0     A-BF  MATRIX       4 ROWS       4 COLUMNS
  -9.5830473D-02   8.7847250D-02  -3.2271096D+00  -1.1974036D+01
  -1.1197641D-02  -3.8317030D-02   1.5763176D+01  -1.2545593D+00
   1.6702042D-03  -1.1338692D-02   4.9768221D-01   1.8760698D-02
   2.4718663D-02   4.3028501D-03  -5.7271536D-02   8.0302221D-01


 EIGENVALUES OF A-BF
0     EIGN  MATRIX       4 ROWS       2 COLUMNS
   2.3419229D-01   3.3528007D-01
   2.3419229D-01  -3.3528007D-01
   3.4908617D-01   3.1664598D-01
   3.4908617D-01  -3.1664598D-01


 MODULI OF EIGENVALUES OF A-BF

0     MOD   MATRIX       4 ROWS       1 COLUMNS
   4.0897281D-01
   4.0897281D-01
   4.7130228D-01
   4.7130228D-01
1     EXAMPLE 2 - OPTIMAL SAMPLED-DATA REGULATOR, RUN WITH VAX/ORACLS AT GSFC     ORACLS  PROGRAM



 PROGRAM TO SOLVE DISCRETE STEADY-STATE RICCATI EQUATION BY THE NEWTON ALGORITHM

0      A    MATRIX       4 ROWS       4 COLUMNS
   5.9854577D-01   5.4764994D-02  -1.4049026D+00  -7.0633127D-03
   4.4954715D-03   9.6826103D-01   2.0868737D-01   3.9798041D-04
   2.7592406D-03  -4.8223984D-02   9.8096098D-01   2.5606174D-03
   3.9775917D-02   4.8601865D-03  -3.5637777D-02   9.9984043D-01
0      B    MATRIX       4 ROWS       2 COLUMNS
   7.9692392D-01   3.2234606D-01
   3.9250218D-02  -1.5895733D-01
   6.1800654D-04   6.8676137D-03
   2.0435169D-02   7.9852845D-03
0      Q    MATRIX       4 ROWS       4 COLUMNS
   3.7487559D-02   8.4516580D-04  -3.2962128D-02   1.0504445D-03
   8.4516580D-04   4.8906642D-02   2.8635931D-03   1.1174823D-04
  -3.2962128D-02   2.8635931D-03   9.2886064D-02  -4.9458179D-04
   1.0504445D-03   1.1174823D-04  -4.9458179D-04   4.9997293D-02

 H IS AN IDENTITY MATRIX

0      R    MATRIX       2 ROWS       2 COLUMNS
   6.0964766D-02   4.3451993D-03
   4.3451993D-03   5.2234106D-02

 INITIAL F MATRIX

0      F    MATRIX       2 ROWS       4 COLUMNS
   8.1498121D-01   2.2921930D+00  -3.0628590D+01   1.4899924D+01
   1.0955671D-01  -5.7422787D+00   8.0373720D+01  -3.4265557D+00


 FINAL VALUES OF P AND F AFTER   10 ITERATIONS TO CONVERGE

0      P    MATRIX       4 ROWS       4 COLUMNS
   5.1520273D-02   1.0590966D-02  -9.5089721D-02   5.6173730D-02
   1.0590966D-02   3.6895816D-01  -3.4132485D-01   4.2819085D-02
  -9.5089721D-02  -3.4132485D-01   2.9211059D+00  -1.3498471D-01
   5.6173730D-02   4.2819085D-02  -1.3498471D-01   1.0635575D+00
0      F    MATRIX       2 ROWS       4 COLUMNS
   2.7657460D-01   4.4589747D-01  -1.5678530D+00   6.7515437D-01
   8.2414674D-02  -9.4596876D-01   4.6313338D-01   1.3877541D-01


 RESIDUAL ERROR IN RICCATI EQUATION 

0     EROR  MATRIX       4 ROWS       4 COLUMNS
  -2.6289734D-15  -4.2227506D-15   1.1202844D-14  -4.6944219D-14
  -4.2227506D-15  -6.7862382D-15   1.7992552D-14  -7.5384143D-14
1     EXAMPLE 2 - OPTIMAL SAMPLED-DATA REGULATOR, RUN WITH VAX/ORACLS AT GSFC     ORACLS  PROGRAM

   1.1202844D-14   1.7985613D-14  -4.7795101D-14   2.0000321D-13
  -4.6942485D-14  -7.5382409D-14   2.0000321D-13  -8.3807961D-13


 EIGENVALUES OF P 

0     EVLP  MATRIX       4 ROWS       1 COLUMNS
   4.5717003D-02
   3.2330141D-01
   1.0566117D+00
   2.9795117D+00


 CLOSED-LOOP RESPONSE MATRIX A-BF 

0     A-BF  MATRIX       4 ROWS       4 COLUMNS
   3.5157081D-01   4.3479404D-03  -3.0473224D-01  -5.8984369D-01
   6.7402744D-03   8.0039079D-01   3.4384439D-01  -4.0426071D-03
   2.0223236D-03  -4.2003004D-02   9.7874931D-01   1.1903116D-03
   3.3465964D-02   3.3020260D-03  -7.2966874D-03   9.8493537D-01


 EIGENVALUES OF A-BF
0
   3.8573553D-01   0.0000000D+00
   8.8933093D-01   7.9976185D-02
   8.8933093D-01  -7.9976185D-02
   9.5124891D-01   0.0000000D+00
     FOR THE ORIGINAL SAMPLED-DATA PROBELM
0     FHAT  MATRIX       2 ROWS       4 COLUMNS
   2.7657460D-01   4.4589747D-01  -1.5678530D+00   6.7515437D-01
   8.2414674D-02  -9.4596876D-01   4.6313338D-01   1.3877541D-01
0     F     MATRIX       2 ROWS       4 COLUMNS
   5.7401812D-01   4.7735433D-01  -1.9518615D+00   6.8027022D-01
   2.0345396D-01  -1.0192663D+00   2.9723921D-01   1.4074207D-01
