1




















                      INPUT DATA FOR   3 BODIES (A CONSISTANT SET OF UNITS MUST BE USED) 

                         (QUANTITY)      (ENGLISH)           (SI)         (SYMBOL)
                          LENGTH           FOOT            METER             L
                          FORCE            POUND           NEWTON            F
                          TIME             SECOND          SECOND            T
                          MASS             SLUG            KILOGRAM          M
                          ANGLE            RADIAN          RADIAN            R


1
     BODY NUMBER  1  (RIGID BODY)MAIN BODY (IGNITION)                                                    

          TOTAL MASS OF BODY  1 =0.16983D+03 (M) 


                           0.48187D+03 0.00000D+00 0.00000D+00   BODY  1 COORDINATES 
          INERTIA TENSOR = 0.00000D+00 0.16649D+04 0.00000D+00      UNITS 
                           0.00000D+00 0.00000D+00 0.16649D+04     (M*L**2) 


          CENTER OF MASS OF BODY 1 CAN TRANSLATE AND ROTATE ININTERTIAL SPACE 
             (TRANSLATIONAL CONDITIONS GIVEN AFTER BODY  3DATA)


          TRANSFORMATION MATRIX   0.10000D+01 0.00000D+00 0.00000D+00     DEFINES NOMINAL RELATIVE 
             BODY  1 TO         = 0.00000D+00 0.10000D+01 0.00000D+00            ORIENTATION
              INERTIAL            0.00000D+00 0.00000D+00 0.10000D+01       OF BODY FIXED AXES


          COMPONENTS OF VECTOR FROM         0.00000D+00    (BODY  1 FIXED 
           HINGE POINT  0 TO CENTER         0.00000D+00      COORDINATES)
           OF MASS OF BODY  1               0.00000D+00          (L)


          COMPONENTS OF VECTOR FROM         0.00000D+00    (INERTIAL
           INERTIAL ORIGIN TO CENTER        0.00000D+00         COORDINATES)
           OF MASS OF BODY 1                0.00000D+00          (L)


          THREE DEGREES OF FREEDOM AT HINGE POINT  0

          COMPONENTS OF FREE    0.00000D+00      COMPONENTS OF FREE    0.10000D+01
           VECTOR  1 FIXED    = 0.10000D+01       VECTOR  3 FIXED    = 0.00000D+00
            INERTIALLY          0.00000D+00       IN BODY  1           0.00000D+00


           COMPONENTS OF FREE VECTOR  2 DEFINED INTERNALLY BY VECTOR CROSS PRODUCT 

                 INITIAL CONDITIONS ABOUT FREE AXES (RAD,RAD/SEC)

               THA( 1) = 0.00000D+00    THAD( 1) = 0.49500D-01
               THA( 2) = 0.00000D+00    THAD( 2) = 0.00000D+00
               THA( 3) = 0.00000D+00    THAD( 3) = 0.41888D+01
1
     BODY NUMBER  2  (RIGID BODY)FUEL TANK #1                                                            

          TOTAL MASS OF BODY  2 =0.15540D+02 (M) 


                           0.12510D+02 0.00000D+00 0.00000D+00   BODY  2 COORDINATES 
          INERTIA TENSOR = 0.00000D+00 0.10080D+02 0.00000D+00      UNITS 
                           0.00000D+00 0.00000D+00 0.10080D+02     (M*L**2) 


          BODY  2 CONNECTED TO BODY  1 AT HINGE POINT  1

          TRANSFORMATION MATRIX   0.10000D+01 0.00000D+00 0.00000D+00     DEFINES NOMINAL RELATIVE 
             BODY  2 TO         = 0.00000D+00 0.10000D+01 0.00000D+00            ORIENTATION
             BODY  1              0.00000D+00 0.00000D+00 0.10000D+01       OF BODY FIXED AXES


          COMPONENTS OF VECTOR FROM        -0.18600D+00    (BODY  2 FIXED 
           HINGE POINT  1 TO CENTER         0.00000D+00      COORDINATES)
           OF MASS OF BODY  2               0.00000D+00          (L)


          COMPONENTS OF VECTOR FROM         0.71150D+01    (BODY  1 FIXED 
           HINGE POINT  0 TO HINGE          0.00000D+00      COORDINATES) 
           POINT  1                         0.00000D+00          (L)


           TWO DEGREES OF FREEDOM AT HINGE POINT   1

          COMPONENTS OF FREE    0.00000D+00      COMPONENTS OF FREE    0.00000D+00
           VECTOR  4 FIXED    = 0.00000D+00       VECTOR  5 FIXED    = 0.10000D+01
           IN BODY  1           0.10000D+01       IN BODY  2           0.00000D+00


          COMPONENTS OF LOCKED VECTOR  1 DEFINED INTERNALLYBY VECTOR CROSS PRODUCT 


                 INITIAL CONDITIONS ABOUT FREE AXES (RAD,RAD/SEC)

               THA( 4) = 0.00000D+00    THAD( 4) = 0.00000D+00
               THA( 5) = 0.00000D+00    THAD( 5) = 0.00000D+00
1
     BODY NUMBER  3  (RIGID BODY)FUEL TANK #2                                                            

          TOTAL MASS OF BODY  3 =0.25610D+02 (M) 


                           0.20620D+02 0.00000D+00 0.00000D+00   BODY  3 COORDINATES 
          INERTIA TENSOR = 0.00000D+00 0.16620D+02 0.00000D+00      UNITS 
                           0.00000D+00 0.00000D+00 0.16620D+02     (M*L**2) 


          BODY  3 CONNECTED TO BODY  1 AT HINGE POINT  2

          TRANSFORMATION MATRIX   0.10000D+01 0.00000D+00 0.00000D+00     DEFINES NOMINAL RELATIVE 
             BODY  3 TO         = 0.00000D+00 0.10000D+01 0.00000D+00            ORIENTATION
             BODY  1              0.00000D+00 0.00000D+00 0.10000D+01       OF BODY FIXED AXES


          COMPONENTS OF VECTOR FROM        -0.18600D+00    (BODY  3 FIXED 
           HINGE POINT  2 TO CENTER         0.00000D+00      COORDINATES)
           OF MASS OF BODY  3               0.00000D+00          (L)


          COMPONENTS OF VECTOR FROM         0.41460D+01    (BODY  1 FIXED 
           HINGE POINT  0 TO HINGE          0.00000D+00      COORDINATES) 
           POINT  2                         0.00000D+00          (L)


           TWO DEGREES OF FREEDOM AT HINGE POINT   2

          COMPONENTS OF FREE    0.00000D+00      COMPONENTS OF FREE    0.00000D+00
           VECTOR  6 FIXED    = 0.10000D+01       VECTOR  7 FIXED    = 0.00000D+00
           IN BODY  1           0.00000D+00       IN BODY  3           0.10000D+01


          COMPONENTS OF LOCKED VECTOR  2 DEFINED INTERNALLYBY VECTOR CROSS PRODUCT 


                 INITIAL CONDITIONS ABOUT FREE AXES (RAD,RAD/SEC)

               THA( 6) = 0.00000D+00    THAD( 6) = 0.00000D+00
               THA( 7) = 0.00000D+00    THAD( 7) = 0.00000D+00
1
           TRANSLATIONAL CONDITIONS ON CENTER OF MASS OF BODY 1 RELATIVE TO INERTIAL ORIGIN 
                    (MOTION CONSTRAINED ALONG   0 AXES)


               FREE VECTORS ALIGNED WITH INERTIALLY FIXED AXES RESPECTIVELY 



                 INITIAL CONDITIONS ALONG FREE AXES (L,L/T)

               THA( 8) = 0.00000D+00    THAD( 8) = 0.00000D+00
               THA( 9) = 0.00000D+00    THAD( 9) = 0.00000D+00
               THA(10) = 0.00000D+00    THAD(10) = 0.00000D+00




          INITIAL CONDITIONS OF ALL DIRECTION COSINE TRANSFORMATION MATRICES COMPUTED
            INTERNALLY FROM THE TRANSFORMATION MATRICES WHICH DEFINE NOMINAL RELATIVE
            ORIENTATION (ZERO INTERNAL STRESS STATE) AND INITIALCONDITIONS FOR
            ROTATION ABOUT THE SPECIFIED FREE VECTORS




           ENTIRE SYSTEM HAS 10 UNCONSTRAINED DEGREES OF FREEDOM 


           ENTIRE SYSTEM HAS  2 LOCKED OR CONSTRAINED DEGREES OF FREEDOM 


1




          INTEGRATION STEP SIZE FOR FIXED STEP RUNGE KUTTA INTEGRATION (FOURTH ORDER) = 0.10000D-02




          PROGRAM TIME TERMINATOR= 0.10000D-01
1
          COMPUTING FRAME TAKEN TO BE THAT FIXED IN BODY 1



                              TO SPEED UP COMPUTATION VARIOUS TRUNCATED SETS OF BODY LABELS HAVE BEEN DEFINED
                                  THE SPECIFICATION OF THESE SETS PERMITS ENGINEERING JUDGEMENT TO
                                      BE INTRODUCED INTO THE FORMALISM AND MODELLING 



                              BODY LABELS OF BODIES IN NEST  0       3    2    1
                              MOMENTUM WHEEL LABELS IN NEST  0
                    PRIME CONTRIBUTORS TO COMPUTATION OF 
                              PSUEDO INERTIA TENSORS                 3    2    1
                              INERTIA CROSS COUPLING                 3    2    1
                              CENTRIPITAL CROSS COUPLING             3    2    1
                              CORIOLIS CROSS COUPLING
                    FOR THE EQUATION OF MOTION OF NEST  0




                              BODY LABELS OF BODIES IN NEST  1       2
                              MOMENTUM WHEEL LABELS IN NEST  1
                    PRIME CONTRIBUTORS TO COMPUTATION OF 
                              PSUEDO INERTIA TENSORS                 2
                              INERTIA CROSS COUPLING                 2
                              CENTRIPITAL CROSS COUPLING             2
                              CORIOLIS CROSS COUPLING
                    FOR THE EQUATION OF MOTION OF NEST  1




                              BODY LABELS OF BODIES IN NEST  2       3
                              MOMENTUM WHEEL LABELS IN NEST  2
                    PRIME CONTRIBUTORS TO COMPUTATION OF 
                              PSUEDO INERTIA TENSORS                 3
                              INERTIA CROSS COUPLING                 3
                              CENTRIPITAL CROSS COUPLING             3
                              CORIOLIS CROSS COUPLING
                    FOR THE EQUATION OF MOTION OF NEST  2




1
          RELATIVE ANGULAR DISPLACEMENT BETWEEN BODIES  3 AND  1 IS COMPUTED VIA INTEGRATION OF DIRECTION COSINE EQUATIONS
          RELATIVE ANGULAR DISPLACEMENT BETWEEN BODIES  2 AND  1 IS COMPUTED VIA INTEGRATION OF DIRECTION COSINE EQUATIONS
          RELATIVE ANGULAR DISPLACEMENT BETWEEN BODIES  1 AND  0 IS COMPUTED VIA INTEGRATION OF DIRECTION COSINE EQUATIONS





          THE ELEMENTS OF COLUMN  3 DOWN TO THE DIAGONAL INTHE SYSTEM INERTIA MATRIX OF DYADS ARE ASSUMED TIME VARYING
          THE ELEMENTS OF COLUMN  2 DOWN TO THE DIAGONAL INTHE SYSTEM INERTIA MATRIX OF DYADS ARE ASSUMED TIME VARYING
          THE ELEMENTS OF COLUMN  1 DOWN TO THE DIAGONAL INTHE SYSTEM INERTIA MATRIX OF DYADS ARE ASSUMED TIME VARYING





          VECTORS AND DYADS FIXED IN BODY  3 ARE ASSUMED TIME VARYING IN THE FRAME OF COMPUTATION 
          VECTORS AND DYADS FIXED IN BODY  2 ARE ASSUMED TIME VARYING IN THE FRAME OF COMPUTATION 





          DISPLACEMENT ABOUT OR ALONG FREE VECTOR  1 COMPUTED
          DISPLACEMENT ABOUT OR ALONG FREE VECTOR  2 COMPUTED
          DISPLACEMENT ABOUT OR ALONG FREE VECTOR  3 COMPUTED
          DISPLACEMENT ABOUT OR ALONG FREE VECTOR  4 COMPUTED
          DISPLACEMENT ABOUT OR ALONG FREE VECTOR  5 COMPUTED
          DISPLACEMENT ABOUT OR ALONG FREE VECTOR  6 COMPUTED
          DISPLACEMENT ABOUT OR ALONG FREE VECTOR  7 COMPUTED
          DISPLACEMENT ABOUT OR ALONG FREE VECTOR  8 COMPUTED
          DISPLACEMENT ABOUT OR ALONG FREE VECTOR  9 COMPUTED
          DISPLACEMENT ABOUT OR ALONG FREE VECTOR 10 COMPUTED





1 TIME =     0.00000D+00

  CENTER OF MASS =   0.99105252D+00   0.00000000D+00   0.00000000D+00

   TOTAL SYSTEM MASS =   0.21098000D+03

                            0.51500000D+03   0.00000000D+00   0.00000000D+00
  SYSTEM INERTIA TENSOR =   0.00000000D+00   0.26320759D+04   0.00000000D+00
                            0.00000000D+00   0.00000000D+00   0.26320759D+04
  
  ANGULAR MOMENTUM =       0.21618055D+04

   HBODY    =    0.21572320D+04   0.14054522D+03   0.00000000D+00
   HINERT   =    0.21572320D+04   0.14054522D+03   0.00000000D+00

  LINEAR MOMENTUM =       0.10350067D+02

   LBODY    =    0.00000000D+00   0.00000000D+00  -0.10350067D+02

  KINETIC ENERGY =       0.45215852D+04

   BODY  1    ROMC =   0.41888000D+01   0.49500000D-01   0.00000000D+00   FOMC =   0.41888000D+01   0.49500000D-01   0.00000000D+00
              ACC =    0.00000000D+00   0.00000000D+00  -0.16626456D+00
              ETC =    0.00000000D+00   0.00000000D+00   0.10678298D+03   PHI =    0.00000000D+00   0.00000000D+00   0.00000000D+00
              CAC =    0.00000000D+00   0.00000000D+00   0.00000000D+00   CBC =    0.00000000D+00   0.00000000D+00   0.00000000D+00
              POS =    0.00000000D+00   0.00000000D+00   0.00000000D+00   VEL =    0.00000000D+00   0.00000000D+00   0.00000000D+00
              XMC =    0.10000000D+01   0.00000000D+00   0.00000000D+00   XIC =    0.48187000D+03   0.00000000D+00   0.00000000D+00
              XMC =    0.00000000D+00   0.10000000D+01   0.00000000D+00   XIC =    0.00000000D+00   0.16649000D+04   0.00000000D+00
              XMC =    0.00000000D+00   0.00000000D+00   0.10000000D+01   XIC =    0.00000000D+00   0.00000000D+00   0.16649000D+04
               HB =    0.20184571D+04   0.82412550D+02   0.00000000D+00    TK =    0.42294962D+04
               LM =    0.00000000D+00   0.00000000D+00   0.00000000D+00

   BODY  2    ROMC =   0.00000000D+00   0.00000000D+00   0.00000000D+00   FOMC =   0.41888000D+01   0.49500000D-01   0.00000000D+00
              ACC =    0.00000000D+00   0.00000000D+00   0.27421043D+00
              ETC =    0.00000000D+00   0.00000000D+00   0.25938935D+01   PHI =    0.00000000D+00   0.00000000D+00   0.00000000D+00
              CAC =   -0.18600000D+00   0.00000000D+00   0.00000000D+00   CBC =    0.71150000D+01   0.00000000D+00   0.00000000D+00
              POS =    0.69290000D+01   0.00000000D+00   0.00000000D+00   VEL =    0.00000000D+00   0.00000000D+00  -0.34298550D+00
              XMC =    0.10000000D+01   0.00000000D+00   0.00000000D+00   XIC =    0.12510000D+02   0.00000000D+00   0.00000000D+00
              XMC =    0.00000000D+00   0.10000000D+01   0.00000000D+00   XIC =    0.00000000D+00   0.10080000D+02   0.00000000D+00
              XMC =    0.00000000D+00   0.00000000D+00   0.10000000D+01   XIC =    0.00000000D+00   0.00000000D+00   0.10080000D+02
               HB =    0.52401888D+02   0.37430493D+02   0.00000000D+00    TK =    0.11067692D+03
               LM =    0.00000000D+00   0.00000000D+00  -0.53299947D+01

   BODY  3    ROMC =   0.00000000D+00   0.00000000D+00   0.00000000D+00   FOMC =   0.41888000D+01   0.49500000D-01   0.00000000D+00
              ACC =    0.00000000D+00   0.00000000D+00   0.24091687D+00
              ETC =    0.00000000D+00   0.00000000D+00   0.42754663D+01   PHI =    0.00000000D+00   0.00000000D+00   0.00000000D+00
              CAC =   -0.18600000D+00   0.00000000D+00   0.00000000D+00   CBC =    0.41460000D+01   0.00000000D+00   0.00000000D+00
              POS =    0.39600000D+01   0.00000000D+00   0.00000000D+00   VEL =    0.00000000D+00   0.00000000D+00  -0.19602000D+00
              XMC =    0.10000000D+01   0.00000000D+00   0.00000000D+00   XIC =    0.20620000D+02   0.00000000D+00   0.00000000D+00
              XMC =    0.00000000D+00   0.10000000D+01   0.00000000D+00   XIC =    0.00000000D+00   0.16620000D+02   0.00000000D+00
              XMC =    0.00000000D+00   0.00000000D+00   0.10000000D+01   XIC =    0.00000000D+00   0.00000000D+00   0.16620000D+02
               HB =    0.86373056D+02   0.20702176D+02   0.00000000D+00    TK =    0.18141211D+03
               LM =    0.00000000D+00   0.00000000D+00  -0.50200722D+01

   ORIGIN    FOMC =    0.00000000D+00   0.00000000D+00   0.00000000D+00   ACC =    0.71099215D+02  -0.31517397D-01   0.00000000D+00
              ETC =    0.15000512D+05   0.88817842D-15   0.00000000D+00   PHI =    0.15000000D+05   0.00000000D+00   0.00000000D+00
              CBC =    0.99105252D+00   0.00000000D+00   0.00000000D+00
              XMC =    0.10000000D+01   0.00000000D+00   0.00000000D+00
              XMC =    0.00000000D+00   0.10000000D+01   0.00000000D+00
              XMC =    0.00000000D+00   0.00000000D+00   0.10000000D+01
  
  
   THA( 1) = 0.000000D+00   THAD( 1) = 0.495000D-01   THADD( 1) = 0.000000D+00   QFC( 1) = 0.000000D+00 0.100000D+01 0.000000D+00
   THA( 2) = 0.000000D+00   THAD( 2) = 0.000000D+00   THADD( 2) = 0.410810D-01   QFC( 2) = 0.000000D+00 0.000000D+00 0.100000D+01
   THA( 3) = 0.000000D+00   THAD( 3) = 0.418880D+01   THADD( 3) = 0.000000D+00   QFC( 3) = 0.100000D+01 0.000000D+00 0.000000D+00
   THA( 4) = 0.000000D+00   THAD( 4) = 0.000000D+00   THADD( 4) = 0.274210D+00   QFC( 4) = 0.000000D+00 0.000000D+00 0.100000D+01
   THA( 5) = 0.000000D+00   THAD( 5) = 0.000000D+00   THADD( 5) = 0.000000D+00   QFC( 5) = 0.000000D+00 0.100000D+01 0.000000D+00
   THA( 6) = 0.000000D+00   THAD( 6) = 0.000000D+00   THADD( 6) = 0.000000D+00   QFC( 6) = 0.000000D+00 0.100000D+01 0.000000D+00
   THA( 7) = 0.000000D+00   THAD( 7) = 0.000000D+00   THADD( 7) = 0.240917D+00   QFC( 7) = 0.000000D+00 0.000000D+00 0.100000D+01
   THA( 8) = 0.000000D+00   THAD( 8) = 0.000000D+00   THADD( 8) = 0.710992D+02   QFC( 8) = 0.100000D+01 0.000000D+00 0.000000D+00
   THA( 9) = 0.000000D+00   THAD( 9) = 0.000000D+00   THADD( 9) =-0.315174D-01   QFC( 9) = 0.000000D+00 0.100000D+01 0.000000D+00
   THA(10) = 0.000000D+00   THAD(10) = 0.000000D+00   THADD(10) = 0.000000D+00   QFC(10) = 0.000000D+00 0.000000D+00 0.100000D+01
1
1 TIME =     0.00000D+00

  CENTER OF MASS =   0.99105252D+00   0.00000000D+00   0.00000000D+00

   TOTAL SYSTEM MASS =   0.21098000D+03

                            0.51500000D+03   0.00000000D+00   0.00000000D+00
  SYSTEM INERTIA TENSOR =   0.00000000D+00   0.26320759D+04   0.00000000D+00
                            0.00000000D+00   0.00000000D+00   0.26320759D+04
  
  ANGULAR MOMENTUM =       0.21618055D+04

   HBODY    =    0.21572320D+04   0.14054522D+03   0.00000000D+00
   HINERT   =    0.21572320D+04   0.14054522D+03   0.00000000D+00

  LINEAR MOMENTUM =       0.10350067D+02

   LBODY    =    0.00000000D+00   0.00000000D+00  -0.10350067D+02

  KINETIC ENERGY =       0.45215852D+04

   BODY  1    ROMC =   0.41888000D+01   0.49500000D-01   0.00000000D+00   FOMC =   0.41888000D+01   0.49500000D-01   0.00000000D+00
              ACC =    0.00000000D+00   0.00000000D+00  -0.16626456D+00
              ETC =    0.00000000D+00   0.00000000D+00   0.10678298D+03   PHI =    0.00000000D+00   0.00000000D+00   0.00000000D+00
              CAC =    0.00000000D+00   0.00000000D+00   0.00000000D+00   CBC =    0.00000000D+00   0.00000000D+00   0.00000000D+00
              POS =    0.00000000D+00   0.00000000D+00   0.00000000D+00   VEL =    0.00000000D+00   0.00000000D+00   0.00000000D+00
              XMC =    0.10000000D+01   0.00000000D+00   0.00000000D+00   XIC =    0.48187000D+03   0.00000000D+00   0.00000000D+00
              XMC =    0.00000000D+00   0.10000000D+01   0.00000000D+00   XIC =    0.00000000D+00   0.16649000D+04   0.00000000D+00
              XMC =    0.00000000D+00   0.00000000D+00   0.10000000D+01   XIC =    0.00000000D+00   0.00000000D+00   0.16649000D+04
               HB =    0.20184571D+04   0.82412550D+02   0.00000000D+00    TK =    0.42294962D+04
               LM =    0.00000000D+00   0.00000000D+00   0.00000000D+00

   BODY  2    ROMC =   0.00000000D+00   0.00000000D+00   0.00000000D+00   FOMC =   0.41888000D+01   0.49500000D-01   0.00000000D+00
              ACC =    0.00000000D+00   0.00000000D+00   0.27421043D+00
              ETC =    0.00000000D+00   0.00000000D+00   0.25938935D+01   PHI =    0.00000000D+00   0.00000000D+00   0.00000000D+00
              CAC =   -0.18600000D+00   0.00000000D+00   0.00000000D+00   CBC =    0.71150000D+01   0.00000000D+00   0.00000000D+00
              POS =    0.69290000D+01   0.00000000D+00   0.00000000D+00   VEL =    0.00000000D+00   0.00000000D+00  -0.34298550D+00
              XMC =    0.10000000D+01   0.00000000D+00   0.00000000D+00   XIC =    0.12510000D+02   0.00000000D+00   0.00000000D+00
              XMC =    0.00000000D+00   0.10000000D+01   0.00000000D+00   XIC =    0.00000000D+00   0.10080000D+02   0.00000000D+00
              XMC =    0.00000000D+00   0.00000000D+00   0.10000000D+01   XIC =    0.00000000D+00   0.00000000D+00   0.10080000D+02
               HB =    0.52401888D+02   0.37430493D+02   0.00000000D+00    TK =    0.11067692D+03
               LM =    0.00000000D+00   0.00000000D+00  -0.53299947D+01

   BODY  3    ROMC =   0.00000000D+00   0.00000000D+00   0.00000000D+00   FOMC =   0.41888000D+01   0.49500000D-01   0.00000000D+00
              ACC =    0.00000000D+00   0.00000000D+00   0.24091687D+00
              ETC =    0.00000000D+00   0.00000000D+00   0.42754663D+01   PHI =    0.00000000D+00   0.00000000D+00   0.00000000D+00
              CAC =   -0.18600000D+00   0.00000000D+00   0.00000000D+00   CBC =    0.41460000D+01   0.00000000D+00   0.00000000D+00
              POS =    0.39600000D+01   0.00000000D+00   0.00000000D+00   VEL =    0.00000000D+00   0.00000000D+00  -0.19602000D+00
              XMC =    0.10000000D+01   0.00000000D+00   0.00000000D+00   XIC =    0.20620000D+02   0.00000000D+00   0.00000000D+00
              XMC =    0.00000000D+00   0.10000000D+01   0.00000000D+00   XIC =    0.00000000D+00   0.16620000D+02   0.00000000D+00
              XMC =    0.00000000D+00   0.00000000D+00   0.10000000D+01   XIC =    0.00000000D+00   0.00000000D+00   0.16620000D+02
               HB =    0.86373056D+02   0.20702176D+02   0.00000000D+00    TK =    0.18141211D+03
               LM =    0.00000000D+00   0.00000000D+00  -0.50200722D+01

   ORIGIN    FOMC =    0.00000000D+00   0.00000000D+00   0.00000000D+00   ACC =    0.71099215D+02  -0.31517397D-01   0.00000000D+00
              ETC =    0.15000512D+05   0.88817842D-15   0.00000000D+00   PHI =    0.15000000D+05   0.00000000D+00   0.00000000D+00
              CBC =    0.99105252D+00   0.00000000D+00   0.00000000D+00
              XMC =    0.10000000D+01   0.00000000D+00   0.00000000D+00
              XMC =    0.00000000D+00   0.10000000D+01   0.00000000D+00
              XMC =    0.00000000D+00   0.00000000D+00   0.10000000D+01
  
   THA( 1) = 0.000000D+00   THAD( 1) = 0.495000D-01   THADD( 1) = 0.000000D+00   QFC( 1) = 0.000000D+00 0.100000D+01 0.000000D+00
   THA( 2) = 0.000000D+00   THAD( 2) = 0.000000D+00   THADD( 2) = 0.410810D-01   QFC( 2) = 0.000000D+00 0.000000D+00 0.100000D+01
   THA( 3) = 0.000000D+00   THAD( 3) = 0.418880D+01   THADD( 3) = 0.000000D+00   QFC( 3) = 0.100000D+01 0.000000D+00 0.000000D+00
   THA( 4) = 0.000000D+00   THAD( 4) = 0.000000D+00   THADD( 4) = 0.274210D+00   QFC( 4) = 0.000000D+00 0.000000D+00 0.100000D+01
   THA( 5) = 0.000000D+00   THAD( 5) = 0.000000D+00   THADD( 5) = 0.000000D+00   QFC( 5) = 0.000000D+00 0.100000D+01 0.000000D+00
   THA( 6) = 0.000000D+00   THAD( 6) = 0.000000D+00   THADD( 6) = 0.000000D+00   QFC( 6) = 0.000000D+00 0.100000D+01 0.000000D+00
   THA( 7) = 0.000000D+00   THAD( 7) = 0.000000D+00   THADD( 7) = 0.240917D+00   QFC( 7) = 0.000000D+00 0.000000D+00 0.100000D+01
   THA( 8) = 0.000000D+00   THAD( 8) = 0.000000D+00   THADD( 8) = 0.710992D+02   QFC( 8) = 0.100000D+01 0.000000D+00 0.000000D+00
   THA( 9) = 0.000000D+00   THAD( 9) = 0.000000D+00   THADD( 9) =-0.315174D-01   QFC( 9) = 0.000000D+00 0.100000D+01 0.000000D+00
   THA(10) = 0.000000D+00   THAD(10) = 0.000000D+00   THADD(10) = 0.000000D+00   QFC(10) = 0.000000D+00 0.000000D+00 0.100000D+01
1 TIME =     0.10000D-02

  CENTER OF MASS =   0.99105252D+00  -0.45980066D-08   0.10333859D-10

   TOTAL SYSTEM MASS =   0.21098000D+03

                            0.51500000D+03   0.48717256D-05  -0.10938979D-07
  SYSTEM INERTIA TENSOR =   0.48717256D-05   0.26320759D+04  -0.19148480D-15
                           -0.10938979D-07  -0.19148480D-15   0.26320759D+04
  
  ANGULAR MOMENTUM =       0.21618055D+04

   HBODY    =    0.21572320D+04   0.14054439D+03  -0.48193180D+00
   HINERT   =    0.21572320D+04   0.14054522D+03   0.78791896D-07

  LINEAR MOMENTUM =       0.18224477D+02

   LBODY    =    0.15000512D+02  -0.43352884D-01  -0.10349605D+02

  KINETIC ENERGY =       0.45221184D+04

   BODY  1    ROMC =   0.41888000D+01   0.49499713D-01  -0.16626424D-03   FOMC =   0.41888000D+01   0.49499713D-01  -0.16626424D-03
              ACC =   -0.80718631D-06  -0.57440243D-03  -0.16626361D+00
              ETC =   -0.14629589D-02   0.29611299D+00   0.10678247D+03   PHI =    0.00000000D+00   0.00000000D+00   0.00000000D+00
              CAC =    0.00000000D+00   0.00000000D+00   0.00000000D+00   CBC =    0.35549607D-04  -0.15754269D-07   0.12397995D-08
              POS =    0.35549607D-04  -0.15754269D-07   0.12397995D-08   VEL =    0.71099215D-01  -0.31510777D-04   0.18936991D-05
              XMC =    0.10000000D+01   0.00000000D+00   0.00000000D+00   XIC =    0.48187000D+03   0.00000000D+00   0.00000000D+00
              XMC =    0.00000000D+00   0.10000000D+01   0.00000000D+00   XIC =    0.00000000D+00   0.16649000D+04   0.00000000D+00
              XMC =    0.00000000D+00   0.00000000D+00   0.10000000D+01   XIC =    0.00000000D+00   0.00000000D+00   0.16649000D+04
               HB =    0.20184571D+04   0.82412072D+02  -0.27681334D+00    TK =    0.42299254D+04
               LM =    0.12074780D+02  -0.53514753D-02   0.32160693D-03

   BODY  2    ROMC =  -0.12625887D-12   0.92089478D-06   0.27420781D-03   FOMC =   0.41888000D+01   0.49500634D-01   0.10794357D-03
              ACC =   -0.50503307D-09   0.18417807D-02   0.27420257D+00
              ETC =   -0.19523818D-03   0.18734380D-01   0.25938402D+01   PHI =    0.00000000D+00   0.00000000D+00   0.00000000D+00
              CAC =   -0.18600000D+00  -0.25501448D-07   0.57095767D-10   CBC =    0.71150000D+01   0.00000000D+00   0.00000000D+00
              POS =    0.69290355D+01  -0.41255717D-07   0.12968952D-08   VEL =    0.71099215D-01  -0.12345586D-02  -0.34298155D+00
              XMC =    0.10000000D+01  -0.13710456D-06   0.30696649D-09   XIC =    0.12510000D+02   0.33316408D-06  -0.74592857D-09
              XMC =    0.13710456D-06   0.10000000D+01   0.42086505D-16   XIC =    0.33316408D-06   0.10080000D+02  -0.10227021D-15
              XMC =   -0.30696649D-09   0.00000000D+00   0.10000000D+01   XIC =   -0.74592857D-09  -0.10227021D-15   0.10080000D+02
               HB =    0.52401888D+02   0.37430265D+02  -0.13184572D+00    TK =    0.11071619D+03
               LM =    0.11048818D+01  -0.19185041D-01  -0.53299333D+01

   BODY  3    ROMC =   0.65392412D-13   0.81429996D-06   0.24091378D-03   FOMC =   0.41888000D+01   0.49500527D-01   0.74649533D-04
              ACC =    0.26156702D-09   0.16285895D-02   0.24090838D+00
              ETC =   -0.28783389D-03   0.28884189D-01   0.42753584D+01   PHI =    0.12625887D-13  -0.92089478D-07  -0.27420781D-04
              CAC =   -0.18600000D+00  -0.22405113D-07   0.50486895D-10   CBC =    0.41460000D+01   0.00000000D+00   0.00000000D+00
              POS =    0.39600355D+01  -0.38159382D-07   0.12902864D-08   VEL =    0.71099215D-01  -0.73472735D-03  -0.19601691D+00
              XMC =    0.10000000D+01  -0.12045760D-06   0.27143492D-09   XIC =    0.20620000D+02   0.48183038D-06  -0.10857397D-08
              XMC =    0.12045760D-06   0.10000000D+01  -0.81740623D-17   XIC =    0.48183038D-06   0.16620000D+02  -0.13078559D-15
              XMC =   -0.27143492D-09   0.40870460D-16   0.10000000D+01   XIC =   -0.10857397D-08  -0.13078559D-15   0.16620000D+02
               HB =    0.86373056D+02   0.20702052D+02  -0.73272744D-01    TK =    0.18147683D+03
               LM =    0.18208509D+01  -0.18816368D-01  -0.50199931D+01

   ORIGIN    FOMC =    0.00000000D+00   0.00000000D+00   0.00000000D+00   ACC =    0.71099215D+02  -0.31517272D-01   0.13599107D-03
              ETC =    0.15000512D+05   0.37763448D-04   0.16253959D-01   PHI =    0.15000000D+05   0.00000000D+00   0.00000000D+00
              CBC =    0.99108807D+00  -0.20352276D-07   0.12501333D-08
              XMC =    0.10000000D+01   0.20540511D-07  -0.49499992D-04
              XMC =    0.18680463D-06   0.99999123D+00   0.41887877D-02
              XMC =    0.49499643D-04  -0.41887878D-02   0.99999123D+00
  
   THA( 1) = 0.495000D-04   THAD( 1) = 0.495000D-01   THADD( 1) =-0.500346D-04   QFC( 1) = 0.205405D-07 0.999991D+00-0.418879D-02
   THA( 2) = 0.205405D-07   THAD( 2) = 0.410810D-04   THADD( 2) = 0.410809D-01   QFC( 2) = 0.000000D+00 0.418879D-02 0.999991D+00
   THA( 3) = 0.418880D-02   THAD( 3) = 0.418880D+01   THADD( 3) =-0.284069D-05   QFC( 3) = 0.100000D+01 0.000000D+00 0.000000D+00
   THA( 4) = 0.137105D-06   THAD( 4) = 0.274208D-03   THADD( 4) = 0.274203D+00   QFC( 4) = 0.000000D+00 0.000000D+00 0.100000D+01
   THA( 5) = 0.306966D-09   THAD( 5) = 0.920895D-06   THADD( 5) = 0.184178D-02   QFC( 5) =-0.137105D-06 0.100000D+01 0.000000D+00
   THA( 6) = 0.271435D-09   THAD( 6) = 0.814300D-06   THADD( 6) = 0.162859D-02   QFC( 6) = 0.000000D+00 0.100000D+01 0.000000D+00
   THA( 7) = 0.120458D-06   THAD( 7) = 0.240914D-03   THADD( 7) = 0.240908D+00   QFC( 7) = 0.271435D-09-0.817406D-17 0.100000D+01
   THA( 8) = 0.355496D-04   THAD( 8) = 0.710992D-01   THADD( 8) = 0.710992D+02   QFC( 8) = 0.100000D+01 0.186805D-06 0.494996D-04
   THA( 9) =-0.157586D-07   THAD( 9) =-0.315170D-04   THADD( 9) =-0.315161D-01   QFC( 9) = 0.205405D-07 0.999991D+00-0.418879D-02
   THA(10) =-0.585908D-09   THAD(10) =-0.175772D-05   THADD(10) =-0.351544D-02   QFC(10) =-0.495000D-04 0.418879D-02 0.999991D+00
1 TIME =     0.20000D-02

  CENTER OF MASS =   0.99105252D+00  -0.18391739D-07   0.82669844D-10

   TOTAL SYSTEM MASS =   0.21098000D+03

                            0.51500000D+03   0.19486604D-04  -0.87510769D-07
  SYSTEM INERTIA TENSOR =   0.19486604D-04   0.26320759D+04  -0.61273422D-14
                           -0.87510769D-07  -0.61273422D-14   0.26320759D+04
  
  ANGULAR MOMENTUM =       0.21618055D+04

   HBODY    =    0.21572320D+04   0.14054190D+03  -0.96385741D+00
   HINERT   =    0.21572320D+04   0.14054522D+03   0.63040082D-06

  LINEAR MOMENTUM =       0.31735700D+02

   LBODY    =    0.30001025D+02  -0.86696908D-01  -0.10348219D+02

  KINETIC ENERGY =       0.45237182D+04

   BODY  1    ROMC =   0.41888000D+01   0.49498851D-01  -0.33252658D-03   FOMC =   0.41888000D+01   0.49498851D-01  -0.33252658D-03
              ACC =   -0.16143331D-05  -0.11487983D-02  -0.16626074D+00
              ETC =   -0.29258952D-02   0.59222423D+00   0.10678094D+03   PHI =    0.00000000D+00   0.00000000D+00   0.00000000D+00
              CAC =    0.00000000D+00   0.00000000D+00   0.00000000D+00   CBC =    0.14219843D-03  -0.62963875D-07   0.99182074D-08
              POS =    0.14219843D-03  -0.62963875D-07   0.99182074D-08   VEL =    0.14219843D+00  -0.62981760D-04   0.75746514D-05
              XMC =    0.10000000D+01   0.00000000D+00   0.00000000D+00   XIC =    0.48187000D+03   0.00000000D+00   0.00000000D+00
              XMC =    0.00000000D+00   0.10000000D+01   0.00000000D+00   XIC =    0.00000000D+00   0.16649000D+04   0.00000000D+00
              XMC =    0.00000000D+00   0.00000000D+00   0.10000000D+01   XIC =    0.00000000D+00   0.00000000D+00   0.16649000D+04
               HB =    0.20184571D+04   0.82410637D+02  -0.55362350D+00    TK =    0.42312132D+04
               LM =    0.24149559D+02  -0.10696192D-01   0.12864031D-02

   BODY  2    ROMC =  -0.20200839D-11   0.36835261D-05   0.54839989D-03   FOMC =   0.41888000D+01   0.49502535D-01   0.21587331D-03
              ACC =   -0.40400905D-08   0.36834554D-02   0.27417898D+00
              ETC =   -0.39044949D-03   0.37468023D-01   0.25936805D+01   PHI =    0.00000000D+00   0.00000000D+00   0.00000000D+00
              CAC =   -0.18600000D+00  -0.10200433D-06   0.45676110D-09   CBC =    0.71150000D+01   0.00000000D+00   0.00000000D+00
              POS =    0.69291422D+01  -0.16496820D-06   0.10374968D-07   VEL =    0.14219843D+00  -0.24690627D-02  -0.34296971D+00
              XMC =    0.10000000D+01  -0.54841038D-06   0.24557049D-08   XIC =    0.12510000D+02   0.13326372D-05  -0.59673628D-08
              XMC =    0.54841038D-06   0.10000000D+01   0.13467340D-14   XIC =    0.13326372D-05   0.10080000D+02  -0.32725637D-14
              XMC =   -0.24557049D-08   0.84145163D-32   0.10000000D+01   XIC =   -0.59673628D-08  -0.32725637D-14   0.10080000D+02
               HB =    0.52401889D+02   0.37429582D+02  -0.26368954D+00    TK =    0.11083400D+03
               LM =    0.22097636D+01  -0.38369234D-01  -0.53297493D+01

   BODY  3    ROMC =   0.10462311D-11   0.32571424D-05   0.48181215D-03   FOMC =   0.41888000D+01   0.49502108D-01   0.14928557D-03
              ACC =    0.20924029D-08   0.32570695D-02   0.24088606D+00
              ETC =   -0.57567964D-03   0.57767010D-01   0.42750895D+01   PHI =    0.20200839D-12  -0.36835261D-06  -0.54839989D-04
              CAC =   -0.18600000D+00  -0.89618969D-07   0.40388973D-09   CBC =    0.41460000D+01   0.00000000D+00   0.00000000D+00
              POS =    0.39601422D+01  -0.15258284D-06   0.10322097D-07   VEL =    0.14219843D+00  -0.14694058D-02  -0.19600765D+00
              XMC =    0.10000000D+01  -0.48182242D-06   0.21714502D-08   XIC =    0.20620000D+02   0.19272897D-05  -0.86858007D-08
              XMC =    0.48182242D-06   0.10000000D+01  -0.16346711D-16   XIC =    0.19272897D-05   0.16620000D+02  -0.41850135D-14
              XMC =   -0.21714502D-08   0.10626001D-14   0.10000000D+01   XIC =   -0.86858007D-08  -0.41850135D-14   0.16620000D+02
               HB =    0.86373057D+02   0.20701680D+02  -0.14654437D+00    TK =    0.18167100D+03
               LM =    0.36417018D+01  -0.37631481D-01  -0.50197558D+01

   ORIGIN    FOMC =    0.00000000D+00   0.00000000D+00   0.00000000D+00   ACC =    0.71099215D+02  -0.31516822D-01   0.27198095D-03
              ETC =    0.15000512D+05   0.15105129D-03   0.32507153D-01   PHI =    0.15000000D+05   0.00000000D+00   0.00000000D+00
              CBC =    0.99119472D+00  -0.81355614D-07   0.10000877D-07
              XMC =    0.10000000D+01   0.82161947D-07  -0.98999933D-04
              XMC =    0.74721307D-06   0.99996491D+00   0.83775020D-02
              XMC =    0.98997147D-04  -0.83775020D-02   0.99996490D+00
  
   THA( 1) = 0.989999D-04   THAD( 1) = 0.494999D-01   THADD( 1) =-0.100068D-03   QFC( 1) = 0.821619D-07 0.999965D+00-0.837750D-02
   THA( 2) = 0.821619D-07   THAD( 2) = 0.821618D-04   THADD( 2) = 0.410806D-01   QFC( 2) = 0.000000D+00 0.837750D-02 0.999965D+00
   THA( 3) = 0.837760D-02   THAD( 3) = 0.418880D+01   THADD( 3) =-0.568133D-05   QFC( 3) = 0.100000D+01 0.000000D+00 0.000000D+00
   THA( 4) = 0.548410D-06   THAD( 4) = 0.548400D-03   THADD( 4) = 0.274179D+00   QFC( 4) = 0.000000D+00 0.000000D+00 0.100000D+01
   THA( 5) = 0.245570D-08   THAD( 5) = 0.368353D-05   THADD( 5) = 0.368346D-02   QFC( 5) =-0.548410D-06 0.100000D+01 0.841452D-32
   THA( 6) = 0.217145D-08   THAD( 6) = 0.325714D-05   THADD( 6) = 0.325707D-02   QFC( 6) = 0.000000D+00 0.100000D+01 0.000000D+00
   THA( 7) = 0.481822D-06   THAD( 7) = 0.481812D-03   THADD( 7) = 0.240886D+00   QFC( 7) = 0.217145D-08-0.163467D-16 0.100000D+01
   THA( 8) = 0.142198D-03   THAD( 8) = 0.142198D+00   THADD( 8) = 0.710992D+02   QFC( 8) = 0.100000D+01 0.747213D-06 0.989971D-04
   THA( 9) =-0.630331D-07   THAD( 9) =-0.630313D-04   THADD( 9) =-0.315122D-01   QFC( 9) = 0.821619D-07 0.999965D+00-0.837750D-02
   THA(10) =-0.468726D-08   THAD(10) =-0.703088D-05   THADD(10) =-0.703088D-02   QFC(10) =-0.989999D-04 0.837750D-02 0.999965D+00
1 TIME =     0.30000D-02

  CENTER OF MASS =   0.99105252D+00  -0.41380370D-07   0.27900619D-09

   TOTAL SYSTEM MASS =   0.21098000D+03

                            0.51500000D+03   0.43843767D-04  -0.29534414D-06
  SYSTEM INERTIA TENSOR =   0.43843767D-04   0.26320759D+04  -0.46527582D-13
                           -0.29534414D-06  -0.46527582D-13   0.26320759D+04
  
  ANGULAR MOMENTUM =       0.21618055D+04

   HBODY    =    0.21572320D+04   0.14053775D+03  -0.14457706D+01
   HINERT   =    0.21572320D+04   0.14054522D+03   0.21278673D-05

  LINEAR MOMENTUM =       0.46175676D+02

   LBODY    =    0.45001537D+02  -0.13002322D+00  -0.10345909D+02

  KINETIC ENERGY =       0.45263844D+04

   BODY  1    ROMC =   0.41888000D+01   0.49497415D-01  -0.49878509D-03   FOMC =   0.41888000D+01   0.49497415D-01  -0.49878509D-03
              ACC =   -0.24214041D-05  -0.17231813D-02  -0.16625597D+00
              ETC =   -0.43887878D-02   0.88833181D+00   0.10677838D+03   PHI =    0.00000000D+00   0.00000000D+00   0.00000000D+00
              CAC =    0.00000000D+00   0.00000000D+00   0.00000000D+00   CBC =    0.31994646D-03  -0.14146917D-06   0.33472851D-07
              POS =    0.31994646D-03  -0.14146917D-06   0.33472851D-07   VEL =    0.21329764D+00  -0.94373119D-04   0.17042421D-04
              XMC =    0.10000000D+01   0.00000000D+00   0.00000000D+00   XIC =    0.48187000D+03   0.00000000D+00   0.00000000D+00
              XMC =    0.00000000D+00   0.10000000D+01   0.00000000D+00   XIC =    0.00000000D+00   0.16649000D+04   0.00000000D+00
              XMC =    0.00000000D+00   0.00000000D+00   0.10000000D+01   XIC =    0.00000000D+00   0.00000000D+00   0.16649000D+04
               HB =    0.20184571D+04   0.82408247D+02  -0.83042731D+00    TK =    0.42333594D+04
               LM =    0.36224339D+02  -0.16027387D-01   0.28943144D-02

   BODY  2    ROMC =  -0.10226185D-10   0.82877349D-05   0.82256053D-03   FOMC =   0.41888000D+01   0.49505703D-01   0.32377544D-03
              ACC =   -0.13634326D-07   0.55249181D-02   0.27413968D+00
              ETC =   -0.58560703D-03   0.56200195D-01   0.25934142D+01   PHI =    0.00000000D+00   0.00000000D+00   0.00000000D+00
              CAC =   -0.18600000D+00  -0.22950426D-06   0.15415459D-08   CBC =    0.71150000D+01   0.00000000D+00   0.00000000D+00
              POS =    0.69293199D+01  -0.37097343D-06   0.35014397D-07   VEL =    0.21329764D+00  -0.37034578D-02  -0.34294997D+00
              XMC =    0.10000000D+01  -0.12338939D-05   0.82878810D-08   XIC =    0.12510000D+02   0.29983621D-05  -0.20139551D-07
              XMC =    0.12338939D-05   0.10000000D+01   0.10226365D-13   XIC =    0.29983621D-05   0.10080000D+02  -0.24850068D-13
              XMC =   -0.82878810D-08   0.84145163D-32   0.10000000D+01   XIC =   -0.20139551D-07  -0.24850068D-13   0.10080000D+02
               HB =    0.52401890D+02   0.37428442D+02  -0.39552957D+00    TK =    0.11103034D+03
               LM =    0.33146454D+01  -0.57551734D-01  -0.53294425D+01

   BODY  3    ROMC =   0.52961828D-11   0.73283712D-05   0.72268128D-03   FOMC =   0.41888000D+01   0.49504744D-01   0.22389619D-03
              ACC =    0.70611496D-08   0.48853466D-02   0.24084991D+00
              ETC =   -0.86355072D-03   0.86647378D-01   0.42746598D+01   PHI =    0.10226185D-11  -0.82877349D-06  -0.82256053D-04
              CAC =   -0.18600000D+00  -0.20163742D-06   0.13631043D-08   CBC =    0.41460000D+01   0.00000000D+00   0.00000000D+00
              POS =    0.39603199D+01  -0.34310659D-06   0.34835955D-07   VEL =    0.21329764D+00  -0.22039865D-02  -0.19599220D+00
              XMC =    0.10000000D+01  -0.10840721D-05   0.73285180D-08   XIC =    0.20620000D+02   0.43362886D-05  -0.29314072D-07
              XMC =    0.10840721D-05   0.10000000D+01  -0.24516070D-16   XIC =    0.43362886D-05   0.16620000D+02  -0.31778569D-13
              XMC =   -0.73285180D-08   0.79691583D-14   0.10000000D+01   XIC =   -0.29314072D-07  -0.31778569D-13   0.16620000D+02
               HB =    0.86373058D+02   0.20701060D+02  -0.21981377D+00    TK =    0.18199461D+03
               LM =    0.54625527D+01  -0.56444095D-01  -0.50193603D+01

   ORIGIN    FOMC =    0.00000000D+00   0.00000000D+00   0.00000000D+00   ACC =    0.71099215D+02  -0.31516048D-01   0.40796836D-03
              ETC =    0.15000512D+05   0.33985649D-03   0.48758878D-01   PHI =    0.15000000D+05   0.00000000D+00   0.00000000D+00
              CBC =    0.99137246D+00  -0.18284954D-06   0.33751857D-07
              XMC =    0.99999999D+00   0.18486401D-06  -0.14849977D-03
              XMC =    0.16812090D-05   0.99992104D+00   0.12566069D-01
              XMC =    0.14849037D-03  -0.12566069D-01   0.99992103D+00
  
   THA( 1) = 0.148500D-03   THAD( 1) = 0.494998D-01   THADD( 1) =-0.150098D-03   QFC( 1) = 0.184864D-06 0.999921D+00-0.125661D-01
   THA( 2) = 0.184864D-06   THAD( 2) = 0.123242D-03   THADD( 2) = 0.410802D-01   QFC( 2) = 0.000000D+00 0.125661D-01 0.999921D+00
   THA( 3) = 0.125664D-01   THAD( 3) = 0.418880D+01   THADD( 3) =-0.852184D-05   QFC( 3) = 0.100000D+01 0.000000D+00 0.000000D+00
   THA( 4) = 0.123389D-05   THAD( 4) = 0.822561D-03   THADD( 4) = 0.274140D+00   QFC( 4) = 0.000000D+00 0.000000D+00 0.100000D+01
   THA( 5) = 0.828788D-08   THAD( 5) = 0.828773D-05   THADD( 5) = 0.552492D-02   QFC( 5) =-0.123389D-05 0.100000D+01 0.841452D-32
   THA( 6) = 0.732852D-08   THAD( 6) = 0.732837D-05   THADD( 6) = 0.488535D-02   QFC( 6) = 0.000000D+00 0.100000D+01 0.000000D+00
   THA( 7) = 0.108407D-05   THAD( 7) = 0.722681D-03   THADD( 7) = 0.240850D+00   QFC( 7) = 0.732852D-08-0.245161D-16 0.100000D+01
   THA( 8) = 0.319946D-03   THAD( 8) = 0.213298D+00   THADD( 8) = 0.710992D+02   QFC( 8) = 0.100000D+01 0.168121D-05 0.148490D-03
   THA( 9) =-0.141819D-06   THAD( 9) =-0.945404D-04   THADD( 9) =-0.315055D-01   QFC( 9) = 0.184864D-06 0.999921D+00-0.125661D-01
   THA(10) =-0.158195D-07   THAD(10) =-0.158195D-04   THADD(10) =-0.105463D-01   QFC(10) =-0.148500D-03 0.125661D-01 0.999921D+00
1 TIME =     0.40000D-02

  CENTER OF MASS =   0.99105252D+00  -0.73562545D-07   0.66133363D-09

   TOTAL SYSTEM MASS =   0.21098000D+03

                            0.51500000D+03   0.77941791D-04  -0.70006004D-06
  SYSTEM INERTIA TENSOR =   0.77941791D-04   0.26320759D+04  -0.19605580D-12
                           -0.70006004D-06  -0.19605580D-12   0.26320759D+04
  
  ANGULAR MOMENTUM =       0.21618055D+04

   HBODY    =    0.21572320D+04   0.14053194D+03  -0.19276653D+01
   HINERT   =    0.21572320D+04   0.14054522D+03   0.50446784D-05

  LINEAR MOMENTUM =       0.60887165D+02

   LBODY    =    0.60002049D+02  -0.17332295D+00  -0.10342675D+02

  KINETIC ENERGY =       0.45301171D+04

   BODY  1    ROMC =   0.41888000D+01   0.49495405D-01  -0.66503789D-03   FOMC =   0.41888000D+01   0.49495405D-01  -0.66503789D-03
              ACC =   -0.32283628D-05  -0.22975449D-02  -0.16624930D+00
              ETC =   -0.58516155D-02   0.11844338D+01   0.10677480D+03   PHI =    0.00000000D+00   0.00000000D+00   0.00000000D+00
              CAC =    0.00000000D+00   0.00000000D+00   0.00000000D+00   CBC =    0.56879371D-03  -0.25100409D-06   0.79339395D-07
              POS =    0.56879371D-03  -0.25100409D-06   0.79339395D-07   VEL =    0.28439686D+00  -0.12564503D-03   0.30296282D-04
              XMC =    0.10000000D+01   0.00000000D+00   0.00000000D+00   XIC =    0.48187000D+03   0.00000000D+00   0.00000000D+00
              XMC =    0.00000000D+00   0.10000000D+01   0.00000000D+00   XIC =    0.00000000D+00   0.16649000D+04   0.00000000D+00
              XMC =    0.00000000D+00   0.00000000D+00   0.10000000D+01   XIC =    0.00000000D+00   0.00000000D+00   0.16649000D+04
               HB =    0.20184571D+04   0.82404900D+02  -0.11072216D+01    TK =    0.42363642D+04
               LM =    0.48299118D+02  -0.21338295D-01   0.51452176D-02

   BODY  2    ROMC =  -0.32317629D-10   0.14733256D-04   0.10966740D-02   FOMC =   0.41888000D+01   0.49510138D-01   0.43163613D-03
              ACC =   -0.32315154D-07   0.73660628D-02   0.27408467D+00
              ETC =   -0.78068395D-03   0.74930161D-01   0.25930415D+01   PHI =    0.00000000D+00   0.00000000D+00   0.00000000D+00
              CAC =   -0.18600000D+00  -0.40799392D-06   0.36539605D-08   CBC =    0.71150000D+01   0.00000000D+00   0.00000000D+00
              POS =    0.69295688D+01  -0.65899801D-06   0.82993355D-07   VEL =    0.28439686D+00  -0.49376892D-02  -0.34292233D+00
              XMC =    0.10000000D+01  -0.21935157D-05   0.19644949D-07   XIC =    0.12510000D+02   0.53302432D-05  -0.47737225D-07
              XMC =    0.21935157D-05   0.10000000D+01   0.43091504D-13   XIC =    0.53302432D-05   0.10080000D+02  -0.10471235D-12
              XMC =   -0.19644949D-07   0.84145163D-32   0.10000000D+01   XIC =   -0.47737225D-07  -0.10471235D-12   0.10080000D+02
               HB =    0.52401892D+02   0.37426847D+02  -0.52736392D+00    TK =    0.11130523D+03
               LM =    0.44195272D+01  -0.76731691D-01  -0.53290130D+01

   BODY  3    ROMC =   0.16736997D-10   0.13027737D-04   0.96350735D-03   FOMC =   0.41888000D+01   0.49508433D-01   0.29846946D-03
              ACC =    0.16735234D-07   0.65133273D-02   0.24079993D+00
              ETC =   -0.11514606D-02   0.11552420D+00   0.42740691D+01   PHI =    0.32317629D-11  -0.14733256D-05  -0.10966740D-03
              CAC =   -0.18600000D+00  -0.35845374D-06   0.32309888D-08   CBC =    0.41460000D+01   0.00000000D+00   0.00000000D+00
              POS =    0.39605688D+01  -0.60945783D-06   0.82570384D-07   VEL =    0.28439686D+00  -0.29384210D-02  -0.19597059D+00
              XMC =    0.10000000D+01  -0.19271706D-05   0.17370908D-07   XIC =    0.20620000D+02   0.77086825D-05  -0.69483631D-07
              XMC =    0.19271706D-05   0.10000000D+01  -0.32680263D-16   XIC =    0.77086825D-05   0.16620000D+02  -0.13390681D-12
              XMC =   -0.17370908D-07   0.33509383D-13   0.10000000D+01   XIC =   -0.69483631D-07  -0.13390681D-12   0.16620000D+02
               HB =    0.86373059D+02   0.20700192D+02  -0.29307982D+00    TK =    0.18244767D+03
               LM =    0.72834035D+01  -0.75252961D-01  -0.50188067D+01

   ORIGIN    FOMC =    0.00000000D+00   0.00000000D+00   0.00000000D+00   ACC =    0.71099215D+02  -0.31514949D-01   0.54395200D-03
              ETC =    0.15000512D+05   0.60416770D-03   0.65008432D-01   PHI =    0.15000000D+05   0.00000000D+00   0.00000000D+00
              CBC =    0.99162131D+00  -0.32456663D-06   0.80000728D-07
              XMC =    0.99999998D+00   0.32864622D-06  -0.19799947D-03
              XMC =    0.29887653D-05   0.99985963D+00   0.16754416D-01
              XMC =    0.19797718D-03  -0.16754416D-01   0.99985962D+00
  
   THA( 1) = 0.197999D-03   THAD( 1) = 0.494996D-01   THADD( 1) =-0.200125D-03   QFC( 1) = 0.328646D-06 0.999860D+00-0.167544D-01
   THA( 2) = 0.328646D-06   THAD( 2) = 0.164322D-03   THADD( 2) = 0.410795D-01   QFC( 2) = 0.000000D+00 0.167544D-01 0.999860D+00
   THA( 3) = 0.167552D-01   THAD( 3) = 0.418880D+01   THADD( 3) =-0.113622D-04   QFC( 3) = 0.100000D+01 0.000000D+00 0.000000D+00
   THA( 4) = 0.219352D-05   THAD( 4) = 0.109667D-02   THADD( 4) = 0.274085D+00   QFC( 4) = 0.000000D+00 0.000000D+00 0.100000D+01
   THA( 5) = 0.196449D-07   THAD( 5) = 0.147333D-04   THADD( 5) = 0.736606D-02   QFC( 5) =-0.219352D-05 0.100000D+01 0.841452D-32
   THA( 6) = 0.173709D-07   THAD( 6) = 0.130277D-04   THADD( 6) = 0.651333D-02   QFC( 6) = 0.000000D+00 0.100000D+01 0.000000D+00
   THA( 7) = 0.192717D-05   THAD( 7) = 0.963507D-03   THADD( 7) = 0.240800D+00   QFC( 7) = 0.173709D-07-0.326803D-16 0.100000D+01
   THA( 8) = 0.568794D-03   THAD( 8) = 0.284397D+00   THADD( 8) = 0.710992D+02   QFC( 8) = 0.100000D+01 0.298877D-05 0.197977D-03
   THA( 9) =-0.252111D-06   THAD( 9) =-0.126042D-03   THADD( 9) =-0.314963D-01   QFC( 9) = 0.328646D-06 0.999860D+00-0.167544D-01
   THA(10) =-0.374980D-07   THAD(10) =-0.281235D-04   THADD(10) =-0.140617D-01   QFC(10) =-0.197999D-03 0.167544D-01 0.999860D+00
1 TIME =     0.50000D-02

  CENTER OF MASS =   0.99105252D+00  -0.11493638D-06   0.12916319D-08

   TOTAL SYSTEM MASS =   0.21098000D+03

                            0.51500000D+03   0.12177869D-03  -0.13672678D-05
  SYSTEM INERTIA TENSOR =   0.12177869D-03   0.26320759D+04  -0.59827200D-12
                           -0.13672678D-05  -0.59827200D-12   0.26320759D+04
  
  ANGULAR MOMENTUM =       0.21618055D+04

   HBODY    =    0.21572320D+04   0.14052447D+03  -0.24095353D+01
   HINERT   =    0.21572320D+04   0.14054522D+03   0.98549905D-05

  LINEAR MOMENTUM =       0.75712060D+02

   LBODY    =    0.75002561D+02  -0.21658725D+00  -0.10338517D+02

  KINETIC ENERGY =       0.45349163D+04

   BODY  1    ROMC =   0.41888000D+01   0.49492820D-01  -0.83128305D-03   FOMC =   0.41888000D+01   0.49492820D-01  -0.83128305D-03
              ACC =   -0.40351730D-05  -0.28718825D-02  -0.16624071D+00
              ETC =   -0.73143574D-02   0.14805284D+01   0.10677020D+03   PHI =    0.00000000D+00   0.00000000D+00   0.00000000D+00
              CAC =    0.00000000D+00   0.00000000D+00   0.00000000D+00   CBC =    0.88874017D-03  -0.39119611D-06   0.15495056D-06
              POS =    0.88874017D-03  -0.39119611D-06   0.15495056D-06   VEL =    0.35549607D+00  -0.15675766D-03   0.47335217D-04
              XMC =    0.10000000D+01   0.00000000D+00   0.00000000D+00   XIC =    0.48187000D+03   0.00000000D+00   0.00000000D+00
              XMC =    0.00000000D+00   0.10000000D+01   0.00000000D+00   XIC =    0.00000000D+00   0.16649000D+04   0.00000000D+00
              XMC =    0.00000000D+00   0.00000000D+00   0.10000000D+01   XIC =    0.00000000D+00   0.00000000D+00   0.16649000D+04
               HB =    0.20184571D+04   0.82400598D+02  -0.13840032D+01    TK =    0.42402275D+04
               LM =    0.60373898D+02  -0.26622154D-01   0.80389398D-02

   BODY  2    ROMC =  -0.78893664D-10   0.23019719D-04   0.13707246D-02   FOMC =   0.41888000D+01   0.49515840D-01   0.53944158D-03
              ACC =   -0.63107378D-07   0.92067836D-02   0.27401394D+00
              ETC =   -0.97565342D-03   0.93657185D-01   0.25925623D+01   PHI =    0.00000000D+00   0.00000000D+00   0.00000000D+00
              CAC =   -0.18600000D+00  -0.63746309D-06   0.71364562D-08   CBC =    0.71150000D+01   0.00000000D+00   0.00000000D+00
              POS =    0.69298887D+01  -0.10286592D-05   0.16208701D-06   VEL =    0.35549607D+00  -0.61717026D-02  -0.34288680D+00
              XMC =    0.10000000D+01  -0.34272209D-05   0.38368044D-07   XIC =    0.12510000D+02   0.83281469D-05  -0.93234347D-07
              XMC =    0.34272209D-05   0.10000000D+01   0.13149576D-12   XIC =    0.83281469D-05   0.10080000D+02  -0.31953471D-12
              XMC =   -0.38368044D-07   0.14304678D-30   0.10000000D+01   XIC =   -0.93234347D-07  -0.31953471D-12   0.10080000D+02
               HB =    0.52401894D+02   0.37424797D+02  -0.65919070D+00    TK =    0.11165865D+03
               LM =    0.55244089D+01  -0.95908258D-01  -0.53284609D+01

   BODY  3    ROMC =   0.40856999D-10   0.20354896D-04   0.12042765D-02   FOMC =   0.41888000D+01   0.49513175D-01   0.37299349D-03
              ACC =    0.32680280D-07   0.81409182D-02   0.24073613D+00
              ETC =   -0.14394227D-02   0.14439640D+00   0.42733176D+01   PHI =    0.78893664D-11  -0.23019719D-05  -0.13707246D-03
              CAC =   -0.18600000D+00  -0.56005863D-06   0.63103461D-08   CBC =    0.41460000D+01   0.00000000D+00   0.00000000D+00
              POS =    0.39608887D+01  -0.95125474D-06   0.16126090D-06   VEL =    0.35549607D+00  -0.36726604D-02  -0.19594279D+00
              XMC =    0.10000000D+01  -0.30110679D-05   0.33926592D-07   XIC =    0.20620000D+02   0.12044272D-04  -0.13570637D-06
              XMC =    0.30110679D-05   0.10000000D+01  -0.40837415D-16   XIC =    0.12044272D-04   0.16620000D+02  -0.40862109D-12
              XMC =   -0.33926592D-07   0.10219611D-12   0.10000000D+01   XIC =   -0.13570637D-06  -0.40862109D-12   0.16620000D+02
               HB =    0.86373061D+02   0.20699077D+02  -0.36634141D+00    TK =    0.18303017D+03
               LM =    0.91042544D+01  -0.94056833D-01  -0.50180949D+01

   ORIGIN    FOMC =    0.00000000D+00   0.00000000D+00   0.00000000D+00   ACC =    0.71099215D+02  -0.31513525D-01   0.67993058D-03
              ETC =    0.15000512D+05   0.94396922D-03   0.81255112D-01   PHI =    0.15000000D+05   0.00000000D+00   0.00000000D+00
              CBC =    0.99194126D+00  -0.50613250D-06   0.15624219D-06
              XMC =    0.99999997D+00   0.51350788D-06  -0.24749896D-03
              XMC =    0.46698439D-05   0.99978068D+00   0.20942468D-01
              XMC =    0.24745543D-03  -0.20942469D-01   0.99978065D+00
  
   THA( 1) = 0.247499D-03   THAD( 1) = 0.494994D-01   THADD( 1) =-0.250146D-03   QFC( 1) = 0.513508D-06 0.999781D+00-0.209425D-01
   THA( 2) = 0.513508D-06   THAD( 2) = 0.205401D-03   THADD( 2) = 0.410786D-01   QFC( 2) = 0.000000D+00 0.209425D-01 0.999781D+00
   THA( 3) = 0.209440D-01   THAD( 3) = 0.418880D+01   THADD( 3) =-0.142023D-04   QFC( 3) = 0.100000D+01 0.000000D+00 0.000000D+00
   THA( 4) = 0.342722D-05   THAD( 4) = 0.137072D-02   THADD( 4) = 0.274014D+00   QFC( 4) = 0.000000D+00 0.000000D+00 0.100000D+01
   THA( 5) = 0.383680D-07   THAD( 5) = 0.230197D-04   THADD( 5) = 0.920678D-02   QFC( 5) =-0.342722D-05 0.100000D+01 0.143047D-30
   THA( 6) = 0.339266D-07   THAD( 6) = 0.203549D-04   THADD( 6) = 0.814092D-02   QFC( 6) = 0.000000D+00 0.100000D+01 0.000000D+00
   THA( 7) = 0.301107D-05   THAD( 7) = 0.120428D-02   THADD( 7) = 0.240736D+00   QFC( 7) = 0.339266D-07-0.408374D-16 0.100000D+01
   THA( 8) = 0.888740D-03   THAD( 8) = 0.355496D+00   THADD( 8) = 0.710992D+02   QFC( 8) = 0.100000D+01 0.466984D-05 0.247455D-03
   THA( 9) =-0.393899D-06   THAD( 9) =-0.157532D-03   THADD( 9) =-0.314843D-01   QFC( 9) = 0.513508D-06 0.999781D+00-0.209425D-01
   THA(10) =-0.732383D-07   THAD(10) =-0.439430D-04   THADD(10) =-0.175772D-01   QFC(10) =-0.247499D-03 0.209425D-01 0.999781D+00
1 TIME =     0.60000D-02

  CENTER OF MASS =   0.99105252D+00  -0.16549947D-06   0.22318660D-08

   TOTAL SYSTEM MASS =   0.21098000D+03

                            0.51500000D+03   0.17535192D-03  -0.23625613D-05
  SYSTEM INERTIA TENSOR =   0.17535192D-03   0.26320759D+04  -0.14885629D-11
                           -0.23625613D-05  -0.14885629D-11   0.26320759D+04
  
  ANGULAR MOMENTUM =       0.21618055D+04

   HBODY    =    0.21572320D+04   0.14051535D+03  -0.28913744D+01
   HINERT   =    0.21572320D+04   0.14054522D+03   0.17033853D-04

  LINEAR MOMENTUM =       0.90594704D+02

   LBODY    =    0.90003073D+02  -0.25980726D+00  -0.10333436D+02

  KINETIC ENERGY =       0.45407820D+04

   BODY  1    ROMC =   0.41888000D+01   0.49489661D-01  -0.99751868D-03   FOMC =   0.41888000D+01   0.49489661D-01  -0.99751868D-03
              ACC =   -0.48417982D-05  -0.34461879D-02  -0.16623022D+00
              ETC =   -0.87769923D-02   0.17766135D+01   0.10676457D+03   PHI =    0.00000000D+00   0.00000000D+00   0.00000000D+00
              CAC =    0.00000000D+00   0.00000000D+00   0.00000000D+00   CBC =    0.12797858D-02  -0.56156635D-06   0.26773514D-06
              POS =    0.12797858D-02  -0.56156635D-06   0.26773514D-06   VEL =    0.42659528D+00  -0.18767122D-03   0.68157918D-04
              XMC =    0.10000000D+01   0.00000000D+00   0.00000000D+00   XIC =    0.48187000D+03   0.00000000D+00   0.00000000D+00
              XMC =    0.00000000D+00   0.10000000D+01   0.00000000D+00   XIC =    0.00000000D+00   0.16649000D+04   0.00000000D+00
              XMC =    0.00000000D+00   0.00000000D+00   0.10000000D+01   XIC =    0.00000000D+00   0.00000000D+00   0.16649000D+04
               HB =    0.20184570D+04   0.82395341D+02  -0.16607689D+01    TK =    0.42449493D+04
               LM =    0.72448677D+02  -0.31872203D-01   0.11575259D-01

   BODY  2    ROMC =  -0.16357667D-09   0.33146647D-04   0.16446967D-02   FOMC =   0.41888000D+01   0.49522808D-01   0.64717799D-03
              ACC =   -0.10903232D-06   0.11046974D-01   0.27392751D+00
              ETC =   -0.11704886D-02   0.11238053D+00   0.25919766D+01   PHI =    0.00000000D+00   0.00000000D+00   0.00000000D+00
              CAC =   -0.18600000D+00  -0.91789862D-06   0.12331405D-07   CBC =    0.71150000D+01   0.00000000D+00   0.00000000D+00
              POS =    0.69302798D+01  -0.14794650D-05   0.28006654D-06   VEL =    0.42659528D+00  -0.74054434D-02  -0.34284338D+00
              XMC =    0.10000000D+01  -0.49349388D-05   0.66297879D-07   XIC =    0.12510000D+02   0.11991901D-04  -0.16110384D-06
              XMC =    0.49349388D-05   0.10000000D+01   0.32717597D-12   XIC =    0.11991901D-04   0.10080000D+02  -0.79503761D-12
              XMC =   -0.66297879D-07   0.12201049D-29   0.10000000D+01   XIC =   -0.16110384D-06  -0.79503761D-12   0.10080000D+02
               HB =    0.52401896D+02   0.37422291D+02  -0.79100800D+00    TK =    0.11209062D+03
               LM =    0.66292907D+01  -0.11508059D+00  -0.53277862D+01

   BODY  3    ROMC =   0.84708993D-10   0.29309412D-04   0.14449750D-02   FOMC =   0.41888000D+01   0.49518970D-01   0.44745633D-03
              ACC =    0.56459529D-07   0.97680259D-02   0.24065851D+00
              ETC =   -0.17274504D-02   0.17326288D+00   0.42724052D+01   PHI =    0.16357667D-10  -0.33146647D-05  -0.16446967D-03
              CAC =   -0.18600000D+00  -0.80644022D-06   0.10903907D-07   CBC =    0.41460000D+01   0.00000000D+00   0.00000000D+00
              POS =    0.39612798D+01  -0.13680066D-05   0.27863904D-06   VEL =    0.42659528D+00  -0.44066562D-02  -0.19590883D+00
              XMC =    0.10000000D+01  -0.43357001D-05   0.58623155D-07   XIC =    0.20620000D+02   0.17342801D-04  -0.23449262D-06
              XMC =    0.43357001D-05   0.10000000D+01  -0.48985655D-16   XIC =    0.17342801D-04   0.16620000D+02  -0.10166897D-11
              XMC =   -0.58623155D-07   0.25422140D-12   0.10000000D+01   XIC =   -0.23449262D-06  -0.10166897D-11   0.16620000D+02
               HB =    0.86373063D+02   0.20697713D+02  -0.43959742D+00    TK =    0.18374212D+03
               LM =    0.10925105D+02  -0.11285447D+00  -0.50172250D+01

   ORIGIN    FOMC =    0.00000000D+00   0.00000000D+00   0.00000000D+00   ACC =    0.71099215D+02  -0.31511776D-01   0.81590280D-03
              ETC =    0.15000512D+05   0.13592410D-02   0.97498217D-01   PHI =    0.15000000D+05   0.00000000D+00   0.00000000D+00
              CBC =    0.99233230D+00  -0.72706582D-06   0.26996700D-06
              XMC =    0.99999996D+00   0.73944810D-06  -0.29699819D-03
              XMC =    0.67243958D-05   0.99968419D+00   0.25130153D-01
              XMC =    0.29692298D-03  -0.25130154D-01   0.99968414D+00
  
   THA( 1) = 0.296998D-03   THAD( 1) = 0.494991D-01   THADD( 1) =-0.300160D-03   QFC( 1) = 0.739448D-06 0.999684D+00-0.251302D-01
   THA( 2) = 0.739448D-06   THAD( 2) = 0.246479D-03   THADD( 2) = 0.410775D-01   QFC( 2) = 0.000000D+00 0.251302D-01 0.999684D+00
   THA( 3) = 0.251328D-01   THAD( 3) = 0.418880D+01   THADD( 3) =-0.170421D-04   QFC( 3) = 0.100000D+01 0.000000D+00 0.000000D+00
   THA( 4) = 0.493494D-05   THAD( 4) = 0.164470D-02   THADD( 4) = 0.273928D+00   QFC( 4) = 0.000000D+00 0.000000D+00 0.100000D+01
   THA( 5) = 0.662979D-07   THAD( 5) = 0.331466D-04   THADD( 5) = 0.110470D-01   QFC( 5) =-0.493494D-05 0.100000D+01 0.122010D-29
   THA( 6) = 0.586232D-07   THAD( 6) = 0.293094D-04   THADD( 6) = 0.976803D-02   QFC( 6) = 0.000000D+00 0.100000D+01 0.000000D+00
   THA( 7) = 0.433570D-05   THAD( 7) = 0.144498D-02   THADD( 7) = 0.240659D+00   QFC( 7) = 0.586232D-07-0.489857D-16 0.100000D+01
   THA( 8) = 0.127979D-02   THAD( 8) = 0.426595D+00   THADD( 8) = 0.710992D+02   QFC( 8) = 0.100000D+01 0.672440D-05 0.296923D-03
   THA( 9) =-0.567171D-06   THAD( 9) =-0.189009D-03   THADD( 9) =-0.314698D-01   QFC( 9) = 0.739448D-06 0.999684D+00-0.251302D-01
   THA(10) =-0.126556D-06   THAD(10) =-0.632778D-04   THADD(10) =-0.210926D-01   QFC(10) =-0.296998D-03 0.251302D-01 0.999684D+00
1 TIME =     0.70000D-02

  CENTER OF MASS =   0.99105252D+00  -0.22524888D-06   0.35439830D-08

   TOTAL SYSTEM MASS =   0.21098000D+03

                            0.51500000D+03   0.23865838D-03  -0.37515155D-05
  SYSTEM INERTIA TENSOR =   0.23865838D-03   0.26320759D+04  -0.32170424D-11
                           -0.37515155D-05  -0.32170424D-11   0.26320759D+04
  
  ANGULAR MOMENTUM =       0.21618055D+04

   HBODY    =    0.21572320D+04   0.14050456D+03  -0.33731764D+01
   HINERT   =    0.21572320D+04   0.14054523D+03   0.27057429D-04

  LINEAR MOMENTUM =       0.10551066D+03

   LBODY    =    0.10500358D+03  -0.30297413D+00  -0.10327432D+02

  KINETIC ENERGY =       0.45477142D+04

   BODY  1    ROMC =   0.41888000D+01   0.49485928D-01  -0.11637429D-02   FOMC =   0.41888000D+01   0.49485928D-01  -0.11637429D-02
              ACC =   -0.56482021D-05  -0.40204545D-02  -0.16621782D+00
              ETC =   -0.10239499D-01   0.20726874D+01   0.10675793D+03   PHI =    0.00000000D+00   0.00000000D+00   0.00000000D+00
              CAC =    0.00000000D+00   0.00000000D+00   0.00000000D+00   CBC =    0.17419307D-02  -0.76152954D-06   0.42511702D-06
              POS =    0.17419307D-02  -0.76152954D-06   0.42511702D-06   VEL =    0.49769449D+00  -0.21834588D-03   0.92762787D-04
              XMC =    0.10000000D+01   0.00000000D+00   0.00000000D+00   XIC =    0.48187000D+03   0.00000000D+00   0.00000000D+00
              XMC =    0.00000000D+00   0.10000000D+01   0.00000000D+00   XIC =    0.00000000D+00   0.16649000D+04   0.00000000D+00
              XMC =    0.00000000D+00   0.00000000D+00   0.10000000D+01   XIC =    0.00000000D+00   0.00000000D+00   0.16649000D+04
               HB =    0.20184570D+04   0.82389130D+02  -0.19375157D+01    TK =    0.42505295D+04
               LM =    0.84523456D+02  -0.37081680D-01   0.15753904D-01

   BODY  2    ROMC =  -0.30300827D-09   0.45113456D-04   0.19185744D-02   FOMC =   0.41888000D+01   0.49531041D-01   0.75483157D-03
              ACC =   -0.17310697D-06   0.12886529D-01   0.27382538D+00
              ETC =   -0.13651627D-02   0.13109947D+00   0.25912846D+01   PHI =    0.00000000D+00   0.00000000D+00   0.00000000D+00
              CAC =   -0.18600000D+00  -0.12492844D-05   0.19581082D-07   CBC =    0.71150000D+01   0.00000000D+00   0.00000000D+00
              POS =    0.69307419D+01  -0.20108139D-05   0.44469810D-06   VEL =    0.49769449D+00  -0.86388570D-02  -0.34279207D+00
              XMC =    0.10000000D+01  -0.67165829D-05   0.10527463D-06   XIC =    0.12510000D+02   0.16321296D-04  -0.25581736D-06
              XMC =    0.67165829D-05   0.10000000D+01   0.70708581D-12   XIC =    0.16321296D-04   0.10080000D+02  -0.17182185D-11
              XMC =   -0.10527463D-06   0.14304678D-30   0.10000000D+01   XIC =   -0.25581736D-06  -0.17182185D-11   0.10080000D+02
               HB =    0.52401899D+02   0.37419329D+02  -0.92281393D+00    TK =    0.11260112D+03
               LM =    0.77341724D+01  -0.13424784D+00  -0.53269888D+01

   BODY  3    ROMC =   0.15690759D-09   0.39890755D-04   0.16855890D-02   FOMC =   0.41888000D+01   0.49525819D-01   0.52184610D-03
              ACC =    0.89633251D-07   0.11394557D-01   0.24056707D+00
              ETC =   -0.20155571D-02   0.20212256D+00   0.42713320D+01   PHI =    0.30300827D-10  -0.45113456D-05  -0.19185744D-03
              CAC =   -0.18600000D+00  -0.10975841D-05   0.17314311D-07   CBC =    0.41460000D+01   0.00000000D+00   0.00000000D+00
              POS =    0.39617419D+01  -0.18591136D-05   0.44243133D-06   VEL =    0.49769449D+00  -0.51403596D-02  -0.19586869D+00
              XMC =    0.10000000D+01  -0.59009897D-05   0.93087695D-07   XIC =    0.20620000D+02   0.23603959D-04  -0.37235078D-06
              XMC =    0.59009897D-05   0.10000000D+01  -0.57123109D-16   XIC =    0.23603959D-04   0.16620000D+02  -0.21972381D-11
              XMC =   -0.93087695D-07   0.54936665D-12   0.10000000D+01   XIC =   -0.37235078D-06  -0.21972381D-11   0.16620000D+02
               HB =    0.86373066D+02   0.20696102D+02  -0.51284676D+00    TK =    0.18458351D+03
               LM =    0.12745956D+02  -0.13164461D+00  -0.50161971D+01

   ORIGIN    FOMC =    0.00000000D+00   0.00000000D+00   0.00000000D+00   ACC =    0.71099215D+02  -0.31509703D-01   0.95186736D-03
              ETC =    0.15000512D+05   0.18499586D-02   0.11373704D+00   PHI =    0.15000000D+05   0.00000000D+00   0.00000000D+00
              CBC =    0.99279445D+00  -0.98677841D-06   0.42866100D-06
              XMC =    0.99999994D+00   0.10064658D-05  -0.34649713D-03
              XMC =    0.91523614D-05   0.99957015D+00   0.29317397D-01
              XMC =    0.34637770D-03  -0.29317398D-01   0.99957009D+00
  
   THA( 1) = 0.346497D-03   THAD( 1) = 0.494988D-01   THADD( 1) =-0.350167D-03   QFC( 1) = 0.100647D-05 0.999570D+00-0.293174D-01
   THA( 2) = 0.100647D-05   THAD( 2) = 0.287556D-03   THADD( 2) = 0.410762D-01   QFC( 2) = 0.000000D+00 0.293174D-01 0.999570D+00
   THA( 3) = 0.293216D-01   THAD( 3) = 0.418880D+01   THADD( 3) =-0.198815D-04   QFC( 3) = 0.100000D+01 0.000000D+00 0.000000D+00
   THA( 4) = 0.671658D-05   THAD( 4) = 0.191857D-02   THADD( 4) = 0.273825D+00   QFC( 4) = 0.000000D+00 0.000000D+00 0.100000D+01
   THA( 5) = 0.105275D-06   THAD( 5) = 0.451135D-04   THADD( 5) = 0.128865D-01   QFC( 5) =-0.671658D-05 0.100000D+01 0.143047D-30
   THA( 6) = 0.930877D-07   THAD( 6) = 0.398908D-04   THADD( 6) = 0.113946D-01   QFC( 6) = 0.000000D+00 0.100000D+01 0.000000D+00
   THA( 7) = 0.590099D-05   THAD( 7) = 0.168559D-02   THADD( 7) = 0.240567D+00   QFC( 7) = 0.930877D-07-0.571231D-16 0.100000D+01
   THA( 8) = 0.174193D-02   THAD( 8) = 0.497694D+00   THADD( 8) = 0.710992D+02   QFC( 8) = 0.100000D+01 0.915236D-05 0.346378D-03
   THA( 9) =-0.771912D-06   THAD( 9) =-0.220471D-03   THADD( 9) =-0.314525D-01   QFC( 9) = 0.100647D-05 0.999570D+00-0.293174D-01
   THA(10) =-0.200966D-06   THAD(10) =-0.861281D-04   THADD(10) =-0.246080D-01   QFC(10) =-0.346497D-03 0.293174D-01 0.999570D+00
1 TIME =     0.80000D-02

  CENTER OF MASS =   0.99105252D+00  -0.29418114D-06   0.52899079D-08

   TOTAL SYSTEM MASS =   0.21098000D+03

                            0.51500000D+03   0.31169441D-03  -0.55996822D-05
  SYSTEM INERTIA TENSOR =   0.31169441D-03   0.26320759D+04  -0.62714146D-11
                           -0.55996822D-05  -0.62714146D-11   0.26320759D+04
  
  ANGULAR MOMENTUM =       0.21618055D+04

   HBODY    =    0.21572320D+04   0.14049212D+03  -0.38549352D+01
   HINERT   =    0.21572320D+04   0.14054524D+03   0.40403223D-04

  LINEAR MOMENTUM =       0.12044756D+03

   LBODY    =    0.12000410D+03  -0.34607901D+00  -0.10320506D+02

  KINETIC ENERGY =       0.45557128D+04

   BODY  1    ROMC =   0.41888000D+01   0.49481620D-01  -0.13299537D-02   FOMC =   0.41888000D+01   0.49481620D-01  -0.13299537D-02
              ACC =   -0.64543483D-05  -0.45946759D-02  -0.16620351D+00
              ETC =   -0.11701857D-01   0.23687481D+01   0.10675025D+03   PHI =    0.00000000D+00   0.00000000D+00   0.00000000D+00
              CAC =    0.00000000D+00   0.00000000D+00   0.00000000D+00   CBC =    0.22751748D-02  -0.99039408D-06   0.63451420D-06
              POS =    0.22751748D-02  -0.99039408D-06   0.63451420D-06   VEL =    0.56879370D+00  -0.24874185D-03   0.12114794D-03
              XMC =    0.10000000D+01   0.00000000D+00   0.00000000D+00   XIC =    0.48187000D+03   0.00000000D+00   0.00000000D+00
              XMC =    0.00000000D+00   0.10000000D+01   0.00000000D+00   XIC =    0.00000000D+00   0.16649000D+04   0.00000000D+00
              XMC =    0.00000000D+00   0.00000000D+00   0.10000000D+01   XIC =    0.00000000D+00   0.00000000D+00   0.16649000D+04
               HB =    0.20184570D+04   0.82381964D+02  -0.22142403D+01    TK =    0.42569683D+04
               LM =    0.96598234D+02  -0.42243829D-01   0.20574554D-01

   BODY  2    ROMC =  -0.51684449D-09   0.58919459D-04   0.21923422D-02   FOMC =   0.41888000D+01   0.49540540D-01   0.86238851D-03
              ACC =   -0.25834307D-06   0.14725343D-01   0.27370754D+00
              ETC =   -0.15596490D-02   0.14981325D+00   0.25904861D+01   PHI =    0.00000000D+00   0.00000000D+00   0.00000000D+00
              CAC =   -0.18600000D+00  -0.16316015D-05   0.29227642D-07   CBC =    0.71150000D+01   0.00000000D+00   0.00000000D+00
              POS =    0.69312752D+01  -0.26219956D-05   0.66374184D-06   VEL =    0.56879371D+00  -0.98718890D-02  -0.34273287D+00
              XMC =    0.10000000D+01  -0.87720510D-05   0.15713786D-06   XIC =    0.12510000D+02   0.21316084D-04  -0.38184500D-06
              XMC =    0.87720510D-05   0.10000000D+01   0.13784213D-11   XIC =    0.21316084D-04   0.10080000D+02  -0.33495638D-11
              XMC =   -0.15713786D-06  -0.30881275D-29   0.10000000D+01   XIC =   -0.38184500D-06  -0.33495638D-11   0.10080000D+02
               HB =    0.52401903D+02   0.37415913D+02  -0.10546066D+01    TK =    0.11319016D+03
               LM =    0.88390542D+01  -0.15340915D+00  -0.53260689D+01

   BODY  3    ROMC =   0.26762594D-09   0.52098303D-04   0.19261046D-02   FOMC =   0.41888000D+01   0.49533718D-01   0.59615087D-03
              ACC =    0.13375816D-06   0.13020418D-01   0.24046182D+00
              ETC =   -0.23037561D-02   0.23097436D+00   0.42700981D+01   PHI =    0.51684449D-10  -0.58919459D-05  -0.21923422D-03
              CAC =   -0.18600000D+00  -0.14334732D-05   0.25844093D-07   CBC =    0.41460000D+01   0.00000000D+00   0.00000000D+00
              POS =    0.39622752D+01  -0.24238673D-05   0.66035829D-06   VEL =    0.56879370D+00  -0.58737221D-02  -0.19582238D+00
              XMC =    0.10000000D+01  -0.77068453D-05   0.13894674D-06   XIC =    0.20620000D+02   0.30827381D-04  -0.55578694D-06
              XMC =    0.77068453D-05   0.10000000D+01  -0.65247911D-16   XIC =    0.30827381D-04   0.16620000D+02  -0.42833640D-11
              XMC =   -0.13894674D-06   0.10709062D-11   0.10000000D+01   XIC =   -0.55578694D-06  -0.42833640D-11   0.16620000D+02
               HB =    0.86373069D+02   0.20694244D+02  -0.58608829D+00    TK =    0.18555435D+03
               LM =    0.14566807D+02  -0.15042602D+00  -0.50150112D+01

   ORIGIN    FOMC =    0.00000000D+00   0.00000000D+00   0.00000000D+00   ACC =    0.71099215D+02  -0.31507306D-01   0.10878230D-02
              ETC =    0.15000512D+05   0.24160934D-02   0.12997089D+00   PHI =    0.15000000D+05   0.00000000D+00   0.00000000D+00
              CBC =    0.99332769D+00  -0.12845752D-05   0.63980411D-06
              XMC =    0.99999992D+00   0.13145597D-05  -0.39599572D-03
              XMC =    0.11953670D-04   0.99943858D+00   0.33504126D-01
              XMC =    0.39581744D-03  -0.33504128D-01   0.99943850D+00
  
   THA( 1) = 0.395996D-03   THAD( 1) = 0.494984D-01   THADD( 1) =-0.400164D-03   QFC( 1) = 0.131456D-05 0.999439D+00-0.335041D-01
   THA( 2) = 0.131456D-05   THAD( 2) = 0.328632D-03   THADD( 2) = 0.410747D-01   QFC( 2) = 0.000000D+00 0.335041D-01 0.999439D+00
   THA( 3) = 0.335104D-01   THAD( 3) = 0.418880D+01   THADD( 3) =-0.227206D-04   QFC( 3) = 0.100000D+01 0.000000D+00 0.000000D+00
   THA( 4) = 0.877205D-05   THAD( 4) = 0.219234D-02   THADD( 4) = 0.273708D+00   QFC( 4) = 0.000000D+00 0.000000D+00 0.100000D+01
   THA( 5) = 0.157138D-06   THAD( 5) = 0.589195D-04   THADD( 5) = 0.147253D-01   QFC( 5) =-0.877205D-05 0.100000D+01-0.308813D-29
   THA( 6) = 0.138947D-06   THAD( 6) = 0.520983D-04   THADD( 6) = 0.130204D-01   QFC( 6) = 0.000000D+00 0.100000D+01 0.000000D+00
   THA( 7) = 0.770685D-05   THAD( 7) = 0.192610D-02   THADD( 7) = 0.240462D+00   QFC( 7) = 0.138947D-06-0.652479D-16 0.100000D+01
   THA( 8) = 0.227517D-02   THAD( 8) = 0.568794D+00   THADD( 8) = 0.710992D+02   QFC( 8) = 0.100000D+01 0.119537D-04 0.395817D-03
   THA( 9) =-0.100811D-05   THAD( 9) =-0.251913D-03   THADD( 9) =-0.314326D-01   QFC( 9) = 0.131456D-05 0.999439D+00-0.335041D-01
   THA(10) =-0.299984D-06   THAD(10) =-0.112494D-03   THADD(10) =-0.281234D-01   QFC(10) =-0.395996D-03 0.335041D-01 0.999439D+00
1 TIME =     0.90000D-02

  CENTER OF MASS =   0.99105252D+00  -0.37229226D-06   0.75315408D-08

   TOTAL SYSTEM MASS =   0.21098000D+03

                            0.51500000D+03   0.39445579D-03  -0.79725865D-05
  SYSTEM INERTIA TENSOR =   0.39445579D-03   0.26320759D+04  -0.11299793D-10
                           -0.79725865D-05  -0.11299793D-10   0.26320759D+04
  
  ANGULAR MOMENTUM =       0.21618055D+04

   HBODY    =    0.21572320D+04   0.14047802D+03  -0.43366447D+01
   HINERT   =    0.21572320D+04   0.14054525D+03   0.57550297D-04

  LINEAR MOMENTUM =       0.13539847D+03

   LBODY    =    0.13500461D+03  -0.38911305D+00  -0.10312657D+02

  KINETIC ENERGY =       0.45647780D+04

   BODY  1    ROMC =   0.41888000D+01   0.49476738D-01  -0.14961492D-02   FOMC =   0.41888000D+01   0.49476738D-01  -0.14961492D-02
              ACC =   -0.72602004D-05  -0.51688457D-02  -0.16618730D+00
              ETC =   -0.13164044D-01   0.26647937D+01   0.10674156D+03   PHI =    0.00000000D+00   0.00000000D+00   0.00000000D+00
              CAC =    0.00000000D+00   0.00000000D+00   0.00000000D+00   CBC =    0.28795181D-02  -0.12473621D-05   0.90333782D-06
              POS =    0.28795181D-02  -0.12473621D-05   0.90333782D-06   VEL =    0.63989291D+00  -0.27881936D-03   0.15331119D-03
              XMC =    0.10000000D+01   0.00000000D+00   0.00000000D+00   XIC =    0.48187000D+03   0.00000000D+00   0.00000000D+00
              XMC =    0.00000000D+00   0.10000000D+01   0.00000000D+00   XIC =    0.00000000D+00   0.16649000D+04   0.00000000D+00
              XMC =    0.00000000D+00   0.00000000D+00   0.10000000D+01   XIC =    0.00000000D+00   0.00000000D+00   0.16649000D+04
               HB =    0.20184570D+04   0.82373845D+02  -0.24909397D+01    TK =    0.42642656D+04
               LM =    0.10867301D+03  -0.47351892D-01   0.26036839D-01

   BODY  2    ROMC =  -0.82775020D-09   0.74563859D-04   0.24659843D-02   FOMC =   0.41888000D+01   0.49551302D-01   0.96983503D-03
              ACC =   -0.36774633D-06   0.16563309D-01   0.27357402D+00
              ETC =   -0.17539208D-02   0.16852116D+00   0.25895814D+01   PHI =    0.00000000D+00   0.00000000D+00   0.00000000D+00
              CAC =   -0.18600000D+00  -0.20648279D-05   0.41613102D-07   CBC =    0.71150000D+01   0.00000000D+00   0.00000000D+00
              POS =    0.69318795D+01  -0.33121900D-05   0.94495092D-06   VEL =    0.63989291D+00  -0.11104485D-01  -0.34266579D+00
              XMC =    0.10000000D+01  -0.11101225D-04   0.22372635D-06   XIC =    0.12510000D+02   0.26975978D-04  -0.54365504D-06
              XMC =    0.11101225D-04   0.10000000D+01   0.24836367D-11   XIC =    0.26975978D-04   0.10080000D+02  -0.60352371D-11
              XMC =   -0.22372635D-06  -0.30881275D-29   0.10000000D+01   XIC =   -0.54365504D-06  -0.60352371D-11   0.10080000D+02
               HB =    0.52401907D+02   0.37412041D+02  -0.11863841D+01    TK =    0.11385774D+03
               LM =    0.99439359D+01  -0.17256369D+00  -0.53250264D+01

   BODY  3    ROMC =   0.42859190D-09   0.65931337D-04   0.21665080D-02   FOMC =   0.41888000D+01   0.49542670D-01   0.67035875D-03
              ACC =    0.19038685D-06   0.14645516D-01   0.24034277D+00
              ETC =   -0.25920608D-02   0.25981717D+00   0.42687034D+01   PHI =    0.82775020D-10  -0.74563859D-05  -0.24659843D-03
              CAC =   -0.18600000D+00  -0.18140880D-05   0.36795661D-07   CBC =    0.41460000D+01   0.00000000D+00   0.00000000D+00
              POS =    0.39628795D+01  -0.30614501D-05   0.94013348D-06   VEL =    0.63989291D+00  -0.66066950D-02  -0.19576991D+00
              XMC =    0.10000000D+01  -0.97531614D-05   0.19782613D-06   XIC =    0.20620000D+02   0.39012646D-04  -0.79130453D-06
              XMC =    0.97531614D-05   0.10000000D+01  -0.73358193D-16   XIC =    0.39012646D-04   0.16620000D+02  -0.77177208D-11
              XMC =   -0.19782613D-06   0.19295036D-11   0.10000000D+01   XIC =   -0.79130453D-06  -0.77177208D-11   0.16620000D+02
               HB =    0.86373073D+02   0.20692138D+02  -0.65932093D+00    TK =    0.18665463D+03
               LM =    0.16387658D+02  -0.16919746D+00  -0.50136674D+01

   ORIGIN    FOMC =    0.00000000D+00   0.00000000D+00   0.00000000D+00   ACC =    0.71099215D+02  -0.31504583D-01   0.12237684D-02
              ETC =    0.15000512D+05   0.30576123D-02   0.14619906D+00   PHI =    0.15000000D+05   0.00000000D+00   0.00000000D+00
              CBC =    0.99393203D+00  -0.16196544D-05   0.91086936D-06
              XMC =    0.99999990D+00   0.16637284D-05  -0.44549391D-03
              XMC =    0.15128240D-04   0.99928947D+00   0.37690267D-01
              XMC =    0.44524008D-03  -0.37690270D-01   0.99928937D+00
  
   THA( 1) = 0.445494D-03   THAD( 1) = 0.494980D-01   THADD( 1) =-0.450151D-03   QFC( 1) = 0.166373D-05 0.999289D+00-0.376903D-01
   THA( 2) = 0.166373D-05   THAD( 2) = 0.369705D-03   THADD( 2) = 0.410731D-01   QFC( 2) = 0.000000D+00 0.376903D-01 0.999289D+00
   THA( 3) = 0.376992D-01   THAD( 3) = 0.418880D+01   THADD( 3) =-0.255591D-04   QFC( 3) = 0.100000D+01 0.000000D+00 0.000000D+00
   THA( 4) = 0.111012D-04   THAD( 4) = 0.246598D-02   THADD( 4) = 0.273574D+00   QFC( 4) = 0.000000D+00 0.000000D+00 0.100000D+01
   THA( 5) = 0.223726D-06   THAD( 5) = 0.745639D-04   THADD( 5) = 0.165633D-01   QFC( 5) =-0.111012D-04 0.100000D+01-0.308813D-29
   THA( 6) = 0.197826D-06   THAD( 6) = 0.659313D-04   THADD( 6) = 0.146455D-01   QFC( 6) = 0.000000D+00 0.100000D+01 0.000000D+00
   THA( 7) = 0.975316D-05   THAD( 7) = 0.216651D-02   THADD( 7) = 0.240343D+00   QFC( 7) = 0.197826D-06-0.733582D-16 0.100000D+01
   THA( 8) = 0.287952D-02   THAD( 8) = 0.639893D+00   THADD( 8) = 0.710992D+02   QFC( 8) = 0.100000D+01 0.151282D-04 0.445240D-03
   THA( 9) =-0.127573D-05   THAD( 9) =-0.283335D-03   THADD( 9) =-0.314100D-01   QFC( 9) = 0.166373D-05 0.999289D+00-0.376903D-01
   THA(10) =-0.427125D-06   THAD(10) =-0.142375D-03   THADD(10) =-0.316388D-01   QFC(10) =-0.445494D-03 0.376903D-01 0.999289D+00
1 TIME =     0.10000D-01

  CENTER OF MASS =   0.99105252D+00  -0.45957772D-06   0.10330753D-07

   TOTAL SYSTEM MASS =   0.21098000D+03

                            0.51500000D+03   0.48693775D-03  -0.10935723D-04
  SYSTEM INERTIA TENSOR =   0.48693775D-03   0.26320759D+04  -0.19133465D-10
                           -0.10935723D-04  -0.19133465D-10   0.26320759D+04
  
  ANGULAR MOMENTUM =       0.21618055D+04

   HBODY    =    0.21572320D+04   0.14046227D+03  -0.48182988D+01
   HINERT   =    0.21572320D+04   0.14054526D+03   0.78979501D-04

  LINEAR MOMENTUM =       0.15035921D+03

   LBODY    =    0.15000512D+03  -0.43206740D+00  -0.10303887D+02

  KINETIC ENERGY =       0.45749096D+04

   BODY  1    ROMC =   0.41888000D+01   0.49471283D-01  -0.16623276D-02   FOMC =   0.41888000D+01   0.49471283D-01  -0.16623276D-02
              ACC =   -0.80657221D-05  -0.57429573D-02  -0.16616918D+00
              ETC =   -0.14626041D-01   0.29608222D+01   0.10673184D+03   PHI =    0.00000000D+00   0.00000000D+00   0.00000000D+00
              CAC =    0.00000000D+00   0.00000000D+00   0.00000000D+00   CBC =    0.35549605D-02  -0.15315296D-05   0.12389911D-05
              POS =    0.35549605D-02  -0.15315296D-05   0.12389911D-05   VEL =    0.71099212D+00  -0.30853864D-03   0.18925007D-03
              XMC =    0.10000000D+01   0.00000000D+00   0.00000000D+00   XIC =    0.48187000D+03   0.00000000D+00   0.00000000D+00
              XMC =    0.00000000D+00   0.10000000D+01   0.00000000D+00   XIC =    0.00000000D+00   0.16649000D+04   0.00000000D+00
              XMC =    0.00000000D+00   0.00000000D+00   0.10000000D+01   XIC =    0.00000000D+00   0.00000000D+00   0.16649000D+04
               HB =    0.20184570D+04   0.82364774D+02  -0.27676106D+01    TK =    0.42724214D+04
               LM =    0.12074779D+03  -0.52399116D-01   0.32140339D-01

   BODY  2    ROMC =  -0.12613925D-08   0.92045758D-04   0.27394850D-02   FOMC =   0.41888000D+01   0.49563328D-01   0.10771573D-02
              ACC =   -0.50431546D-06   0.18400321D-01   0.27342480D+00
              ETC =   -0.19479514D-02   0.18722245D+00   0.25885702D+01   PHI =    0.00000000D+00   0.00000000D+00   0.00000000D+00
              CAC =   -0.18600000D+00  -0.25489389D-05   0.57079323D-07   CBC =    0.71150000D+01   0.00000000D+00   0.00000000D+00
              POS =    0.69325550D+01  -0.40804684D-05   0.12960705D-05   VEL =    0.71099212D+00  -0.12336590D-01  -0.34259082D+00
              XMC =    0.10000000D+01  -0.13703972D-04   0.30687808D-06   XIC =    0.12510000D+02   0.33300653D-04  -0.74571373D-06
              XMC =    0.13703972D-04   0.10000000D+01   0.42054487D-11   XIC =    0.33300653D-04   0.10080000D+02  -0.10219240D-10
              XMC =   -0.30687808D-06  -0.30881275D-29   0.10000000D+01   XIC =   -0.74571373D-06  -0.10219240D-10   0.10080000D+02
               HB =    0.52401911D+02   0.37407714D+02  -0.13181446D+01    TK =    0.11460385D+03
               LM =    0.11048818D+02  -0.19171061D+00  -0.53238614D+01

   BODY  3    ROMC =   0.65308358D-09   0.81389049D-04   0.24067855D-02   FOMC =   0.41888000D+01   0.49552672D-01   0.74445784D-03
              ACC =    0.26106717D-06   0.16269757D-01   0.24020991D+00
              ETC =   -0.28804844D-02   0.28864993D+00   0.42671482D+01   PHI =    0.12613925D-09  -0.92045758D-05  -0.27394850D-03
              CAC =   -0.18600000D+00  -0.22394064D-05   0.50471281D-07   CBC =    0.41460000D+01   0.00000000D+00   0.00000000D+00
              POS =    0.39635550D+01  -0.37709359D-05   0.12894624D-05   VEL =    0.71099212D+00  -0.73392296D-02  -0.19571127D+00
              XMC =    0.10000000D+01  -0.12039819D-04   0.27135097D-06   XIC =    0.20620000D+02   0.48159277D-04  -0.10854039D-05
              XMC =    0.12039819D-04   0.10000000D+01  -0.81452093D-16   XIC =    0.48159277D-04   0.16620000D+02  -0.13068067D-10
              XMC =   -0.27135097D-06   0.32670981D-11   0.10000000D+01   XIC =   -0.10854039D-05  -0.13068067D-10   0.16620000D+02
               HB =    0.86373077D+02   0.20689785D+02  -0.73254355D+00    TK =    0.18788436D+03
               LM =    0.18208508D+02  -0.18795767D+00  -0.50121656D+01

   ORIGIN    FOMC =    0.00000000D+00   0.00000000D+00   0.00000000D+00   ACC =    0.71099214D+02  -0.31501536D-01   0.13597022D-02
              ETC =    0.15000512D+05   0.37744779D-02   0.16242084D+00   PHI =    0.15000000D+05   0.00000000D+00   0.00000000D+00
              CBC =    0.99460748D+00  -0.19911073D-05   0.12493219D-05
              XMC =    0.99999988D+00   0.20539701D-05  -0.49499164D-03
              XMC =    0.18675979D-04   0.99912283D+00   0.41875747D-01
              XMC =    0.49464346D-03  -0.41875751D-01   0.99912270D+00
  
   THA( 1) = 0.494992D-03   THAD( 1) = 0.494975D-01   THADD( 1) =-0.500126D-03   QFC( 1) = 0.205397D-05 0.999123D+00-0.418758D-01
   THA( 2) = 0.205397D-05   THAD( 2) = 0.410778D-03   THADD( 2) = 0.410712D-01   QFC( 2) = 0.000000D+00 0.418758D-01 0.999123D+00
   THA( 3) = 0.418880D-01   THAD( 3) = 0.418880D+01   THADD( 3) =-0.283972D-04   QFC( 3) = 0.100000D+01 0.000000D+00 0.000000D+00
   THA( 4) = 0.137040D-04   THAD( 4) = 0.273948D-02   THADD( 4) = 0.273425D+00   QFC( 4) = 0.000000D+00 0.000000D+00 0.100000D+01
   THA( 5) = 0.306878D-06   THAD( 5) = 0.920458D-04   THADD( 5) = 0.184003D-01   QFC( 5) =-0.137040D-04 0.100000D+01-0.308813D-29
   THA( 6) = 0.271351D-06   THAD( 6) = 0.813890D-04   THADD( 6) = 0.162698D-01   QFC( 6) = 0.000000D+00 0.100000D+01 0.000000D+00
   THA( 7) = 0.120398D-04   THAD( 7) = 0.240679D-02   THADD( 7) = 0.240210D+00   QFC( 7) = 0.271351D-06-0.814521D-16 0.100000D+01
   THA( 8) = 0.355496D-02   THAD( 8) = 0.710992D+00   THADD( 8) = 0.710992D+02   QFC( 8) = 0.100000D+01 0.186760D-04 0.494643D-03
   THA( 9) =-0.157477D-05   THAD( 9) =-0.314733D-03   THADD( 9) =-0.313848D-01   QFC( 9) = 0.205397D-05 0.999123D+00-0.418758D-01
   THA(10) =-0.585906D-06   THAD(10) =-0.175771D-03   THADD(10) =-0.351542D-01   QFC(10) =-0.494992D-03 0.418757D-01 0.999123D+00
